<?xml version="1.0" encoding="UTF-8"?>
<coverage generated="1789842235913" clover="3.2.0">
  <project timestamp="1789842235913" name="All files">
    <metrics statements="915" coveredstatements="597" conditionals="971" coveredconditionals="490" methods="277" coveredmethods="163" elements="2163" coveredelements="1250" complexity="0" loc="915" ncloc="915" packages="13" files="50" classes="50"/>
    <package name="cuervo-pass">
      <metrics statements="1" coveredstatements="1" conditionals="0" coveredconditionals="0" methods="0" coveredmethods="0"/>
      <file name="jest.cssMock.js" path="/home/damianml/cuervo-pass/jest.cssMock.js">
        <metrics statements="1" coveredstatements="1" conditionals="0" coveredconditionals="0" methods="0" coveredmethods="0"/>
        <line num="1" count="9" type="stmt"/>
      </file>
    </package>
    <package name="cuervo-pass.src.app">
      <metrics statements="37" coveredstatements="25" conditionals="26" coveredconditionals="10" methods="19" coveredmethods="12"/>
      <file name="_layout.tsx" path="/home/damianml/cuervo-pass/src/app/_layout.tsx">
        <metrics statements="20" coveredstatements="9" conditionals="16" coveredconditionals="1" methods="9" coveredmethods="3"/>
        <line num="19" count="1" type="stmt"/>
        <line num="33" count="0" type="cond" truecount="0" falsecount="2"/>
        <line num="34" count="0" type="stmt"/>
        <line num="54" count="0" type="stmt"/>
        <line num="55" count="0" type="stmt"/>
        <line num="56" count="0" type="cond" truecount="0" falsecount="2"/>
        <line num="58" count="0" type="stmt"/>
        <line num="66" count="0" type="stmt"/>
        <line num="69" count="0" type="cond" truecount="0" falsecount="4"/>
        <line num="72" count="0" type="cond" truecount="0" falsecount="4"/>
        <line num="74" count="0" type="stmt"/>
        <line num="85" count="0" type="stmt"/>
        <line num="143" count="6" type="stmt"/>
        <line num="145" count="6" type="stmt"/>
        <line num="146" count="6" type="stmt"/>
        <line num="149" count="6" type="stmt"/>
        <line num="150" count="2" type="cond" truecount="1" falsecount="1"/>
        <line num="151" count="2" type="stmt"/>
        <line num="157" count="6" type="stmt"/>
        <line num="183" count="1" type="stmt"/>
      </file>
      <file name="aviso-privacidad.tsx" path="/home/damianml/cuervo-pass/src/app/aviso-privacidad.tsx">
        <metrics statements="17" coveredstatements="16" conditionals="10" coveredconditionals="9" methods="10" coveredmethods="9"/>
        <line num="21" count="91" type="stmt"/>
        <line num="22" count="91" type="stmt"/>
        <line num="25" count="195" type="cond" truecount="2" falsecount="0"/>
        <line num="38" count="64" type="cond" truecount="5" falsecount="0"/>
        <line num="40" count="34" type="stmt"/>
        <line num="49" count="13" type="stmt"/>
        <line num="56" count="10" type="stmt"/>
        <line num="59" count="36" type="stmt"/>
        <line num="74" count="5" type="stmt"/>
        <line num="77" count="21" type="stmt"/>
        <line num="88" count="2" type="stmt"/>
        <line num="91" count="0" type="stmt"/>
        <line num="95" count="2" type="cond" truecount="1" falsecount="1"/>
        <line num="105" count="1" type="stmt"/>
        <line num="116" count="10" type="stmt"/>
        <line num="122" count="64" type="stmt"/>
        <line num="131" count="1" type="stmt"/>
      </file>
    </package>
    <package name="cuervo-pass.src.app.(auth)">
      <metrics statements="16" coveredstatements="10" conditionals="8" coveredconditionals="4" methods="4" coveredmethods="2"/>
      <file name="recuperar-contrasena.tsx" path="/home/damianml/cuervo-pass/src/app/(auth)/recuperar-contrasena.tsx">
        <metrics statements="16" coveredstatements="10" conditionals="8" coveredconditionals="4" methods="4" coveredmethods="2"/>
        <line num="18" count="1" type="stmt"/>
        <line num="22" count="2" type="stmt"/>
        <line num="23" count="2" type="stmt"/>
        <line num="24" count="2" type="stmt"/>
        <line num="25" count="2" type="stmt"/>
        <line num="30" count="2" type="stmt"/>
        <line num="32" count="2" type="stmt"/>
        <line num="33" count="0" type="stmt"/>
        <line num="34" count="0" type="stmt"/>
        <line num="35" count="0" type="stmt"/>
        <line num="36" count="0" type="stmt"/>
        <line num="37" count="0" type="stmt"/>
        <line num="42" count="2" type="stmt"/>
        <line num="67" count="2" type="stmt"/>
        <line num="104" count="0" type="stmt"/>
        <line num="121" count="1" type="stmt"/>
      </file>
    </package>
    <package name="cuervo-pass.src.app.(tabs)">
      <metrics statements="197" coveredstatements="110" conditionals="213" coveredconditionals="66" methods="50" coveredmethods="21"/>
      <file name="chats.tsx" path="/home/damianml/cuervo-pass/src/app/(tabs)/chats.tsx">
        <metrics statements="31" coveredstatements="23" conditionals="36" coveredconditionals="7" methods="12" coveredmethods="5"/>
        <line num="28" count="2" type="stmt"/>
        <line num="29" count="2" type="stmt"/>
        <line num="30" count="2" type="stmt"/>
        <line num="31" count="2" type="stmt"/>
        <line num="32" count="2" type="stmt"/>
        <line num="33" count="2" type="stmt"/>
        <line num="38" count="2" type="stmt"/>
        <line num="40" count="1" type="stmt"/>
        <line num="41" count="1" type="cond" truecount="1" falsecount="1"/>
        <line num="42" count="1" type="stmt"/>
        <line num="43" count="1" type="cond" truecount="1" falsecount="1"/>
        <line num="44" count="1" type="stmt"/>
        <line num="45" count="1" type="stmt"/>
        <line num="46" count="1" type="cond" truecount="1" falsecount="1"/>
        <line num="47" count="1" type="stmt"/>
        <line num="49" count="0" type="stmt"/>
        <line num="51" count="1" type="cond" truecount="1" falsecount="1"/>
        <line num="57" count="2" type="stmt"/>
        <line num="59" count="1" type="stmt"/>
        <line num="63" count="2" type="stmt"/>
        <line num="64" count="1" type="stmt"/>
        <line num="69" count="2" type="stmt"/>
        <line num="71" count="2" type="stmt"/>
        <line num="92" count="0" type="stmt"/>
        <line num="97" count="0" type="stmt"/>
        <line num="99" count="0" type="cond" truecount="0" falsecount="2"/>
        <line num="100" count="0" type="cond" truecount="0" falsecount="2"/>
        <line num="101" count="0" type="stmt"/>
        <line num="103" count="0" type="stmt"/>
        <line num="104" count="0" type="cond" truecount="0" falsecount="2"/>
        <line num="173" count="1" type="stmt"/>
      </file>
      <file name="perfil.tsx" path="/home/damianml/cuervo-pass/src/app/(tabs)/perfil.tsx">
        <metrics statements="69" coveredstatements="37" conditionals="98" coveredconditionals="45" methods="14" coveredmethods="8"/>
        <line num="37" count="10" type="stmt"/>
        <line num="38" count="10" type="stmt"/>
        <line num="39" count="10" type="stmt"/>
        <line num="40" count="10" type="stmt"/>
        <line num="41" count="10" type="stmt"/>
        <line num="42" count="10" type="stmt"/>
        <line num="44" count="10" type="stmt"/>
        <line num="45" count="10" type="stmt"/>
        <line num="46" count="10" type="stmt"/>
        <line num="47" count="10" type="stmt"/>
        <line num="48" count="10" type="stmt"/>
        <line num="53" count="10" type="stmt"/>
        <line num="54" count="10" type="cond" truecount="2" falsecount="0"/>
        <line num="55" count="5" type="stmt"/>
        <line num="56" count="5" type="cond" truecount="1" falsecount="1"/>
        <line num="59" count="10" type="stmt"/>
        <line num="60" count="5" type="cond" truecount="1" falsecount="1"/>
        <line num="65" count="10" type="stmt"/>
        <line num="66" count="10" type="cond" truecount="1" falsecount="1"/>
        <line num="68" count="10" type="stmt"/>
        <line num="69" count="0" type="cond" truecount="0" falsecount="2"/>
        <line num="70" count="0" type="stmt"/>
        <line num="71" count="0" type="stmt"/>
        <line num="72" count="0" type="cond" truecount="0" falsecount="2"/>
        <line num="73" count="0" type="stmt"/>
        <line num="74" count="0" type="stmt"/>
        <line num="76" count="0" type="stmt"/>
        <line num="82" count="0" type="cond" truecount="0" falsecount="2"/>
        <line num="84" count="0" type="stmt"/>
        <line num="85" count="0" type="stmt"/>
        <line num="86" count="0" type="stmt"/>
        <line num="87" count="0" type="stmt"/>
        <line num="89" count="0" type="cond" truecount="0" falsecount="2"/>
        <line num="91" count="0" type="stmt"/>
        <line num="95" count="10" type="stmt"/>
        <line num="96" count="0" type="cond" truecount="0" falsecount="2"/>
        <line num="97" count="0" type="stmt"/>
        <line num="98" count="0" type="stmt"/>
        <line num="99" count="0" type="stmt"/>
        <line num="100" count="0" type="stmt"/>
        <line num="102" count="0" type="cond" truecount="0" falsecount="2"/>
        <line num="104" count="0" type="stmt"/>
        <line num="112" count="10" type="stmt"/>
        <line num="113" count="0" type="stmt"/>
        <line num="114" count="0" type="stmt"/>
        <line num="115" count="0" type="stmt"/>
        <line num="116" count="0" type="stmt"/>
        <line num="121" count="0" type="cond" truecount="0" falsecount="2"/>
        <line num="123" count="0" type="stmt"/>
        <line num="129" count="10" type="stmt"/>
        <line num="130" count="5" type="stmt"/>
        <line num="139" count="2" type="stmt"/>
        <line num="140" count="2" type="stmt"/>
        <line num="141" count="1" type="stmt"/>
        <line num="143" count="1" type="cond" truecount="1" falsecount="1"/>
        <line num="151" count="10" type="stmt"/>
        <line num="152" count="0" type="stmt"/>
        <line num="153" count="0" type="stmt"/>
        <line num="156" count="10" type="cond" truecount="1" falsecount="1"/>
        <line num="157" count="0" type="stmt"/>
        <line num="167" count="10" type="cond" truecount="1" falsecount="1"/>
        <line num="168" count="10" type="cond" truecount="1" falsecount="1"/>
        <line num="170" count="10" type="cond" truecount="3" falsecount="1"/>
        <line num="174" count="10" type="stmt"/>
        <line num="195" count="5" type="cond" truecount="1" falsecount="1"/>
        <line num="266" count="0" type="stmt"/>
        <line num="397" count="0" type="stmt"/>
        <line num="437" count="5" type="stmt"/>
        <line num="457" count="1" type="stmt"/>
      </file>
      <file name="publicaciones.tsx" path="/home/damianml/cuervo-pass/src/app/(tabs)/publicaciones.tsx">
        <metrics statements="43" coveredstatements="22" conditionals="46" coveredconditionals="5" methods="14" coveredmethods="4"/>
        <line num="30" count="2" type="stmt"/>
        <line num="31" count="2" type="stmt"/>
        <line num="32" count="2" type="stmt"/>
        <line num="33" count="2" type="stmt"/>
        <line num="34" count="2" type="stmt"/>
        <line num="35" count="2" type="stmt"/>
        <line num="37" count="2" type="stmt"/>
        <line num="38" count="1" type="cond" truecount="1" falsecount="1"/>
        <line num="39" count="1" type="stmt"/>
        <line num="40" count="1" type="stmt"/>
        <line num="41" count="1" type="stmt"/>
        <line num="45" count="1" type="stmt"/>
        <line num="46" count="1" type="stmt"/>
        <line num="51" count="1" type="stmt"/>
        <line num="52" count="1" type="cond" truecount="1" falsecount="1"/>
        <line num="53" count="0" type="stmt"/>
        <line num="56" count="0" type="stmt"/>
        <line num="58" count="1" type="stmt"/>
        <line num="63" count="2" type="stmt"/>
        <line num="65" count="1" type="stmt"/>
        <line num="69" count="2" type="stmt"/>
        <line num="71" count="2" type="stmt"/>
        <line num="72" count="0" type="stmt"/>
        <line num="73" count="0" type="stmt"/>
        <line num="84" count="0" type="stmt"/>
        <line num="85" count="0" type="stmt"/>
        <line num="89" count="0" type="stmt"/>
        <line num="96" count="0" type="stmt"/>
        <line num="103" count="2" type="stmt"/>
        <line num="117" count="0" type="stmt"/>
        <line num="134" count="0" type="stmt"/>
        <line num="138" count="0" type="cond" truecount="0" falsecount="2"/>
        <line num="139" count="0" type="stmt"/>
        <line num="140" count="0" type="cond" truecount="0" falsecount="2"/>
        <line num="143" count="0" type="cond" truecount="0" falsecount="2"/>
        <line num="144" count="0" type="cond" truecount="0" falsecount="2"/>
        <line num="145" count="0" type="stmt"/>
        <line num="147" count="0" type="stmt"/>
        <line num="158" count="0" type="stmt"/>
        <line num="167" count="0" type="stmt"/>
        <line num="192" count="0" type="stmt"/>
        <line num="204" count="0" type="stmt"/>
        <line num="236" count="1" type="stmt"/>
      </file>
      <file name="roomies.tsx" path="/home/damianml/cuervo-pass/src/app/(tabs)/roomies.tsx">
        <metrics statements="54" coveredstatements="28" conditionals="33" coveredconditionals="9" methods="10" coveredmethods="4"/>
        <line num="28" count="2" type="stmt"/>
        <line num="29" count="2" type="stmt"/>
        <line num="30" count="2" type="stmt"/>
        <line num="31" count="2" type="stmt"/>
        <line num="32" count="2" type="stmt"/>
        <line num="33" count="2" type="stmt"/>
        <line num="34" count="2" type="stmt"/>
        <line num="35" count="2" type="stmt"/>
        <line num="36" count="2" type="stmt"/>
        <line num="38" count="2" type="stmt"/>
        <line num="39" count="1" type="stmt"/>
        <line num="40" count="1" type="cond" truecount="1" falsecount="1"/>
        <line num="41" count="1" type="stmt"/>
        <line num="42" count="1" type="stmt"/>
        <line num="43" count="1" type="stmt"/>
        <line num="44" count="1" type="stmt"/>
        <line num="45" count="1" type="stmt"/>
        <line num="46" count="1" type="cond" truecount="2" falsecount="0"/>
        <line num="47" count="1" type="stmt"/>
        <line num="51" count="0" type="stmt"/>
        <line num="52" count="0" type="stmt"/>
        <line num="54" count="1" type="stmt"/>
        <line num="58" count="2" type="stmt"/>
        <line num="60" count="1" type="stmt"/>
        <line num="64" count="2" type="stmt"/>
        <line num="66" count="2" type="stmt"/>
        <line num="67" count="0" type="stmt"/>
        <line num="68" count="0" type="cond" truecount="0" falsecount="2"/>
        <line num="69" count="0" type="cond" truecount="0" falsecount="4"/>
        <line num="70" count="0" type="stmt"/>
        <line num="74" count="0" type="stmt"/>
        <line num="76" count="0" type="stmt"/>
        <line num="77" count="0" type="stmt"/>
        <line num="78" count="0" type="stmt"/>
        <line num="79" count="0" type="stmt"/>
        <line num="83" count="0" type="stmt"/>
        <line num="85" count="0" type="stmt"/>
        <line num="86" count="0" type="stmt"/>
        <line num="90" count="0" type="stmt"/>
        <line num="92" count="0" type="stmt"/>
        <line num="96" count="2" type="stmt"/>
        <line num="97" count="0" type="stmt"/>
        <line num="98" count="0" type="cond" truecount="0" falsecount="5"/>
        <line num="99" count="0" type="stmt"/>
        <line num="100" count="0" type="stmt"/>
        <line num="103" count="0" type="stmt"/>
        <line num="107" count="0" type="stmt"/>
        <line num="109" count="0" type="stmt"/>
        <line num="113" count="2" type="cond" truecount="2" falsecount="0"/>
        <line num="115" count="2" type="stmt"/>
        <line num="119" count="0" type="stmt"/>
        <line num="191" count="0" type="stmt"/>
        <line num="196" count="0" type="stmt"/>
        <line num="220" count="1" type="stmt"/>
      </file>
    </package>
    <package name="cuervo-pass.src.app.perfil">
      <metrics statements="71" coveredstatements="46" conditionals="82" coveredconditionals="36" methods="16" coveredmethods="8"/>
      <file name="[usuarioId].tsx" path="/home/damianml/cuervo-pass/src/app/perfil/[usuarioId].tsx">
        <metrics statements="42" coveredstatements="20" conditionals="44" coveredconditionals="4" methods="11" coveredmethods="4"/>
        <line num="23" count="1" type="stmt"/>
        <line num="29" count="1" type="stmt"/>
        <line num="52" count="2" type="stmt"/>
        <line num="53" count="2" type="stmt"/>
        <line num="54" count="2" type="stmt"/>
        <line num="55" count="2" type="stmt"/>
        <line num="56" count="2" type="stmt"/>
        <line num="57" count="2" type="stmt"/>
        <line num="59" count="2" type="stmt"/>
        <line num="60" count="1" type="cond" truecount="1" falsecount="1"/>
        <line num="61" count="1" type="stmt"/>
        <line num="63" count="0" type="stmt"/>
        <line num="64" count="1" type="stmt"/>
        <line num="67" count="2" type="stmt"/>
        <line num="73" count="2" type="stmt"/>
        <line num="74" count="0" type="cond" truecount="0" falsecount="4"/>
        <line num="75" count="0" type="stmt"/>
        <line num="76" count="0" type="stmt"/>
        <line num="77" count="0" type="stmt"/>
        <line num="78" count="0" type="stmt"/>
        <line num="80" count="0" type="stmt"/>
        <line num="81" count="0" type="stmt"/>
        <line num="83" count="0" type="stmt"/>
        <line num="87" count="2" type="stmt"/>
        <line num="88" count="0" type="stmt"/>
        <line num="89" count="0" type="cond" truecount="0" falsecount="4"/>
        <line num="90" count="0" type="stmt"/>
        <line num="91" count="0" type="stmt"/>
        <line num="92" count="0" type="stmt"/>
        <line num="96" count="0" type="stmt"/>
        <line num="103" count="0" type="stmt"/>
        <line num="104" count="0" type="stmt"/>
        <line num="110" count="0" type="stmt"/>
        <line num="112" count="0" type="stmt"/>
        <line num="113" count="0" type="stmt"/>
        <line num="117" count="2" type="cond" truecount="2" falsecount="0"/>
        <line num="118" count="1" type="stmt"/>
        <line num="125" count="1" type="cond" truecount="1" falsecount="1"/>
        <line num="126" count="1" type="stmt"/>
        <line num="134" count="0" type="stmt"/>
        <line num="232" count="0" type="cond" truecount="0" falsecount="2"/>
        <line num="247" count="1" type="stmt"/>
      </file>
      <file name="preferencias.tsx" path="/home/damianml/cuervo-pass/src/app/perfil/preferencias.tsx">
        <metrics statements="29" coveredstatements="26" conditionals="38" coveredconditionals="32" methods="5" coveredmethods="4"/>
        <line num="33" count="5" type="stmt"/>
        <line num="34" count="5" type="stmt"/>
        <line num="35" count="5" type="stmt"/>
        <line num="36" count="5" type="stmt"/>
        <line num="37" count="5" type="stmt"/>
        <line num="38" count="5" type="stmt"/>
        <line num="40" count="5" type="stmt"/>
        <line num="41" count="5" type="cond" truecount="1" falsecount="1"/>
        <line num="43" count="5" type="cond" truecount="2" falsecount="0"/>
        <line num="44" count="5" type="stmt"/>
        <line num="46" count="5" type="stmt"/>
        <line num="47" count="5" type="cond" truecount="4" falsecount="0"/>
        <line num="48" count="4" type="stmt"/>
        <line num="49" count="4" type="stmt"/>
        <line num="50" count="4" type="cond" truecount="1" falsecount="1"/>
        <line num="52" count="0" type="stmt"/>
        <line num="56" count="5" type="stmt"/>
        <line num="57" count="5" type="stmt"/>
        <line num="70" count="5" type="stmt"/>
        <line num="94" count="5" type="stmt"/>
        <line num="95" count="5" type="cond" truecount="2" falsecount="0"/>
        <line num="96" count="3" type="stmt"/>
        <line num="97" count="3" type="stmt"/>
        <line num="99" count="2" type="stmt"/>
        <line num="102" count="5" type="cond" truecount="1" falsecount="1"/>
        <line num="103" count="0" type="stmt"/>
        <line num="113" count="5" type="stmt"/>
        <line num="163" count="0" type="stmt"/>
        <line num="175" count="1" type="stmt"/>
      </file>
    </package>
    <package name="cuervo-pass.src.app.publicacion">
      <metrics statements="63" coveredstatements="45" conditionals="75" coveredconditionals="38" methods="16" coveredmethods="9"/>
      <file name="[id].tsx" path="/home/damianml/cuervo-pass/src/app/publicacion/[id].tsx">
        <metrics statements="63" coveredstatements="45" conditionals="75" coveredconditionals="38" methods="16" coveredmethods="9"/>
        <line num="42" count="1" type="stmt"/>
        <line num="43" count="1" type="stmt"/>
        <line num="51" count="4" type="cond" truecount="1" falsecount="1"/>
        <line num="52" count="0" type="stmt"/>
        <line num="53" count="0" type="cond" truecount="0" falsecount="2"/>
        <line num="58" count="10" type="stmt"/>
        <line num="59" count="10" type="stmt"/>
        <line num="65" count="10" type="stmt"/>
        <line num="66" count="10" type="stmt"/>
        <line num="70" count="10" type="stmt"/>
        <line num="71" count="10" type="stmt"/>
        <line num="72" count="10" type="cond" truecount="2" falsecount="0"/>
        <line num="73" count="10" type="stmt"/>
        <line num="78" count="10" type="stmt"/>
        <line num="86" count="10" type="stmt"/>
        <line num="88" count="10" type="stmt"/>
        <line num="89" count="5" type="cond" truecount="1" falsecount="1"/>
        <line num="90" count="5" type="stmt"/>
        <line num="93" count="5" type="stmt"/>
        <line num="97" count="5" type="cond" truecount="1" falsecount="1"/>
        <line num="98" count="5" type="cond" truecount="2" falsecount="0"/>
        <line num="99" count="5" type="stmt"/>
        <line num="100" count="5" type="stmt"/>
        <line num="102" count="5" type="stmt"/>
        <line num="103" count="5" type="stmt"/>
        <line num="107" count="10" type="stmt"/>
        <line num="108" count="1" type="stmt"/>
        <line num="109" count="1" type="stmt"/>
        <line num="113" count="10" type="stmt"/>
        <line num="114" count="10" type="cond" truecount="1" falsecount="1"/>
        <line num="117" count="10" type="cond" truecount="2" falsecount="0"/>
        <line num="119" count="10" type="stmt"/>
        <line num="120" count="0" type="cond" truecount="0" falsecount="4"/>
        <line num="121" count="0" type="stmt"/>
        <line num="122" count="0" type="stmt"/>
        <line num="123" count="0" type="stmt"/>
        <line num="124" count="0" type="stmt"/>
        <line num="125" count="0" type="stmt"/>
        <line num="128" count="0" type="stmt"/>
        <line num="130" count="0" type="cond" truecount="0" falsecount="2"/>
        <line num="131" count="0" type="stmt"/>
        <line num="139" count="0" type="stmt"/>
        <line num="141" count="0" type="stmt"/>
        <line num="142" count="0" type="stmt"/>
        <line num="146" count="10" type="cond" truecount="2" falsecount="0"/>
        <line num="147" count="5" type="stmt"/>
        <line num="160" count="5" type="cond" truecount="2" falsecount="0"/>
        <line num="161" count="2" type="stmt"/>
        <line num="177" count="3" type="cond" truecount="2" falsecount="0"/>
        <line num="178" count="1" type="stmt"/>
        <line num="191" count="2" type="cond" truecount="2" falsecount="0"/>
        <line num="193" count="2" type="cond" truecount="3" falsecount="2"/>
        <line num="202" count="2" type="cond" truecount="2" falsecount="0"/>
        <line num="203" count="2" type="stmt"/>
        <line num="204" count="2" type="stmt"/>
        <line num="205" count="2" type="cond" truecount="1" falsecount="1"/>
        <line num="207" count="2" type="stmt"/>
        <line num="208" count="0" type="stmt"/>
        <line num="211" count="2" type="stmt"/>
        <line num="234" count="0" type="stmt"/>
        <line num="235" count="0" type="cond" truecount="0" falsecount="2"/>
        <line num="390" count="0" type="stmt"/>
        <line num="420" count="1" type="stmt"/>
      </file>
    </package>
    <package name="cuervo-pass.src.components">
      <metrics statements="185" coveredstatements="140" conditionals="223" coveredconditionals="145" methods="71" coveredmethods="51"/>
      <file name="BotonVerContacto.tsx" path="/home/damianml/cuervo-pass/src/components/BotonVerContacto.tsx">
        <metrics statements="13" coveredstatements="4" conditionals="8" coveredconditionals="1" methods="2" coveredmethods="1"/>
        <line num="29" count="2" type="stmt"/>
        <line num="31" count="2" type="stmt"/>
        <line num="32" count="0" type="cond" truecount="0" falsecount="2"/>
        <line num="33" count="0" type="stmt"/>
        <line num="34" count="0" type="stmt"/>
        <line num="35" count="0" type="stmt"/>
        <line num="36" count="0" type="stmt"/>
        <line num="41" count="0" type="stmt"/>
        <line num="43" count="0" type="cond" truecount="0" falsecount="2"/>
        <line num="44" count="0" type="stmt"/>
        <line num="50" count="0" type="stmt"/>
        <line num="54" count="2" type="stmt"/>
        <line num="82" count="1" type="stmt"/>
      </file>
      <file name="Campo.tsx" path="/home/damianml/cuervo-pass/src/components/Campo.tsx">
        <metrics statements="5" coveredstatements="5" conditionals="14" coveredconditionals="11" methods="1" coveredmethods="1"/>
        <line num="23" count="2" type="stmt"/>
        <line num="38" count="7" type="stmt"/>
        <line num="39" count="7" type="cond" truecount="3" falsecount="1"/>
        <line num="41" count="7" type="stmt"/>
        <line num="83" count="2" type="stmt"/>
      </file>
      <file name="CampoContrasena.tsx" path="/home/damianml/cuervo-pass/src/components/CampoContrasena.tsx">
        <metrics statements="6" coveredstatements="2" conditionals="6" coveredconditionals="0" methods="3" coveredmethods="0"/>
        <line num="27" count="2" type="stmt"/>
        <line num="31" count="0" type="stmt"/>
        <line num="32" count="0" type="stmt"/>
        <line num="34" count="0" type="stmt"/>
        <line num="55" count="0" type="stmt"/>
        <line num="72" count="2" type="stmt"/>
      </file>
      <file name="FichaPublicacion.tsx" path="/home/damianml/cuervo-pass/src/components/FichaPublicacion.tsx">
        <metrics statements="15" coveredstatements="13" conditionals="28" coveredconditionals="18" methods="4" coveredmethods="2"/>
        <line num="42" count="2" type="stmt"/>
        <line num="44" count="2" type="stmt"/>
        <line num="63" count="7" type="stmt"/>
        <line num="64" count="7" type="stmt"/>
        <line num="68" count="7" type="stmt"/>
        <line num="69" count="7" type="cond" truecount="1" falsecount="3"/>
        <line num="71" count="7" type="stmt"/>
        <line num="72" count="7" type="cond" truecount="1" falsecount="1"/>
        <line num="73" count="7" type="cond" truecount="1" falsecount="1"/>
        <line num="75" count="7" type="stmt"/>
        <line num="85" count="0" type="stmt"/>
        <line num="88" count="7" type="stmt"/>
        <line num="93" count="7" type="stmt"/>
        <line num="162" count="0" type="stmt"/>
        <line num="177" count="2" type="stmt"/>
      </file>
      <file name="FormularioPublicacion.tsx" path="/home/damianml/cuervo-pass/src/components/FormularioPublicacion.tsx">
        <metrics statements="131" coveredstatements="109" conditionals="136" coveredconditionals="104" methods="56" coveredmethods="45"/>
        <line num="23" count="3" type="stmt"/>
        <line num="25" count="3" type="stmt"/>
        <line num="34" count="3" type="stmt"/>
        <line num="49" count="2" type="stmt"/>
        <line num="60" count="2" type="cond" truecount="2" falsecount="0"/>
        <line num="124" count="3" type="stmt"/>
        <line num="143" count="79" type="stmt"/>
        <line num="144" count="79" type="stmt"/>
        <line num="145" count="79" type="stmt"/>
        <line num="147" count="79" type="stmt"/>
        <line num="148" count="5" type="cond" truecount="3" falsecount="1"/>
        <line num="149" count="5" type="stmt"/>
        <line num="152" count="79" type="stmt"/>
        <line num="153" count="1" type="stmt"/>
        <line num="154" count="1" type="stmt"/>
        <line num="157" count="79" type="stmt"/>
        <line num="158" count="1" type="stmt"/>
        <line num="159" count="1" type="stmt"/>
        <line num="162" count="79" type="stmt"/>
        <line num="163" count="0" type="stmt"/>
        <line num="164" count="0" type="stmt"/>
        <line num="165" count="0" type="stmt"/>
        <line num="168" count="79" type="cond" truecount="1" falsecount="1"/>
        <line num="169" count="0" type="stmt"/>
        <line num="194" count="79" type="cond" truecount="3" falsecount="1"/>
        <line num="195" count="79" type="stmt"/>
        <line num="196" count="79" type="cond" truecount="2" falsecount="0"/>
        <line num="202" count="79" type="stmt"/>
        <line num="253" count="13" type="stmt"/>
        <line num="254" count="13" type="stmt"/>
        <line num="255" count="13" type="cond" truecount="2" falsecount="0"/>
        <line num="256" count="13" type="stmt"/>
        <line num="262" count="1" type="cond" truecount="1" falsecount="1"/>
        <line num="284" count="3" type="stmt"/>
        <line num="288" count="36" type="stmt"/>
        <line num="289" count="36" type="stmt"/>
        <line num="290" count="4" type="stmt"/>
        <line num="292" count="36" type="stmt"/>
        <line num="295" count="36" type="stmt"/>
        <line num="296" count="36" type="cond" truecount="2" falsecount="0"/>
        <line num="298" count="36" type="stmt"/>
        <line num="300" count="36" type="stmt"/>
        <line num="301" count="36" type="stmt"/>
        <line num="302" count="36" type="stmt"/>
        <line num="304" count="36" type="stmt"/>
        <line num="305" count="36" type="stmt"/>
        <line num="306" count="36" type="stmt"/>
        <line num="307" count="36" type="stmt"/>
        <line num="315" count="36" type="stmt"/>
        <line num="342" count="36" type="stmt"/>
        <line num="343" count="15" type="stmt"/>
        <line num="344" count="14" type="cond" truecount="2" falsecount="0"/>
        <line num="348" count="36" type="stmt"/>
        <line num="349" count="1" type="cond" truecount="1" falsecount="1"/>
        <line num="350" count="1" type="cond" truecount="1" falsecount="1"/>
        <line num="351" count="0" type="stmt"/>
        <line num="352" count="0" type="stmt"/>
        <line num="354" count="1" type="stmt"/>
        <line num="355" count="1" type="stmt"/>
        <line num="356" count="1" type="stmt"/>
        <line num="357" count="2" type="stmt"/>
        <line num="358" count="1" type="stmt"/>
        <line num="362" count="36" type="stmt"/>
        <line num="363" count="3" type="cond" truecount="1" falsecount="1"/>
        <line num="364" count="0" type="stmt"/>
        <line num="365" count="0" type="stmt"/>
        <line num="367" count="3" type="cond" truecount="1" falsecount="1"/>
        <line num="368" count="3" type="stmt"/>
        <line num="369" count="3" type="stmt"/>
        <line num="370" count="3" type="stmt"/>
        <line num="371" count="3" type="stmt"/>
        <line num="372" count="3" type="cond" truecount="2" falsecount="0"/>
        <line num="373" count="1" type="stmt"/>
        <line num="374" count="1" type="stmt"/>
        <line num="376" count="2" type="stmt"/>
        <line num="377" count="2" type="stmt"/>
        <line num="380" count="2" type="cond" truecount="1" falsecount="1"/>
        <line num="381" count="2" type="cond" truecount="1" falsecount="1"/>
        <line num="382" count="2" type="cond" truecount="3" falsecount="1"/>
        <line num="385" count="36" type="cond" truecount="1" falsecount="1"/>
        <line num="387" count="36" type="stmt"/>
        <line num="388" count="0" type="stmt"/>
        <line num="389" count="0" type="cond" truecount="0" falsecount="2"/>
        <line num="390" count="0" type="stmt"/>
        <line num="391" count="0" type="stmt"/>
        <line num="393" count="0" type="stmt"/>
        <line num="399" count="0" type="cond" truecount="0" falsecount="2"/>
        <line num="400" count="0" type="stmt"/>
        <line num="401" count="0" type="stmt"/>
        <line num="404" count="36" type="stmt"/>
        <line num="405" count="0" type="stmt"/>
        <line num="408" count="36" type="stmt"/>
        <line num="409" count="2" type="stmt"/>
        <line num="410" count="2" type="stmt"/>
        <line num="411" count="2" type="stmt"/>
        <line num="412" count="2" type="stmt"/>
        <line num="426" count="0" type="cond" truecount="0" falsecount="2"/>
        <line num="428" count="2" type="stmt"/>
        <line num="434" count="36" type="stmt"/>
        <line num="436" count="36" type="stmt"/>
        <line num="437" count="15" type="stmt"/>
        <line num="440" count="36" type="stmt"/>
        <line num="442" count="36" type="stmt"/>
        <line num="454" count="36" type="stmt"/>
        <line num="472" count="36" type="stmt"/>
        <line num="474" count="108" type="stmt"/>
        <line num="475" count="108" type="stmt"/>
        <line num="478" count="0" type="stmt"/>
        <line num="531" count="36" type="stmt"/>
        <line num="534" count="0" type="stmt"/>
        <line num="535" count="0" type="stmt"/>
        <line num="555" count="36" type="stmt"/>
        <line num="570" count="36" type="stmt"/>
        <line num="588" count="36" type="stmt"/>
        <line num="597" count="3" type="stmt"/>
        <line num="598" count="3" type="stmt"/>
        <line num="616" count="37" type="stmt"/>
        <line num="619" count="1" type="stmt"/>
        <line num="637" count="36" type="stmt"/>
        <line num="655" count="36" type="stmt"/>
        <line num="670" count="36" type="stmt"/>
        <line num="695" count="37" type="stmt"/>
        <line num="713" count="36" type="stmt"/>
        <line num="730" count="36" type="stmt"/>
        <line num="748" count="36" type="stmt"/>
        <line num="758" count="36" type="stmt"/>
        <line num="768" count="36" type="stmt"/>
        <line num="779" count="36" type="stmt"/>
        <line num="801" count="4" type="stmt"/>
        <line num="804" count="0" type="stmt"/>
        <line num="839" count="3" type="stmt"/>
      </file>
      <file name="TarjetaRoomie.tsx" path="/home/damianml/cuervo-pass/src/components/TarjetaRoomie.tsx">
        <metrics statements="9" coveredstatements="1" conditionals="20" coveredconditionals="0" methods="3" coveredmethods="0"/>
        <line num="32" count="0" type="cond" truecount="0" falsecount="2"/>
        <line num="33" count="0" type="cond" truecount="0" falsecount="2"/>
        <line num="34" count="0" type="stmt"/>
        <line num="38" count="0" type="stmt"/>
        <line num="39" count="0" type="cond" truecount="0" falsecount="2"/>
        <line num="40" count="0" type="cond" truecount="0" falsecount="2"/>
        <line num="42" count="0" type="stmt"/>
        <line num="53" count="0" type="stmt"/>
        <line num="109" count="1" type="stmt"/>
      </file>
      <file name="themed-text.tsx" path="/home/damianml/cuervo-pass/src/components/themed-text.tsx">
        <metrics statements="4" coveredstatements="4" conditionals="9" coveredconditionals="9" methods="1" coveredmethods="1"/>
        <line num="41" count="1094" type="stmt"/>
        <line num="46" count="1094" type="cond" truecount="6" falsecount="0"/>
        <line num="48" count="1094" type="stmt"/>
        <line num="60" count="9" type="stmt"/>
      </file>
      <file name="themed-view.tsx" path="/home/damianml/cuervo-pass/src/components/themed-view.tsx">
        <metrics statements="2" coveredstatements="2" conditionals="2" coveredconditionals="2" methods="1" coveredmethods="1"/>
        <line num="13" count="56" type="stmt"/>
        <line num="15" count="56" type="cond" truecount="2" falsecount="0"/>
      </file>
    </package>
    <package name="cuervo-pass.src.components.ficha">
      <metrics statements="53" coveredstatements="41" conditionals="109" coveredconditionals="64" methods="15" coveredmethods="11"/>
      <file name="BloqueEstado.tsx" path="/home/damianml/cuervo-pass/src/components/ficha/BloqueEstado.tsx">
        <metrics statements="4" coveredstatements="4" conditionals="5" coveredconditionals="5" methods="1" coveredmethods="1"/>
        <line num="29" count="9" type="stmt"/>
        <line num="30" count="9" type="cond" truecount="2" falsecount="0"/>
        <line num="32" count="9" type="stmt"/>
        <line num="51" count="2" type="stmt"/>
      </file>
      <file name="Calificacion.tsx" path="/home/damianml/cuervo-pass/src/components/ficha/Calificacion.tsx">
        <metrics statements="6" coveredstatements="6" conditionals="18" coveredconditionals="15" methods="1" coveredmethods="1"/>
        <line num="35" count="7" type="stmt"/>
        <line num="36" count="7" type="stmt"/>
        <line num="40" count="7" type="cond" truecount="2" falsecount="0"/>
        <line num="41" count="7" type="cond" truecount="2" falsecount="0"/>
        <line num="43" count="7" type="stmt"/>
        <line num="68" count="3" type="stmt"/>
      </file>
      <file name="CampoFicha.tsx" path="/home/damianml/cuervo-pass/src/components/ficha/CampoFicha.tsx">
        <metrics statements="5" coveredstatements="5" conditionals="12" coveredconditionals="11" methods="2" coveredmethods="2"/>
        <line num="32" count="56" type="stmt"/>
        <line num="33" count="56" type="stmt"/>
        <line num="56" count="139" type="stmt"/>
        <line num="57" count="139" type="stmt"/>
        <line num="68" count="7" type="stmt"/>
      </file>
      <file name="DesgloseCalificacion.tsx" path="/home/damianml/cuervo-pass/src/components/ficha/DesgloseCalificacion.tsx">
        <metrics statements="13" coveredstatements="2" conditionals="31" coveredconditionals="2" methods="4" coveredmethods="0"/>
        <line num="12" count="1" type="cond" truecount="2" falsecount="2"/>
        <line num="13" count="0" type="stmt"/>
        <line num="42" count="0" type="stmt"/>
        <line num="43" count="0" type="stmt"/>
        <line num="45" count="0" type="cond" truecount="0" falsecount="2"/>
        <line num="46" count="0" type="cond" truecount="0" falsecount="2"/>
        <line num="48" count="0" type="stmt"/>
        <line num="51" count="0" type="stmt"/>
        <line num="52" count="0" type="stmt"/>
        <line num="55" count="0" type="cond" truecount="0" falsecount="2"/>
        <line num="62" count="0" type="stmt"/>
        <line num="87" count="0" type="stmt"/>
        <line num="124" count="1" type="stmt"/>
      </file>
      <file name="Encabezado.tsx" path="/home/damianml/cuervo-pass/src/components/ficha/Encabezado.tsx">
        <metrics statements="3" coveredstatements="3" conditionals="6" coveredconditionals="5" methods="1" coveredmethods="1"/>
        <line num="35" count="6" type="stmt"/>
        <line num="36" count="6" type="stmt"/>
        <line num="67" count="1" type="stmt"/>
      </file>
      <file name="FilaAjuste.tsx" path="/home/damianml/cuervo-pass/src/components/ficha/FilaAjuste.tsx">
        <metrics statements="9" coveredstatements="8" conditionals="15" coveredconditionals="10" methods="2" coveredmethods="2"/>
        <line num="38" count="15" type="stmt"/>
        <line num="39" count="15" type="stmt"/>
        <line num="40" count="15" type="cond" truecount="1" falsecount="1"/>
        <line num="43" count="15" type="stmt"/>
        <line num="68" count="15" type="cond" truecount="1" falsecount="1"/>
        <line num="69" count="0" type="stmt"/>
        <line num="72" count="15" type="stmt"/>
        <line num="77" count="15" type="cond" truecount="1" falsecount="1"/>
        <line num="84" count="1" type="stmt"/>
      </file>
      <file name="PieFijo.tsx" path="/home/damianml/cuervo-pass/src/components/ficha/PieFijo.tsx">
        <metrics statements="4" coveredstatements="4" conditionals="0" coveredconditionals="0" methods="1" coveredmethods="1"/>
        <line num="22" count="5" type="stmt"/>
        <line num="23" count="5" type="stmt"/>
        <line num="25" count="5" type="stmt"/>
        <line num="41" count="1" type="stmt"/>
      </file>
      <file name="Seccion.tsx" path="/home/damianml/cuervo-pass/src/components/ficha/Seccion.tsx">
        <metrics statements="2" coveredstatements="2" conditionals="0" coveredconditionals="0" methods="1" coveredmethods="1"/>
        <line num="26" count="21" type="stmt"/>
        <line num="40" count="3" type="stmt"/>
      </file>
      <file name="Sello.tsx" path="/home/damianml/cuervo-pass/src/components/ficha/Sello.tsx">
        <metrics statements="7" coveredstatements="7" conditionals="22" coveredconditionals="16" methods="2" coveredmethods="2"/>
        <line num="42" count="53" type="stmt"/>
        <line num="43" count="53" type="cond" truecount="2" falsecount="0"/>
        <line num="44" count="53" type="stmt"/>
        <line num="47" count="53" type="cond" truecount="2" falsecount="0"/>
        <line num="49" count="53" type="stmt"/>
        <line num="56" count="53" type="stmt"/>
        <line num="77" count="8" type="stmt"/>
      </file>
    </package>
    <package name="cuervo-pass.src.constants">
      <metrics statements="9" coveredstatements="9" conditionals="2" coveredconditionals="1" methods="0" coveredmethods="0"/>
      <file name="theme.ts" path="/home/damianml/cuervo-pass/src/constants/theme.ts">
        <metrics statements="9" coveredstatements="9" conditionals="2" coveredconditionals="1" methods="0" coveredmethods="0"/>
        <line num="26" count="9" type="stmt"/>
        <line num="83" count="9" type="stmt"/>
        <line num="108" count="9" type="stmt"/>
        <line num="117" count="9" type="stmt"/>
        <line num="138" count="9" type="stmt"/>
        <line num="165" count="9" type="stmt"/>
        <line num="179" count="9" type="stmt"/>
        <line num="184" count="9" type="cond" truecount="1" falsecount="1"/>
        <line num="185" count="9" type="stmt"/>
      </file>
    </package>
    <package name="cuervo-pass.src.hooks">
      <metrics statements="9" coveredstatements="9" conditionals="12" coveredconditionals="4" methods="3" coveredmethods="3"/>
      <file name="use-color-scheme.ts" path="/home/damianml/cuervo-pass/src/hooks/use-color-scheme.ts">
        <metrics statements="0" coveredstatements="0" conditionals="0" coveredconditionals="0" methods="0" coveredmethods="0"/>
      </file>
      <file name="use-margen-superior.ts" path="/home/damianml/cuervo-pass/src/hooks/use-margen-superior.ts">
        <metrics statements="2" coveredstatements="2" conditionals="0" coveredconditionals="0" methods="1" coveredmethods="1"/>
        <line num="17" count="16" type="stmt"/>
        <line num="18" count="16" type="stmt"/>
      </file>
      <file name="use-tamano-pantalla.ts" path="/home/damianml/cuervo-pass/src/hooks/use-tamano-pantalla.ts">
        <metrics statements="4" coveredstatements="4" conditionals="10" coveredconditionals="3" methods="1" coveredmethods="1"/>
        <line num="33" count="17" type="stmt"/>
        <line num="35" count="17" type="cond" truecount="1" falsecount="5"/>
        <line num="36" count="17" type="stmt"/>
        <line num="38" count="17" type="stmt"/>
      </file>
      <file name="use-theme.ts" path="/home/damianml/cuervo-pass/src/hooks/use-theme.ts">
        <metrics statements="3" coveredstatements="3" conditionals="2" coveredconditionals="1" methods="1" coveredmethods="1"/>
        <line num="10" count="1525" type="stmt"/>
        <line num="11" count="1525" type="cond" truecount="1" falsecount="1"/>
        <line num="13" count="1525" type="stmt"/>
      </file>
    </package>
    <package name="cuervo-pass.src.lib">
      <metrics statements="203" coveredstatements="142" conditionals="160" coveredconditionals="113" methods="60" coveredmethods="41"/>
      <file name="aiService.ts" path="/home/damianml/cuervo-pass/src/lib/aiService.ts">
        <metrics statements="14" coveredstatements="0" conditionals="3" coveredconditionals="0" methods="5" coveredmethods="0"/>
        <line num="28" count="0" type="stmt"/>
        <line num="29" count="0" type="stmt"/>
        <line num="34" count="0" type="stmt"/>
        <line num="38" count="0" type="cond" truecount="0" falsecount="2"/>
        <line num="42" count="0" type="stmt"/>
        <line num="43" count="0" type="stmt"/>
        <line num="45" count="0" type="stmt"/>
        <line num="49" count="0" type="stmt"/>
        <line num="53" count="0" type="stmt"/>
        <line num="54" count="0" type="stmt"/>
        <line num="62" count="0" type="stmt"/>
        <line num="63" count="0" type="stmt"/>
        <line num="64" count="0" type="stmt"/>
        <line num="66" count="0" type="stmt"/>
      </file>
      <file name="avisoPrivacidad.ts" path="/home/damianml/cuervo-pass/src/lib/avisoPrivacidad.ts">
        <metrics statements="6" coveredstatements="6" conditionals="0" coveredconditionals="0" methods="0" coveredmethods="0"/>
        <line num="34" count="2" type="stmt"/>
        <line num="36" count="2" type="stmt"/>
        <line num="39" count="2" type="stmt"/>
        <line num="43" count="2" type="stmt"/>
        <line num="47" count="2" type="stmt"/>
        <line num="50" count="2" type="stmt"/>
      </file>
      <file name="correoUniversitario.ts" path="/home/damianml/cuervo-pass/src/lib/correoUniversitario.ts">
        <metrics statements="14" coveredstatements="14" conditionals="18" coveredconditionals="17" methods="3" coveredmethods="3"/>
        <line num="28" count="1" type="stmt"/>
        <line num="33" count="1" type="stmt"/>
        <line num="47" count="22" type="stmt"/>
        <line num="48" count="22" type="stmt"/>
        <line num="49" count="22" type="cond" truecount="4" falsecount="0"/>
        <line num="50" count="18" type="stmt"/>
        <line num="52" count="18" type="cond" truecount="5" falsecount="0"/>
        <line num="53" count="16" type="cond" truecount="5" falsecount="0"/>
        <line num="54" count="13" type="stmt"/>
        <line num="58" count="11" type="stmt"/>
        <line num="59" count="11" type="cond" truecount="1" falsecount="1"/>
        <line num="60" count="11" type="cond" truecount="2" falsecount="0"/>
        <line num="61" count="16" type="stmt"/>
        <line num="66" count="1" type="stmt"/>
      </file>
      <file name="direccion.ts" path="/home/damianml/cuervo-pass/src/lib/direccion.ts">
        <metrics statements="24" coveredstatements="24" conditionals="24" coveredconditionals="22" methods="3" coveredmethods="3"/>
        <line num="44" count="5" type="cond" truecount="2" falsecount="0"/>
        <line num="45" count="5" type="stmt"/>
        <line num="49" count="26" type="cond" truecount="2" falsecount="0"/>
        <line num="51" count="90" type="stmt"/>
        <line num="60" count="17" type="cond" truecount="2" falsecount="0"/>
        <line num="61" count="13" type="stmt"/>
        <line num="62" count="4" type="cond" truecount="2" falsecount="0"/>
        <line num="63" count="1" type="stmt"/>
        <line num="64" count="1" type="stmt"/>
        <line num="66" count="3" type="stmt"/>
        <line num="69" count="14" type="stmt"/>
        <line num="70" count="14" type="cond" truecount="2" falsecount="0"/>
        <line num="73" count="13" type="stmt"/>
        <line num="75" count="13" type="stmt"/>
        <line num="76" count="13" type="cond" truecount="2" falsecount="0"/>
        <line num="77" count="1" type="stmt"/>
        <line num="78" count="1" type="stmt"/>
        <line num="84" count="13" type="stmt"/>
        <line num="85" count="13" type="cond" truecount="2" falsecount="0"/>
        <line num="87" count="12" type="stmt"/>
        <line num="88" count="12" type="stmt"/>
        <line num="89" count="12" type="cond" truecount="3" falsecount="1"/>
        <line num="91" count="12" type="cond" truecount="5" falsecount="1"/>
        <line num="93" count="12" type="stmt"/>
      </file>
      <file name="distancia.ts" path="/home/damianml/cuervo-pass/src/lib/distancia.ts">
        <metrics statements="7" coveredstatements="0" conditionals="0" coveredconditionals="0" methods="2" coveredmethods="0"/>
        <line num="4" count="0" type="stmt"/>
        <line num="5" count="0" type="stmt"/>
        <line num="6" count="0" type="stmt"/>
        <line num="7" count="0" type="stmt"/>
        <line num="9" count="0" type="stmt"/>
        <line num="10" count="0" type="stmt"/>
        <line num="11" count="0" type="stmt"/>
      </file>
      <file name="folio.ts" path="/home/damianml/cuervo-pass/src/lib/folio.ts">
        <metrics statements="10" coveredstatements="10" conditionals="8" coveredconditionals="8" methods="3" coveredmethods="3"/>
        <line num="13" count="8" type="cond" truecount="2" falsecount="0"/>
        <line num="14" count="5" type="stmt"/>
        <line num="17" count="3" type="stmt"/>
        <line num="21" count="6" type="cond" truecount="2" falsecount="0"/>
        <line num="22" count="3" type="cond" truecount="2" falsecount="0"/>
        <line num="23" count="3" type="cond" truecount="2" falsecount="0"/>
        <line num="24" count="2" type="stmt"/>
        <line num="30" count="1" type="stmt"/>
        <line num="31" count="1" type="stmt"/>
        <line num="32" count="1" type="stmt"/>
      </file>
      <file name="formatoHora.ts" path="/home/damianml/cuervo-pass/src/lib/formatoHora.ts">
        <metrics statements="1" coveredstatements="1" conditionals="0" coveredconditionals="0" methods="0" coveredmethods="0"/>
        <line num="3" count="1" type="stmt"/>
      </file>
      <file name="geocoding.ts" path="/home/damianml/cuervo-pass/src/lib/geocoding.ts">
        <metrics statements="11" coveredstatements="1" conditionals="8" coveredconditionals="0" methods="1" coveredmethods="0"/>
        <line num="40" count="0" type="stmt"/>
        <line num="41" count="0" type="stmt"/>
        <line num="44" count="0" type="cond" truecount="0" falsecount="2"/>
        <line num="45" count="0" type="stmt"/>
        <line num="46" count="0" type="stmt"/>
        <line num="48" count="0" type="stmt"/>
        <line num="53" count="0" type="cond" truecount="0" falsecount="4"/>
        <line num="54" count="0" type="cond" truecount="0" falsecount="2"/>
        <line num="56" count="0" type="stmt"/>
        <line num="57" count="0" type="stmt"/>
        <line num="63" count="2" type="stmt"/>
      </file>
      <file name="password.ts" path="/home/damianml/cuervo-pass/src/lib/password.ts">
        <metrics statements="22" coveredstatements="20" conditionals="4" coveredconditionals="1" methods="17" coveredmethods="16"/>
        <line num="34" count="1" type="stmt"/>
        <line num="40" count="1" type="stmt"/>
        <line num="48" count="25" type="stmt"/>
        <line num="68" count="1" type="stmt"/>
        <line num="71" count="12" type="stmt"/>
        <line num="78" count="12" type="stmt"/>
        <line num="79" count="48" type="stmt"/>
        <line num="80" count="9" type="stmt"/>
        <line num="81" count="9" type="stmt"/>
        <line num="84" count="1" type="stmt"/>
        <line num="88" count="12" type="stmt"/>
        <line num="93" count="12" type="stmt"/>
        <line num="98" count="12" type="stmt"/>
        <line num="103" count="12" type="stmt"/>
        <line num="109" count="12" type="stmt"/>
        <line num="110" count="12" type="stmt"/>
        <line num="116" count="12" type="stmt"/>
        <line num="128" count="72" type="stmt"/>
        <line num="129" count="72" type="stmt"/>
        <line num="130" count="12" type="stmt"/>
        <line num="142" count="0" type="stmt"/>
        <line num="143" count="0" type="cond" truecount="0" falsecount="2"/>
      </file>
      <file name="perfilTexto.ts" path="/home/damianml/cuervo-pass/src/lib/perfilTexto.ts">
        <metrics statements="10" coveredstatements="10" conditionals="14" coveredconditionals="8" methods="1" coveredmethods="1"/>
        <line num="7" count="1" type="stmt"/>
        <line num="22" count="5" type="stmt"/>
        <line num="23" count="5" type="cond" truecount="1" falsecount="1"/>
        <line num="24" count="5" type="cond" truecount="3" falsecount="1"/>
        <line num="25" count="5" type="stmt"/>
        <line num="27" count="5" type="cond" truecount="1" falsecount="1"/>
        <line num="28" count="5" type="cond" truecount="1" falsecount="1"/>
        <line num="31" count="5" type="cond" truecount="1" falsecount="1"/>
        <line num="32" count="5" type="cond" truecount="1" falsecount="1"/>
        <line num="33" count="5" type="stmt"/>
      </file>
      <file name="perfilVector.ts" path="/home/damianml/cuervo-pass/src/lib/perfilVector.ts">
        <metrics statements="12" coveredstatements="12" conditionals="13" coveredconditionals="13" methods="3" coveredmethods="3"/>
        <line num="30" count="9" type="cond" truecount="2" falsecount="0"/>
        <line num="31" count="7" type="stmt"/>
        <line num="32" count="7" type="stmt"/>
        <line num="34" count="5" type="stmt"/>
        <line num="49" count="8" type="cond" truecount="3" falsecount="0"/>
        <line num="51" count="2" type="stmt"/>
        <line num="53" count="2" type="stmt"/>
        <line num="55" count="4" type="stmt"/>
        <line num="72" count="11" type="cond" truecount="2" falsecount="0"/>
        <line num="74" count="7" type="cond" truecount="2" falsecount="0"/>
        <line num="81" count="7" type="cond" truecount="2" falsecount="0"/>
        <line num="85" count="7" type="stmt"/>
      </file>
      <file name="registro.ts" path="/home/damianml/cuervo-pass/src/lib/registro.ts">
        <metrics statements="30" coveredstatements="29" conditionals="35" coveredconditionals="31" methods="8" coveredmethods="7"/>
        <line num="30" count="7" type="stmt"/>
        <line num="34" count="18" type="stmt"/>
        <line num="35" count="18" type="stmt"/>
        <line num="36" count="18" type="stmt"/>
        <line num="37" count="18" type="cond" truecount="1" falsecount="1"/>
        <line num="44" count="7" type="stmt"/>
        <line num="57" count="7" type="stmt"/>
        <line num="67" count="70" type="cond" truecount="2" falsecount="0"/>
        <line num="68" count="68" type="cond" truecount="2" falsecount="0"/>
        <line num="69" count="27" type="cond" truecount="1" falsecount="1"/>
        <line num="70" count="27" type="cond" truecount="4" falsecount="0"/>
        <line num="71" count="24" type="stmt"/>
        <line num="72" count="24" type="stmt"/>
        <line num="73" count="33" type="cond" truecount="2" falsecount="0"/>
        <line num="75" count="24" type="stmt"/>
        <line num="77" count="3" type="stmt"/>
        <line num="81" count="21" type="stmt"/>
        <line num="89" count="21" type="cond" truecount="1" falsecount="1"/>
        <line num="90" count="21" type="cond" truecount="2" falsecount="0"/>
        <line num="91" count="21" type="cond" truecount="4" falsecount="0"/>
        <line num="94" count="21" type="stmt"/>
        <line num="97" count="11" type="stmt"/>
        <line num="98" count="11" type="stmt"/>
        <line num="106" count="14" type="stmt"/>
        <line num="110" count="7" type="stmt"/>
        <line num="115" count="11" type="cond" truecount="4" falsecount="0"/>
        <line num="116" count="3" type="cond" truecount="3" falsecount="1"/>
        <line num="117" count="2" type="stmt"/>
        <line num="118" count="2" type="cond" truecount="2" falsecount="0"/>
        <line num="120" count="0" type="stmt"/>
      </file>
      <file name="resultado.ts" path="/home/damianml/cuervo-pass/src/lib/resultado.ts">
        <metrics statements="8" coveredstatements="8" conditionals="3" coveredconditionals="3" methods="5" coveredmethods="5"/>
        <line num="27" count="7" type="stmt"/>
        <line num="28" count="4" type="stmt"/>
        <line num="29" count="5" type="stmt"/>
        <line num="42" count="13" type="stmt"/>
        <line num="43" count="13" type="stmt"/>
        <line num="44" count="9" type="cond" truecount="2" falsecount="0"/>
        <line num="46" count="4" type="stmt"/>
        <line num="52" count="4" type="stmt"/>
      </file>
      <file name="storage.ts" path="/home/damianml/cuervo-pass/src/lib/storage.ts">
        <metrics statements="29" coveredstatements="2" conditionals="18" coveredconditionals="0" methods="9" coveredmethods="0"/>
        <line num="16" count="1" type="stmt"/>
        <line num="17" count="1" type="stmt"/>
        <line num="23" count="0" type="stmt"/>
        <line num="28" count="0" type="stmt"/>
        <line num="33" count="0" type="stmt"/>
        <line num="34" count="0" type="stmt"/>
        <line num="36" count="0" type="stmt"/>
        <line num="40" count="0" type="cond" truecount="0" falsecount="2"/>
        <line num="41" count="0" type="stmt"/>
        <line num="45" count="0" type="stmt"/>
        <line num="57" count="0" type="stmt"/>
        <line num="70" count="0" type="stmt"/>
        <line num="73" count="0" type="cond" truecount="0" falsecount="2"/>
        <line num="75" count="0" type="stmt"/>
        <line num="76" count="0" type="stmt"/>
        <line num="80" count="0" type="cond" truecount="0" falsecount="2"/>
        <line num="84" count="0" type="stmt"/>
        <line num="85" count="0" type="stmt"/>
        <line num="88" count="0" type="stmt"/>
        <line num="89" count="0" type="cond" truecount="0" falsecount="2"/>
        <line num="90" count="0" type="cond" truecount="0" falsecount="4"/>
        <line num="92" count="0" type="stmt"/>
        <line num="94" count="0" type="stmt"/>
        <line num="95" count="0" type="stmt"/>
        <line num="104" count="0" type="cond" truecount="0" falsecount="2"/>
        <line num="105" count="0" type="stmt"/>
        <line num="108" count="0" type="cond" truecount="0" falsecount="2"/>
        <line num="109" count="0" type="cond" truecount="0" falsecount="2"/>
        <line num="113" count="0" type="stmt"/>
      </file>
      <file name="supabase.ts" path="/home/damianml/cuervo-pass/src/lib/supabase.ts">
        <metrics statements="5" coveredstatements="5" conditionals="12" coveredconditionals="10" methods="0" coveredmethods="0"/>
        <line num="9" count="1" type="cond" truecount="2" falsecount="0"/>
        <line num="11" count="1" type="cond" truecount="2" falsecount="0"/>
        <line num="16" count="1" type="cond" truecount="1" falsecount="1"/>
        <line num="22" count="1" type="stmt"/>
        <line num="24" count="1" type="stmt"/>
      </file>
    </package>
    <package name="cuervo-pass.src.services">
      <metrics statements="56" coveredstatements="5" conditionals="55" coveredconditionals="4" methods="19" coveredmethods="2"/>
      <file name="publicaciones.service.ts" path="/home/damianml/cuervo-pass/src/services/publicaciones.service.ts">
        <metrics statements="56" coveredstatements="5" conditionals="55" coveredconditionals="4" methods="19" coveredmethods="2"/>
        <line num="20" count="0" type="stmt"/>
        <line num="21" count="0" type="cond" truecount="0" falsecount="2"/>
        <line num="32" count="0" type="stmt"/>
        <line num="33" count="0" type="stmt"/>
        <line num="35" count="0" type="stmt"/>
        <line num="36" count="0" type="stmt"/>
        <line num="69" count="7" type="stmt"/>
        <line num="70" count="7" type="cond" truecount="2" falsecount="0"/>
        <line num="72" count="6" type="cond" truecount="2" falsecount="0"/>
        <line num="73" count="6" type="stmt"/>
        <line num="75" count="12" type="stmt"/>
        <line num="89" count="0" type="stmt"/>
        <line num="94" count="0" type="cond" truecount="0" falsecount="2"/>
        <line num="95" count="0" type="stmt"/>
        <line num="100" count="0" type="stmt"/>
        <line num="105" count="0" type="cond" truecount="0" falsecount="2"/>
        <line num="106" count="0" type="stmt"/>
        <line num="110" count="0" type="stmt"/>
        <line num="111" count="0" type="cond" truecount="0" falsecount="2"/>
        <line num="112" count="0" type="stmt"/>
        <line num="118" count="0" type="stmt"/>
        <line num="119" count="0" type="cond" truecount="0" falsecount="2"/>
        <line num="120" count="0" type="stmt"/>
        <line num="121" count="0" type="stmt"/>
        <line num="123" count="0" type="cond" truecount="0" falsecount="2"/>
        <line num="148" count="0" type="stmt"/>
        <line num="150" count="0" type="cond" truecount="0" falsecount="2"/>
        <line num="156" count="0" type="stmt"/>
        <line num="176" count="0" type="stmt"/>
        <line num="181" count="0" type="stmt"/>
        <line num="194" count="0" type="cond" truecount="0" falsecount="2"/>
        <line num="195" count="0" type="stmt"/>
        <line num="197" count="0" type="cond" truecount="0" falsecount="2"/>
        <line num="202" count="0" type="stmt"/>
        <line num="204" count="0" type="stmt"/>
        <line num="210" count="0" type="cond" truecount="0" falsecount="2"/>
        <line num="211" count="0" type="stmt"/>
        <line num="215" count="0" type="stmt"/>
        <line num="220" count="0" type="stmt"/>
        <line num="234" count="0" type="cond" truecount="0" falsecount="2"/>
        <line num="235" count="0" type="stmt"/>
        <line num="239" count="0" type="stmt"/>
        <line num="240" count="0" type="cond" truecount="0" falsecount="2"/>
        <line num="249" count="0" type="stmt"/>
        <line num="250" count="0" type="stmt"/>
        <line num="253" count="0" type="stmt"/>
        <line num="254" count="0" type="stmt"/>
        <line num="255" count="0" type="cond" truecount="0" falsecount="2"/>
        <line num="256" count="0" type="stmt"/>
        <line num="265" count="0" type="cond" truecount="0" falsecount="2"/>
        <line num="267" count="0" type="stmt"/>
        <line num="281" count="0" type="stmt"/>
        <line num="285" count="0" type="cond" truecount="0" falsecount="2"/>
        <line num="286" count="0" type="stmt"/>
        <line num="292" count="0" type="stmt"/>
        <line num="295" count="0" type="cond" truecount="0" falsecount="2"/>
      </file>
    </package>
    <package name="cuervo-pass.src.store">
      <metrics statements="15" coveredstatements="14" conditionals="6" coveredconditionals="5" methods="4" coveredmethods="3"/>
      <file name="usePerfilStore.ts" path="/home/damianml/cuervo-pass/src/store/usePerfilStore.ts">
        <metrics statements="15" coveredstatements="14" conditionals="6" coveredconditionals="5" methods="4" coveredmethods="3"/>
        <line num="27" count="1" type="stmt"/>
        <line num="31" count="0" type="stmt"/>
        <line num="33" count="8" type="stmt"/>
        <line num="34" count="8" type="stmt"/>
        <line num="39" count="8" type="stmt"/>
        <line num="41" count="7" type="cond" truecount="2" falsecount="0"/>
        <line num="45" count="2" type="stmt"/>
        <line num="46" count="2" type="stmt"/>
        <line num="47" count="2" type="stmt"/>
        <line num="50" count="5" type="stmt"/>
        <line num="52" count="1" type="stmt"/>
        <line num="53" count="1" type="stmt"/>
        <line num="57" count="2" type="stmt"/>
        <line num="66" count="2" type="cond" truecount="2" falsecount="0"/>
        <line num="67" count="1" type="cond" truecount="1" falsecount="1"/>
      </file>
    </package>
  </project>
</coverage>
