{"/home/damianml/cuervo-pass/jest.cssMock.js": {"path":"/home/damianml/cuervo-pass/jest.cssMock.js","statementMap":{"0":{"start":{"line":1,"column":0},"end":{"line":1,"column":20}}},"fnMap":{},"branchMap":{},"s":{"0":9},"f":{},"b":{},"_coverageSchema":"1a1c01bbd47fc00a2c39e90264f33305004495a9","hash":"89771bb474107ca5f600fbf20d3b94a9e7184186"}
,"/home/damianml/cuervo-pass/src/app/_layout.tsx": {"path":"/home/damianml/cuervo-pass/src/app/_layout.tsx","statementMap":{"0":{"start":{"line":19,"column":0},"end":{"line":21,"column":3}},"1":{"start":{"line":33,"column":12},"end":{"line":33,"column":49}},"2":{"start":{"line":34,"column":2},"end":{"line":50,"column":4}},"3":{"start":{"line":54,"column":17},"end":{"line":54,"column":33}},"4":{"start":{"line":55,"column":19},"end":{"line":55,"column":36}},"5":{"start":{"line":56,"column":12},"end":{"line":56,"column":49}},"6":{"start":{"line":58,"column":40},"end":{"line":64,"column":4}},"7":{"start":{"line":66,"column":2},"end":{"line":70,"column":36}},"8":{"start":{"line":69,"column":4},"end":{"line":69,"column":80}},"9":{"start":{"line":69,"column":39},"end":{"line":69,"column":80}},"10":{"start":{"line":72,"column":2},"end":{"line":72,"column":51}},"11":{"start":{"line":72,"column":39},"end":{"line":72,"column":51}},"12":{"start":{"line":74,"column":21},"end":{"line":83,"column":12}},"13":{"start":{"line":85,"column":2},"end":{"line":115,"column":4}},"14":{"start":{"line":143,"column":18},"end":{"line":143,"column":37}},"15":{"start":{"line":145,"column":2},"end":{"line":147,"column":23}},"16":{"start":{"line":146,"column":4},"end":{"line":146,"column":77}},"17":{"start":{"line":149,"column":20},"end":{"line":155,"column":3}},"18":{"start":{"line":150,"column":19},"end":{"line":150,"column":96}},"19":{"start":{"line":151,"column":4},"end":{"line":154,"column":7}},"20":{"start":{"line":157,"column":2},"end":{"line":180,"column":4}},"21":{"start":{"line":183,"column":16},"end":{"line":188,"column":2}}},"fnMap":{"0":{"name":"(anonymous_0)","decl":{"start":{"line":19,"column":42},"end":{"line":19,"column":43}},"loc":{"start":{"line":19,"column":48},"end":{"line":21,"column":1}},"line":19},"1":{"name":"temaNavegacion","decl":{"start":{"line":32,"column":9},"end":{"line":32,"column":23}},"loc":{"start":{"line":32,"column":50},"end":{"line":51,"column":1}},"line":32},"2":{"name":"RootLayout","decl":{"start":{"line":53,"column":24},"end":{"line":53,"column":34}},"loc":{"start":{"line":53,"column":37},"end":{"line":116,"column":1}},"line":53},"3":{"name":"(anonymous_3)","decl":{"start":{"line":66,"column":12},"end":{"line":66,"column":13}},"loc":{"start":{"line":66,"column":18},"end":{"line":70,"column":3}},"line":66},"4":{"name":"(anonymous_4)","decl":{"start":{"line":69,"column":70},"end":{"line":69,"column":71}},"loc":{"start":{"line":69,"column":76},"end":{"line":69,"column":78}},"line":69},"5":{"name":"ErrorBoundary","decl":{"start":{"line":142,"column":16},"end":{"line":142,"column":29}},"loc":{"start":{"line":142,"column":85},"end":{"line":181,"column":1}},"line":142},"6":{"name":"(anonymous_6)","decl":{"start":{"line":145,"column":12},"end":{"line":145,"column":13}},"loc":{"start":{"line":145,"column":18},"end":{"line":147,"column":3}},"line":145},"7":{"name":"(anonymous_7)","decl":{"start":{"line":149,"column":20},"end":{"line":149,"column":21}},"loc":{"start":{"line":149,"column":26},"end":{"line":155,"column":3}},"line":149},"8":{"name":"(anonymous_8)","decl":{"start":{"line":151,"column":43},"end":{"line":151,"column":44}},"loc":{"start":{"line":151,"column":49},"end":{"line":154,"column":5}},"line":151}},"branchMap":{"0":{"loc":{"start":{"line":33,"column":12},"end":{"line":33,"column":49}},"type":"cond-expr","locations":[{"start":{"line":33,"column":23},"end":{"line":33,"column":34}},{"start":{"line":33,"column":37},"end":{"line":33,"column":49}}],"line":33},"1":{"loc":{"start":{"line":56,"column":12},"end":{"line":56,"column":49}},"type":"cond-expr","locations":[{"start":{"line":56,"column":23},"end":{"line":56,"column":34}},{"start":{"line":56,"column":37},"end":{"line":56,"column":49}}],"line":56},"2":{"loc":{"start":{"line":69,"column":4},"end":{"line":69,"column":80}},"type":"if","locations":[{"start":{"line":69,"column":4},"end":{"line":69,"column":80}},{"start":{},"end":{}}],"line":69},"3":{"loc":{"start":{"line":69,"column":8},"end":{"line":69,"column":37}},"type":"binary-expr","locations":[{"start":{"line":69,"column":8},"end":{"line":69,"column":21}},{"start":{"line":69,"column":25},"end":{"line":69,"column":37}}],"line":69},"4":{"loc":{"start":{"line":72,"column":2},"end":{"line":72,"column":51}},"type":"if","locations":[{"start":{"line":72,"column":2},"end":{"line":72,"column":51}},{"start":{},"end":{}}],"line":72},"5":{"loc":{"start":{"line":72,"column":6},"end":{"line":72,"column":37}},"type":"binary-expr","locations":[{"start":{"line":72,"column":6},"end":{"line":72,"column":20}},{"start":{"line":72,"column":24},"end":{"line":72,"column":37}}],"line":72},"6":{"loc":{"start":{"line":87,"column":24},"end":{"line":87,"column":51}},"type":"cond-expr","locations":[{"start":{"line":87,"column":35},"end":{"line":87,"column":42}},{"start":{"line":87,"column":45},"end":{"line":87,"column":51}}],"line":87},"7":{"loc":{"start":{"line":150,"column":74},"end":{"line":150,"column":92}},"type":"binary-expr","locations":[{"start":{"line":150,"column":74},"end":{"line":150,"column":86}},{"start":{"line":150,"column":90},"end":{"line":150,"column":92}}],"line":150}},"s":{"0":1,"1":0,"2":0,"3":0,"4":0,"5":0,"6":0,"7":0,"8":0,"9":0,"10":0,"11":0,"12":0,"13":0,"14":6,"15":6,"16":6,"17":6,"18":2,"19":2,"20":6,"21":1},"f":{"0":0,"1":0,"2":0,"3":0,"4":0,"5":6,"6":6,"7":2,"8":0},"b":{"0":[0,0],"1":[0,0],"2":[0,0],"3":[0,0],"4":[0,0],"5":[0,0],"6":[0,0],"7":[2,0]},"_coverageSchema":"1a1c01bbd47fc00a2c39e90264f33305004495a9","hash":"63a8ad0f8a19172ad538c159a8172bccf81038ba"}
,"/home/damianml/cuervo-pass/src/app/aviso-privacidad.tsx": {"path":"/home/damianml/cuervo-pass/src/app/aviso-privacidad.tsx","statementMap":{"0":{"start":{"line":21,"column":17},"end":{"line":21,"column":34}},"1":{"start":{"line":22,"column":2},"end":{"line":34,"column":4}},"2":{"start":{"line":25,"column":8},"end":{"line":31,"column":9}},"3":{"start":{"line":38,"column":2},"end":{"line":101,"column":3}},"4":{"start":{"line":40,"column":6},"end":{"line":44,"column":8}},"5":{"start":{"line":49,"column":6},"end":{"line":53,"column":8}},"6":{"start":{"line":56,"column":6},"end":{"line":69,"column":8}},"7":{"start":{"line":59,"column":12},"end":{"line":66,"column":19}},"8":{"start":{"line":74,"column":6},"end":{"line":85,"column":8}},"9":{"start":{"line":77,"column":12},"end":{"line":82,"column":25}},"10":{"start":{"line":88,"column":6},"end":{"line":100,"column":8}},"11":{"start":{"line":91,"column":25},"end":{"line":91,"column":52}},"12":{"start":{"line":95,"column":12},"end":{"line":97,"column":25}},"13":{"start":{"line":105,"column":2},"end":{"line":128,"column":4}},"14":{"start":{"line":116,"column":10},"end":{"line":124,"column":17}},"15":{"start":{"line":122,"column":14},"end":{"line":122,"column":53}},"16":{"start":{"line":131,"column":15},"end":{"line":150,"column":2}}},"fnMap":{"0":{"name":"TextoConNegritas","decl":{"start":{"line":19,"column":9},"end":{"line":19,"column":25}},"loc":{"start":{"line":19,"column":102},"end":{"line":35,"column":1}},"line":19},"1":{"name":"(anonymous_1)","decl":{"start":{"line":24,"column":18},"end":{"line":24,"column":19}},"loc":{"start":{"line":25,"column":8},"end":{"line":31,"column":9}},"line":25},"2":{"name":"BloqueAviso","decl":{"start":{"line":37,"column":9},"end":{"line":37,"column":20}},"loc":{"start":{"line":37,"column":53},"end":{"line":102,"column":1}},"line":37},"3":{"name":"(anonymous_3)","decl":{"start":{"line":58,"column":29},"end":{"line":58,"column":30}},"loc":{"start":{"line":59,"column":12},"end":{"line":66,"column":19}},"line":59},"4":{"name":"(anonymous_4)","decl":{"start":{"line":76,"column":28},"end":{"line":76,"column":29}},"loc":{"start":{"line":77,"column":12},"end":{"line":82,"column":25}},"line":77},"5":{"name":"(anonymous_5)","decl":{"start":{"line":91,"column":19},"end":{"line":91,"column":20}},"loc":{"start":{"line":91,"column":25},"end":{"line":91,"column":52}},"line":91},"6":{"name":"(anonymous_6)","decl":{"start":{"line":94,"column":11},"end":{"line":94,"column":12}},"loc":{"start":{"line":95,"column":12},"end":{"line":97,"column":25}},"line":95},"7":{"name":"AvisoPrivacidadScreen","decl":{"start":{"line":104,"column":24},"end":{"line":104,"column":45}},"loc":{"start":{"line":104,"column":48},"end":{"line":129,"column":1}},"line":104},"8":{"name":"(anonymous_8)","decl":{"start":{"line":115,"column":23},"end":{"line":115,"column":24}},"loc":{"start":{"line":116,"column":10},"end":{"line":124,"column":17}},"line":116},"9":{"name":"(anonymous_9)","decl":{"start":{"line":121,"column":33},"end":{"line":121,"column":34}},"loc":{"start":{"line":122,"column":14},"end":{"line":122,"column":53}},"line":122}},"branchMap":{"0":{"loc":{"start":{"line":19,"column":35},"end":{"line":19,"column":51}},"type":"default-arg","locations":[{"start":{"line":19,"column":42},"end":{"line":19,"column":51}}],"line":19},"1":{"loc":{"start":{"line":25,"column":8},"end":{"line":31,"column":9}},"type":"cond-expr","locations":[{"start":{"line":26,"column":10},"end":{"line":28,"column":23}},{"start":{"line":30,"column":10},"end":{"line":30,"column":46}}],"line":25},"2":{"loc":{"start":{"line":38,"column":2},"end":{"line":101,"column":3}},"type":"switch","locations":[{"start":{"line":39,"column":4},"end":{"line":44,"column":8}},{"start":{"line":48,"column":4},"end":{"line":53,"column":8}},{"start":{"line":55,"column":4},"end":{"line":69,"column":8}},{"start":{"line":73,"column":4},"end":{"line":85,"column":8}},{"start":{"line":87,"column":4},"end":{"line":100,"column":8}}],"line":38},"3":{"loc":{"start":{"line":95,"column":50},"end":{"line":95,"column":78}},"type":"binary-expr","locations":[{"start":{"line":95,"column":50},"end":{"line":95,"column":57}},{"start":{"line":95,"column":61},"end":{"line":95,"column":78}}],"line":95}},"s":{"0":91,"1":91,"2":195,"3":64,"4":34,"5":13,"6":10,"7":36,"8":5,"9":21,"10":2,"11":0,"12":2,"13":1,"14":10,"15":64,"16":1},"f":{"0":91,"1":195,"2":64,"3":36,"4":21,"5":0,"6":2,"7":1,"8":10,"9":64},"b":{"0":[70],"1":[52,143],"2":[34,13,10,5,2],"3":[2,0]},"_coverageSchema":"1a1c01bbd47fc00a2c39e90264f33305004495a9","hash":"47b49fb38bc14ec8ad14d7606b7e8c4f4e37b2f8"}
,"/home/damianml/cuervo-pass/src/app/(auth)/recuperar-contrasena.tsx": {"path":"/home/damianml/cuervo-pass/src/app/(auth)/recuperar-contrasena.tsx","statementMap":{"0":{"start":{"line":18,"column":16},"end":{"line":18,"column":72}},"1":{"start":{"line":22,"column":16},"end":{"line":22,"column":26}},"2":{"start":{"line":23,"column":36},"end":{"line":23,"column":55}},"3":{"start":{"line":24,"column":32},"end":{"line":24,"column":61}},"4":{"start":{"line":25,"column":34},"end":{"line":25,"column":49}},"5":{"start":{"line":30,"column":6},"end":{"line":30,"column":55}},"6":{"start":{"line":32,"column":19},"end":{"line":40,"column":3}},"7":{"start":{"line":33,"column":4},"end":{"line":33,"column":22}},"8":{"start":{"line":34,"column":4},"end":{"line":34,"column":21}},"9":{"start":{"line":35,"column":22},"end":{"line":35,"column":76}},"10":{"start":{"line":36,"column":4},"end":{"line":36,"column":23}},"11":{"start":{"line":37,"column":4},"end":{"line":39,"column":6}},"12":{"start":{"line":42,"column":2},"end":{"line":118,"column":4}},"13":{"start":{"line":67,"column":16},"end":{"line":78,"column":18}},"14":{"start":{"line":104,"column":29},"end":{"line":104,"column":42}},"15":{"start":{"line":121,"column":16},"end":{"line":145,"column":2}}},"fnMap":{"0":{"name":"RecuperarContrasenaScreen","decl":{"start":{"line":21,"column":24},"end":{"line":21,"column":49}},"loc":{"start":{"line":21,"column":52},"end":{"line":119,"column":1}},"line":21},"1":{"name":"(anonymous_1)","decl":{"start":{"line":32,"column":19},"end":{"line":32,"column":20}},"loc":{"start":{"line":32,"column":42},"end":{"line":40,"column":3}},"line":32},"2":{"name":"(anonymous_2)","decl":{"start":{"line":66,"column":22},"end":{"line":66,"column":23}},"loc":{"start":{"line":67,"column":16},"end":{"line":78,"column":18}},"line":67},"3":{"name":"(anonymous_3)","decl":{"start":{"line":104,"column":23},"end":{"line":104,"column":24}},"loc":{"start":{"line":104,"column":29},"end":{"line":104,"column":42}},"line":104}},"branchMap":{"0":{"loc":{"start":{"line":38,"column":6},"end":{"line":38,"column":113}},"type":"cond-expr","locations":[{"start":{"line":38,"column":14},"end":{"line":38,"column":61}},{"start":{"line":38,"column":64},"end":{"line":38,"column":113}}],"line":38},"1":{"loc":{"start":{"line":44,"column":63},"end":{"line":44,"column":108}},"type":"cond-expr","locations":[{"start":{"line":44,"column":87},"end":{"line":44,"column":96}},{"start":{"line":44,"column":99},"end":{"line":44,"column":108}}],"line":44},"2":{"loc":{"start":{"line":46,"column":55},"end":{"line":46,"column":99}},"type":"binary-expr","locations":[{"start":{"line":46,"column":55},"end":{"line":46,"column":73}},{"start":{"line":46,"column":77},"end":{"line":46,"column":99}}],"line":46},"3":{"loc":{"start":{"line":85,"column":13},"end":{"line":97,"column":13}},"type":"binary-expr","locations":[{"start":{"line":85,"column":13},"end":{"line":85,"column":20}},{"start":{"line":86,"column":14},"end":{"line":96,"column":21}}],"line":85}},"s":{"0":1,"1":2,"2":2,"3":2,"4":2,"5":2,"6":2,"7":0,"8":0,"9":0,"10":0,"11":0,"12":2,"13":2,"14":0,"15":1},"f":{"0":2,"1":0,"2":2,"3":0},"b":{"0":[0,0],"1":[2,0],"2":[2,2],"3":[2,0]},"_coverageSchema":"1a1c01bbd47fc00a2c39e90264f33305004495a9","hash":"3129666f246b88e23a049a87b6f2a4aee7c8559c"}
,"/home/damianml/cuervo-pass/src/app/(tabs)/chats.tsx": {"path":"/home/damianml/cuervo-pass/src/app/(tabs)/chats.tsx","statementMap":{"0":{"start":{"line":28,"column":16},"end":{"line":28,"column":26}},"1":{"start":{"line":29,"column":25},"end":{"line":29,"column":44}},"2":{"start":{"line":30,"column":18},"end":{"line":30,"column":48}},"3":{"start":{"line":30,"column":38},"end":{"line":30,"column":47}},"4":{"start":{"line":31,"column":46},"end":{"line":31,"column":81}},"5":{"start":{"line":32,"column":34},"end":{"line":32,"column":48}},"6":{"start":{"line":33,"column":24},"end":{"line":33,"column":33}},"7":{"start":{"line":38,"column":17},"end":{"line":55,"column":3}},"8":{"start":{"line":40,"column":19},"end":{"line":40,"column":35}},"9":{"start":{"line":41,"column":6},"end":{"line":41,"column":24}},"10":{"start":{"line":41,"column":17},"end":{"line":41,"column":24}},"11":{"start":{"line":42,"column":22},"end":{"line":42,"column":45}},"12":{"start":{"line":43,"column":6},"end":{"line":43,"column":44}},"13":{"start":{"line":43,"column":26},"end":{"line":43,"column":44}},"14":{"start":{"line":44,"column":6},"end":{"line":52,"column":7}},"15":{"start":{"line":45,"column":26},"end":{"line":45,"column":58}},"16":{"start":{"line":46,"column":8},"end":{"line":46,"column":54}},"17":{"start":{"line":46,"column":47},"end":{"line":46,"column":54}},"18":{"start":{"line":47,"column":8},"end":{"line":47,"column":37}},"19":{"start":{"line":49,"column":8},"end":{"line":49,"column":58}},"20":{"start":{"line":51,"column":8},"end":{"line":51,"column":66}},"21":{"start":{"line":51,"column":47},"end":{"line":51,"column":66}},"22":{"start":{"line":57,"column":2},"end":{"line":61,"column":4}},"23":{"start":{"line":59,"column":6},"end":{"line":59,"column":19}},"24":{"start":{"line":63,"column":2},"end":{"line":65,"column":15}},"25":{"start":{"line":64,"column":4},"end":{"line":64,"column":53}},"26":{"start":{"line":64,"column":38},"end":{"line":64,"column":51}},"27":{"start":{"line":69,"column":33},"end":{"line":69,"column":100}},"28":{"start":{"line":69,"column":76},"end":{"line":69,"column":98}},"29":{"start":{"line":71,"column":2},"end":{"line":170,"column":4}},"30":{"start":{"line":92,"column":34},"end":{"line":92,"column":53}},"31":{"start":{"line":97,"column":40},"end":{"line":97,"column":54}},"32":{"start":{"line":99,"column":28},"end":{"line":99,"column":100}},"33":{"start":{"line":100,"column":24},"end":{"line":100,"column":102}},"34":{"start":{"line":101,"column":12},"end":{"line":158,"column":14}},"35":{"start":{"line":103,"column":31},"end":{"line":103,"column":74}},"36":{"start":{"line":104,"column":40},"end":{"line":104,"column":85}},"37":{"start":{"line":173,"column":16},"end":{"line":199,"column":2}}},"fnMap":{"0":{"name":"ChatsScreen","decl":{"start":{"line":27,"column":24},"end":{"line":27,"column":35}},"loc":{"start":{"line":27,"column":38},"end":{"line":171,"column":1}},"line":27},"1":{"name":"(anonymous_1)","decl":{"start":{"line":30,"column":31},"end":{"line":30,"column":32}},"loc":{"start":{"line":30,"column":38},"end":{"line":30,"column":47}},"line":30},"2":{"name":"(anonymous_2)","decl":{"start":{"line":39,"column":4},"end":{"line":39,"column":5}},"loc":{"start":{"line":39,"column":39},"end":{"line":53,"column":5}},"line":39},"3":{"name":"(anonymous_3)","decl":{"start":{"line":58,"column":16},"end":{"line":58,"column":17}},"loc":{"start":{"line":58,"column":22},"end":{"line":60,"column":5}},"line":58},"4":{"name":"(anonymous_4)","decl":{"start":{"line":63,"column":12},"end":{"line":63,"column":13}},"loc":{"start":{"line":63,"column":18},"end":{"line":65,"column":3}},"line":63},"5":{"name":"(anonymous_5)","decl":{"start":{"line":64,"column":32},"end":{"line":64,"column":33}},"loc":{"start":{"line":64,"column":38},"end":{"line":64,"column":51}},"line":64},"6":{"name":"(anonymous_6)","decl":{"start":{"line":69,"column":69},"end":{"line":69,"column":70}},"loc":{"start":{"line":69,"column":76},"end":{"line":69,"column":98}},"line":69},"7":{"name":"(anonymous_7)","decl":{"start":{"line":92,"column":24},"end":{"line":92,"column":25}},"loc":{"start":{"line":92,"column":34},"end":{"line":92,"column":53}},"line":92},"8":{"name":"(anonymous_8)","decl":{"start":{"line":97,"column":34},"end":{"line":97,"column":35}},"loc":{"start":{"line":97,"column":40},"end":{"line":97,"column":54}},"line":97},"9":{"name":"(anonymous_9)","decl":{"start":{"line":98,"column":22},"end":{"line":98,"column":23}},"loc":{"start":{"line":98,"column":36},"end":{"line":159,"column":11}},"line":98},"10":{"name":"(anonymous_10)","decl":{"start":{"line":103,"column":25},"end":{"line":103,"column":26}},"loc":{"start":{"line":103,"column":31},"end":{"line":103,"column":74}},"line":103},"11":{"name":"(anonymous_11)","decl":{"start":{"line":104,"column":23},"end":{"line":104,"column":24}},"loc":{"start":{"line":104,"column":40},"end":{"line":104,"column":85}},"line":104}},"branchMap":{"0":{"loc":{"start":{"line":41,"column":6},"end":{"line":41,"column":24}},"type":"if","locations":[{"start":{"line":41,"column":6},"end":{"line":41,"column":24}},{"start":{},"end":{}}],"line":41},"1":{"loc":{"start":{"line":43,"column":6},"end":{"line":43,"column":44}},"type":"if","locations":[{"start":{"line":43,"column":6},"end":{"line":43,"column":44}},{"start":{},"end":{}}],"line":43},"2":{"loc":{"start":{"line":46,"column":8},"end":{"line":46,"column":54}},"type":"if","locations":[{"start":{"line":46,"column":8},"end":{"line":46,"column":54}},{"start":{},"end":{}}],"line":46},"3":{"loc":{"start":{"line":51,"column":8},"end":{"line":51,"column":66}},"type":"if","locations":[{"start":{"line":51,"column":8},"end":{"line":51,"column":66}},{"start":{},"end":{}}],"line":51},"4":{"loc":{"start":{"line":78,"column":16},"end":{"line":78,"column":106}},"type":"cond-expr","locations":[{"start":{"line":78,"column":46},"end":{"line":78,"column":62}},{"start":{"line":78,"column":65},"end":{"line":78,"column":106}}],"line":78},"5":{"loc":{"start":{"line":82,"column":7},"end":{"line":168,"column":7}},"type":"cond-expr","locations":[{"start":{"line":83,"column":8},"end":{"line":88,"column":15}},{"start":{"line":90,"column":8},"end":{"line":167,"column":10}}],"line":82},"6":{"loc":{"start":{"line":99,"column":29},"end":{"line":99,"column":68}},"type":"binary-expr","locations":[{"start":{"line":99,"column":29},"end":{"line":99,"column":61}},{"start":{"line":99,"column":65},"end":{"line":99,"column":68}}],"line":99},"7":{"loc":{"start":{"line":100,"column":24},"end":{"line":100,"column":102}},"type":"cond-expr","locations":[{"start":{"line":100,"column":52},"end":{"line":100,"column":95}},{"start":{"line":100,"column":98},"end":{"line":100,"column":102}}],"line":100},"8":{"loc":{"start":{"line":104,"column":55},"end":{"line":104,"column":84}},"type":"binary-expr","locations":[{"start":{"line":104,"column":55},"end":{"line":104,"column":62}},{"start":{"line":104,"column":66},"end":{"line":104,"column":84}}],"line":104},"9":{"loc":{"start":{"line":108,"column":19},"end":{"line":108,"column":73}},"type":"cond-expr","locations":[{"start":{"line":108,"column":39},"end":{"line":108,"column":68}},{"start":{"line":108,"column":71},"end":{"line":108,"column":73}}],"line":108},"10":{"loc":{"start":{"line":109,"column":19},"end":{"line":109,"column":74}},"type":"binary-expr","locations":[{"start":{"line":109,"column":19},"end":{"line":109,"column":48}},{"start":{"line":109,"column":52},"end":{"line":109,"column":74}}],"line":109},"11":{"loc":{"start":{"line":112,"column":17},"end":{"line":122,"column":17}},"type":"cond-expr","locations":[{"start":{"line":113,"column":18},"end":{"line":113,"column":105}},{"start":{"line":117,"column":18},"end":{"line":121,"column":25}}],"line":112},"12":{"loc":{"start":{"line":127,"column":27},"end":{"line":127,"column":80}},"type":"cond-expr","locations":[{"start":{"line":127,"column":47},"end":{"line":127,"column":68}},{"start":{"line":127,"column":71},"end":{"line":127,"column":80}}],"line":127},"13":{"loc":{"start":{"line":133,"column":32},"end":{"line":133,"column":76}},"type":"cond-expr","locations":[{"start":{"line":133,"column":52},"end":{"line":133,"column":58}},{"start":{"line":133,"column":61},"end":{"line":133,"column":76}}],"line":133},"14":{"loc":{"start":{"line":136,"column":21},"end":{"line":136,"column":76}},"type":"binary-expr","locations":[{"start":{"line":136,"column":21},"end":{"line":136,"column":50}},{"start":{"line":136,"column":54},"end":{"line":136,"column":76}}],"line":136},"15":{"loc":{"start":{"line":141,"column":19},"end":{"line":145,"column":19}},"type":"binary-expr","locations":[{"start":{"line":141,"column":19},"end":{"line":141,"column":37}},{"start":{"line":142,"column":20},"end":{"line":144,"column":33}}],"line":141},"16":{"loc":{"start":{"line":149,"column":19},"end":{"line":155,"column":19}},"type":"binary-expr","locations":[{"start":{"line":149,"column":19},"end":{"line":149,"column":36}},{"start":{"line":150,"column":20},"end":{"line":154,"column":27}}],"line":149},"17":{"loc":{"start":{"line":152,"column":25},"end":{"line":152,"column":67}},"type":"cond-expr","locations":[{"start":{"line":152,"column":46},"end":{"line":152,"column":51}},{"start":{"line":152,"column":54},"end":{"line":152,"column":67}}],"line":152}},"s":{"0":2,"1":2,"2":2,"3":2,"4":2,"5":2,"6":2,"7":2,"8":1,"9":1,"10":0,"11":1,"12":1,"13":1,"14":1,"15":1,"16":1,"17":0,"18":1,"19":0,"20":1,"21":1,"22":2,"23":1,"24":2,"25":1,"26":0,"27":2,"28":0,"29":2,"30":0,"31":0,"32":0,"33":0,"34":0,"35":0,"36":0,"37":1},"f":{"0":2,"1":2,"2":1,"3":1,"4":1,"5":0,"6":0,"7":0,"8":0,"9":0,"10":0,"11":0},"b":{"0":[0,1],"1":[1,0],"2":[0,1],"3":[1,0],"4":[0,2],"5":[1,1],"6":[0,0],"7":[0,0],"8":[0,0],"9":[0,0],"10":[0,0],"11":[0,0],"12":[0,0],"13":[0,0],"14":[0,0],"15":[0,0],"16":[0,0],"17":[0,0]},"_coverageSchema":"1a1c01bbd47fc00a2c39e90264f33305004495a9","hash":"7089728c5c1e236a200fbf9168ba1862a4725c3b"}
,"/home/damianml/cuervo-pass/src/app/(tabs)/perfil.tsx": {"path":"/home/damianml/cuervo-pass/src/app/(tabs)/perfil.tsx","statementMap":{"0":{"start":{"line":37,"column":16},"end":{"line":37,"column":26}},"1":{"start":{"line":38,"column":25},"end":{"line":38,"column":44}},"2":{"start":{"line":39,"column":36},"end":{"line":39,"column":55}},"3":{"start":{"line":40,"column":18},"end":{"line":40,"column":48}},"4":{"start":{"line":40,"column":38},"end":{"line":40,"column":47}},"5":{"start":{"line":41,"column":23},"end":{"line":41,"column":58}},"6":{"start":{"line":41,"column":43},"end":{"line":41,"column":57}},"7":{"start":{"line":42,"column":63},"end":{"line":42,"column":79}},"8":{"start":{"line":44,"column":36},"end":{"line":44,"column":48}},"9":{"start":{"line":45,"column":42},"end":{"line":45,"column":57}},"10":{"start":{"line":46,"column":36},"end":{"line":46,"column":51}},"11":{"start":{"line":47,"column":38},"end":{"line":47,"column":53}},"12":{"start":{"line":48,"column":28},"end":{"line":48,"column":57}},"13":{"start":{"line":53,"column":60},"end":{"line":53,"column":106}},"14":{"start":{"line":54,"column":2},"end":{"line":57,"column":3}},"15":{"start":{"line":55,"column":4},"end":{"line":55,"column":48}},"16":{"start":{"line":56,"column":4},"end":{"line":56,"column":42}},"17":{"start":{"line":59,"column":2},"end":{"line":61,"column":39}},"18":{"start":{"line":60,"column":4},"end":{"line":60,"column":56}},"19":{"start":{"line":60,"column":26},"end":{"line":60,"column":56}},"20":{"start":{"line":65,"column":33},"end":{"line":65,"column":69}},"21":{"start":{"line":66,"column":18},"end":{"line":66,"column":77}},"22":{"start":{"line":68,"column":24},"end":{"line":93,"column":3}},"23":{"start":{"line":69,"column":4},"end":{"line":69,"column":34}},"24":{"start":{"line":69,"column":27},"end":{"line":69,"column":34}},"25":{"start":{"line":70,"column":4},"end":{"line":70,"column":19}},"26":{"start":{"line":71,"column":20},"end":{"line":71,"column":75}},"27":{"start":{"line":72,"column":4},"end":{"line":75,"column":5}},"28":{"start":{"line":73,"column":6},"end":{"line":73,"column":63}},"29":{"start":{"line":74,"column":6},"end":{"line":74,"column":13}},"30":{"start":{"line":76,"column":22},"end":{"line":81,"column":6}},"31":{"start":{"line":82,"column":4},"end":{"line":82,"column":35}},"32":{"start":{"line":82,"column":28},"end":{"line":82,"column":35}},"33":{"start":{"line":84,"column":4},"end":{"line":84,"column":26}},"34":{"start":{"line":85,"column":4},"end":{"line":92,"column":5}},"35":{"start":{"line":86,"column":19},"end":{"line":86,"column":82}},"36":{"start":{"line":87,"column":6},"end":{"line":87,"column":66}},"37":{"start":{"line":89,"column":6},"end":{"line":89,"column":76}},"38":{"start":{"line":91,"column":6},"end":{"line":91,"column":29}},"39":{"start":{"line":95,"column":29},"end":{"line":106,"column":3}},"40":{"start":{"line":96,"column":4},"end":{"line":96,"column":34}},"41":{"start":{"line":96,"column":27},"end":{"line":96,"column":34}},"42":{"start":{"line":97,"column":4},"end":{"line":97,"column":19}},"43":{"start":{"line":98,"column":4},"end":{"line":98,"column":23}},"44":{"start":{"line":99,"column":4},"end":{"line":105,"column":5}},"45":{"start":{"line":100,"column":6},"end":{"line":100,"column":61}},"46":{"start":{"line":102,"column":6},"end":{"line":102,"column":83}},"47":{"start":{"line":104,"column":6},"end":{"line":104,"column":26}},"48":{"start":{"line":112,"column":30},"end":{"line":125,"column":3}},"49":{"start":{"line":113,"column":4},"end":{"line":113,"column":24}},"50":{"start":{"line":114,"column":4},"end":{"line":124,"column":5}},"51":{"start":{"line":115,"column":20},"end":{"line":115,"column":44}},"52":{"start":{"line":116,"column":6},"end":{"line":119,"column":9}},"53":{"start":{"line":121,"column":6},"end":{"line":121,"column":109}},"54":{"start":{"line":123,"column":6},"end":{"line":123,"column":27}},"55":{"start":{"line":129,"column":27},"end":{"line":149,"column":3}},"56":{"start":{"line":130,"column":4},"end":{"line":148,"column":6}},"57":{"start":{"line":139,"column":12},"end":{"line":144,"column":13}},"58":{"start":{"line":140,"column":14},"end":{"line":140,"column":39}},"59":{"start":{"line":141,"column":14},"end":{"line":141,"column":46}},"60":{"start":{"line":143,"column":14},"end":{"line":143,"column":113}},"61":{"start":{"line":151,"column":25},"end":{"line":154,"column":3}},"62":{"start":{"line":152,"column":4},"end":{"line":152,"column":25}},"63":{"start":{"line":153,"column":4},"end":{"line":153,"column":36}},"64":{"start":{"line":156,"column":2},"end":{"line":165,"column":3}},"65":{"start":{"line":157,"column":4},"end":{"line":164,"column":6}},"66":{"start":{"line":167,"column":16},"end":{"line":167,"column":78}},"67":{"start":{"line":168,"column":28},"end":{"line":168,"column":67}},"68":{"start":{"line":170,"column":4},"end":{"line":172,"column":21}},"69":{"start":{"line":174,"column":2},"end":{"line":454,"column":4}},"70":{"start":{"line":195,"column":40},"end":{"line":195,"column":94}},"71":{"start":{"line":266,"column":33},"end":{"line":266,"column":68}},"72":{"start":{"line":397,"column":33},"end":{"line":397,"column":65}},"73":{"start":{"line":437,"column":40},"end":{"line":441,"column":17}},"74":{"start":{"line":457,"column":16},"end":{"line":526,"column":2}}},"fnMap":{"0":{"name":"PerfilScreen","decl":{"start":{"line":36,"column":24},"end":{"line":36,"column":36}},"loc":{"start":{"line":36,"column":39},"end":{"line":455,"column":1}},"line":36},"1":{"name":"(anonymous_1)","decl":{"start":{"line":40,"column":31},"end":{"line":40,"column":32}},"loc":{"start":{"line":40,"column":38},"end":{"line":40,"column":47}},"line":40},"2":{"name":"(anonymous_2)","decl":{"start":{"line":41,"column":36},"end":{"line":41,"column":37}},"loc":{"start":{"line":41,"column":43},"end":{"line":41,"column":57}},"line":41},"3":{"name":"(anonymous_3)","decl":{"start":{"line":59,"column":12},"end":{"line":59,"column":13}},"loc":{"start":{"line":59,"column":18},"end":{"line":61,"column":3}},"line":59},"4":{"name":"(anonymous_4)","decl":{"start":{"line":68,"column":24},"end":{"line":68,"column":25}},"loc":{"start":{"line":68,"column":36},"end":{"line":93,"column":3}},"line":68},"5":{"name":"(anonymous_5)","decl":{"start":{"line":95,"column":29},"end":{"line":95,"column":30}},"loc":{"start":{"line":95,"column":41},"end":{"line":106,"column":3}},"line":95},"6":{"name":"(anonymous_6)","decl":{"start":{"line":112,"column":30},"end":{"line":112,"column":31}},"loc":{"start":{"line":112,"column":42},"end":{"line":125,"column":3}},"line":112},"7":{"name":"(anonymous_7)","decl":{"start":{"line":129,"column":27},"end":{"line":129,"column":28}},"loc":{"start":{"line":129,"column":33},"end":{"line":149,"column":3}},"line":129},"8":{"name":"(anonymous_8)","decl":{"start":{"line":138,"column":19},"end":{"line":138,"column":20}},"loc":{"start":{"line":138,"column":31},"end":{"line":145,"column":11}},"line":138},"9":{"name":"(anonymous_9)","decl":{"start":{"line":151,"column":25},"end":{"line":151,"column":26}},"loc":{"start":{"line":151,"column":37},"end":{"line":154,"column":3}},"line":151},"10":{"name":"(anonymous_10)","decl":{"start":{"line":195,"column":23},"end":{"line":195,"column":24}},"loc":{"start":{"line":195,"column":40},"end":{"line":195,"column":94}},"line":195},"11":{"name":"(anonymous_11)","decl":{"start":{"line":266,"column":27},"end":{"line":266,"column":28}},"loc":{"start":{"line":266,"column":33},"end":{"line":266,"column":68}},"line":266},"12":{"name":"(anonymous_12)","decl":{"start":{"line":397,"column":27},"end":{"line":397,"column":28}},"loc":{"start":{"line":397,"column":33},"end":{"line":397,"column":65}},"line":397},"13":{"name":"(anonymous_13)","decl":{"start":{"line":437,"column":23},"end":{"line":437,"column":24}},"loc":{"start":{"line":437,"column":40},"end":{"line":441,"column":17}},"line":437}},"branchMap":{"0":{"loc":{"start":{"line":54,"column":2},"end":{"line":57,"column":3}},"type":"if","locations":[{"start":{"line":54,"column":2},"end":{"line":57,"column":3}},{"start":{},"end":{}}],"line":54},"1":{"loc":{"start":{"line":56,"column":17},"end":{"line":56,"column":40}},"type":"binary-expr","locations":[{"start":{"line":56,"column":17},"end":{"line":56,"column":34}},{"start":{"line":56,"column":38},"end":{"line":56,"column":40}}],"line":56},"2":{"loc":{"start":{"line":60,"column":4},"end":{"line":60,"column":56}},"type":"if","locations":[{"start":{"line":60,"column":4},"end":{"line":60,"column":56}},{"start":{},"end":{}}],"line":60},"3":{"loc":{"start":{"line":66,"column":18},"end":{"line":66,"column":77}},"type":"cond-expr","locations":[{"start":{"line":66,"column":37},"end":{"line":66,"column":70}},{"start":{"line":66,"column":73},"end":{"line":66,"column":77}}],"line":66},"4":{"loc":{"start":{"line":69,"column":4},"end":{"line":69,"column":34}},"type":"if","locations":[{"start":{"line":69,"column":4},"end":{"line":69,"column":34}},{"start":{},"end":{}}],"line":69},"5":{"loc":{"start":{"line":72,"column":4},"end":{"line":75,"column":5}},"type":"if","locations":[{"start":{"line":72,"column":4},"end":{"line":75,"column":5}},{"start":{},"end":{}}],"line":72},"6":{"loc":{"start":{"line":82,"column":4},"end":{"line":82,"column":35}},"type":"if","locations":[{"start":{"line":82,"column":4},"end":{"line":82,"column":35}},{"start":{},"end":{}}],"line":82},"7":{"loc":{"start":{"line":89,"column":15},"end":{"line":89,"column":74}},"type":"cond-expr","locations":[{"start":{"line":89,"column":36},"end":{"line":89,"column":45}},{"start":{"line":89,"column":48},"end":{"line":89,"column":74}}],"line":89},"8":{"loc":{"start":{"line":96,"column":4},"end":{"line":96,"column":34}},"type":"if","locations":[{"start":{"line":96,"column":4},"end":{"line":96,"column":34}},{"start":{},"end":{}}],"line":96},"9":{"loc":{"start":{"line":102,"column":15},"end":{"line":102,"column":81}},"type":"cond-expr","locations":[{"start":{"line":102,"column":36},"end":{"line":102,"column":45}},{"start":{"line":102,"column":48},"end":{"line":102,"column":81}}],"line":102},"10":{"loc":{"start":{"line":121,"column":55},"end":{"line":121,"column":107}},"type":"cond-expr","locations":[{"start":{"line":121,"column":76},"end":{"line":121,"column":85}},{"start":{"line":121,"column":88},"end":{"line":121,"column":107}}],"line":121},"11":{"loc":{"start":{"line":143,"column":59},"end":{"line":143,"column":111}},"type":"cond-expr","locations":[{"start":{"line":143,"column":80},"end":{"line":143,"column":89}},{"start":{"line":143,"column":92},"end":{"line":143,"column":111}}],"line":143},"12":{"loc":{"start":{"line":156,"column":2},"end":{"line":165,"column":3}},"type":"if","locations":[{"start":{"line":156,"column":2},"end":{"line":165,"column":3}},{"start":{},"end":{}}],"line":156},"13":{"loc":{"start":{"line":167,"column":17},"end":{"line":167,"column":33}},"type":"binary-expr","locations":[{"start":{"line":167,"column":17},"end":{"line":167,"column":27}},{"start":{"line":167,"column":31},"end":{"line":167,"column":33}}],"line":167},"14":{"loc":{"start":{"line":168,"column":43},"end":{"line":168,"column":66}},"type":"binary-expr","locations":[{"start":{"line":168,"column":43},"end":{"line":168,"column":60}},{"start":{"line":168,"column":64},"end":{"line":168,"column":66}}],"line":168},"15":{"loc":{"start":{"line":170,"column":4},"end":{"line":172,"column":21}},"type":"cond-expr","locations":[{"start":{"line":171,"column":8},"end":{"line":171,"column":113}},{"start":{"line":172,"column":8},"end":{"line":172,"column":21}}],"line":170},"16":{"loc":{"start":{"line":170,"column":4},"end":{"line":170,"column":70}},"type":"binary-expr","locations":[{"start":{"line":170,"column":4},"end":{"line":170,"column":35}},{"start":{"line":170,"column":39},"end":{"line":170,"column":70}}],"line":170},"17":{"loc":{"start":{"line":176,"column":63},"end":{"line":176,"column":108}},"type":"cond-expr","locations":[{"start":{"line":176,"column":87},"end":{"line":176,"column":96}},{"start":{"line":176,"column":99},"end":{"line":176,"column":108}}],"line":176},"18":{"loc":{"start":{"line":181,"column":12},"end":{"line":181,"column":56}},"type":"binary-expr","locations":[{"start":{"line":181,"column":12},"end":{"line":181,"column":30}},{"start":{"line":181,"column":34},"end":{"line":181,"column":56}}],"line":181},"19":{"loc":{"start":{"line":193,"column":36},"end":{"line":193,"column":104}},"type":"cond-expr","locations":[{"start":{"line":193,"column":46},"end":{"line":193,"column":73}},{"start":{"line":193,"column":76},"end":{"line":193,"column":104}}],"line":193},"20":{"loc":{"start":{"line":195,"column":64},"end":{"line":195,"column":93}},"type":"binary-expr","locations":[{"start":{"line":195,"column":64},"end":{"line":195,"column":71}},{"start":{"line":195,"column":75},"end":{"line":195,"column":93}}],"line":195},"21":{"loc":{"start":{"line":197,"column":17},"end":{"line":209,"column":17}},"type":"cond-expr","locations":[{"start":{"line":198,"column":18},"end":{"line":198,"column":107}},{"start":{"line":200,"column":18},"end":{"line":208,"column":25}}],"line":197},"22":{"loc":{"start":{"line":213,"column":19},"end":{"line":217,"column":19}},"type":"cond-expr","locations":[{"start":{"line":214,"column":20},"end":{"line":214,"column":83}},{"start":{"line":216,"column":20},"end":{"line":216,"column":85}}],"line":213},"23":{"loc":{"start":{"line":226,"column":19},"end":{"line":226,"column":58}},"type":"binary-expr","locations":[{"start":{"line":226,"column":19},"end":{"line":226,"column":42}},{"start":{"line":226,"column":46},"end":{"line":226,"column":58}}],"line":226},"24":{"loc":{"start":{"line":229,"column":20},"end":{"line":229,"column":49}},"type":"binary-expr","locations":[{"start":{"line":229,"column":20},"end":{"line":229,"column":42}},{"start":{"line":229,"column":46},"end":{"line":229,"column":49}}],"line":229},"25":{"loc":{"start":{"line":231,"column":17},"end":{"line":238,"column":24}},"type":"cond-expr","locations":[{"start":{"line":232,"column":18},"end":{"line":237,"column":25}},{"start":{"line":238,"column":20},"end":{"line":238,"column":24}}],"line":231},"26":{"loc":{"start":{"line":244,"column":13},"end":{"line":255,"column":13}},"type":"binary-expr","locations":[{"start":{"line":244,"column":13},"end":{"line":244,"column":18}},{"start":{"line":245,"column":14},"end":{"line":254,"column":21}}],"line":244},"27":{"loc":{"start":{"line":283,"column":25},"end":{"line":283,"column":107}},"type":"cond-expr","locations":[{"start":{"line":283,"column":60},"end":{"line":283,"column":91}},{"start":{"line":283,"column":94},"end":{"line":283,"column":107}}],"line":283},"28":{"loc":{"start":{"line":285,"column":24},"end":{"line":285,"column":80}},"type":"cond-expr","locations":[{"start":{"line":285,"column":59},"end":{"line":285,"column":67}},{"start":{"line":285,"column":70},"end":{"line":285,"column":80}}],"line":285},"29":{"loc":{"start":{"line":291,"column":25},"end":{"line":291,"column":64}},"type":"cond-expr","locations":[{"start":{"line":291,"column":44},"end":{"line":291,"column":51}},{"start":{"line":291,"column":54},"end":{"line":291,"column":64}}],"line":291},"30":{"loc":{"start":{"line":294,"column":24},"end":{"line":294,"column":64}},"type":"cond-expr","locations":[{"start":{"line":294,"column":43},"end":{"line":294,"column":51}},{"start":{"line":294,"column":54},"end":{"line":294,"column":64}}],"line":294},"31":{"loc":{"start":{"line":298,"column":25},"end":{"line":298,"column":58}},"type":"cond-expr","locations":[{"start":{"line":298,"column":40},"end":{"line":298,"column":46}},{"start":{"line":298,"column":49},"end":{"line":298,"column":58}}],"line":298},"32":{"loc":{"start":{"line":300,"column":24},"end":{"line":300,"column":60}},"type":"cond-expr","locations":[{"start":{"line":300,"column":39},"end":{"line":300,"column":47}},{"start":{"line":300,"column":50},"end":{"line":300,"column":60}}],"line":300},"33":{"loc":{"start":{"line":306,"column":25},"end":{"line":306,"column":61}},"type":"binary-expr","locations":[{"start":{"line":306,"column":25},"end":{"line":306,"column":44}},{"start":{"line":306,"column":48},"end":{"line":306,"column":61}}],"line":306},"34":{"loc":{"start":{"line":308,"column":24},"end":{"line":308,"column":67}},"type":"cond-expr","locations":[{"start":{"line":308,"column":46},"end":{"line":308,"column":54}},{"start":{"line":308,"column":57},"end":{"line":308,"column":67}}],"line":308},"35":{"loc":{"start":{"line":312,"column":25},"end":{"line":312,"column":59}},"type":"cond-expr","locations":[{"start":{"line":312,"column":48},"end":{"line":312,"column":52}},{"start":{"line":312,"column":55},"end":{"line":312,"column":59}}],"line":312},"36":{"loc":{"start":{"line":314,"column":24},"end":{"line":314,"column":68}},"type":"cond-expr","locations":[{"start":{"line":314,"column":47},"end":{"line":314,"column":55}},{"start":{"line":314,"column":58},"end":{"line":314,"column":68}}],"line":314},"37":{"loc":{"start":{"line":328,"column":31},"end":{"line":328,"column":96}},"type":"cond-expr","locations":[{"start":{"line":328,"column":63},"end":{"line":328,"column":81}},{"start":{"line":328,"column":84},"end":{"line":328,"column":96}}],"line":328},"38":{"loc":{"start":{"line":329,"column":35},"end":{"line":329,"column":112}},"type":"cond-expr","locations":[{"start":{"line":329,"column":67},"end":{"line":329,"column":86}},{"start":{"line":329,"column":89},"end":{"line":329,"column":112}}],"line":329},"39":{"loc":{"start":{"line":335,"column":24},"end":{"line":335,"column":87}},"type":"cond-expr","locations":[{"start":{"line":335,"column":56},"end":{"line":335,"column":66}},{"start":{"line":335,"column":69},"end":{"line":335,"column":87}}],"line":335},"40":{"loc":{"start":{"line":337,"column":25},"end":{"line":337,"column":91}},"type":"cond-expr","locations":[{"start":{"line":337,"column":57},"end":{"line":337,"column":69}},{"start":{"line":337,"column":72},"end":{"line":337,"column":91}}],"line":337},"41":{"loc":{"start":{"line":339,"column":56},"end":{"line":339,"column":114}},"type":"cond-expr","locations":[{"start":{"line":339,"column":88},"end":{"line":339,"column":96}},{"start":{"line":339,"column":99},"end":{"line":339,"column":114}}],"line":339},"42":{"loc":{"start":{"line":340,"column":37},"end":{"line":340,"column":95}},"type":"cond-expr","locations":[{"start":{"line":340,"column":69},"end":{"line":340,"column":79}},{"start":{"line":340,"column":82},"end":{"line":340,"column":95}}],"line":340},"43":{"loc":{"start":{"line":344,"column":17},"end":{"line":346,"column":155}},"type":"cond-expr","locations":[{"start":{"line":345,"column":20},"end":{"line":345,"column":136}},{"start":{"line":346,"column":20},"end":{"line":346,"column":155}}],"line":344},"44":{"loc":{"start":{"line":369,"column":17},"end":{"line":373,"column":17}},"type":"binary-expr","locations":[{"start":{"line":369,"column":17},"end":{"line":369,"column":34}},{"start":{"line":370,"column":18},"end":{"line":372,"column":31}}],"line":369},"45":{"loc":{"start":{"line":375,"column":15},"end":{"line":379,"column":15}},"type":"binary-expr","locations":[{"start":{"line":375,"column":15},"end":{"line":375,"column":32}},{"start":{"line":376,"column":16},"end":{"line":378,"column":24}}],"line":375},"46":{"loc":{"start":{"line":404,"column":20},"end":{"line":406,"column":78}},"type":"cond-expr","locations":[{"start":{"line":405,"column":24},"end":{"line":405,"column":48}},{"start":{"line":406,"column":24},"end":{"line":406,"column":78}}],"line":404},"47":{"loc":{"start":{"line":408,"column":27},"end":{"line":408,"column":71}},"type":"cond-expr","locations":[{"start":{"line":408,"column":40},"end":{"line":408,"column":49}},{"start":{"line":408,"column":52},"end":{"line":408,"column":71}}],"line":408},"48":{"loc":{"start":{"line":440,"column":18},"end":{"line":440,"column":47}},"type":"binary-expr","locations":[{"start":{"line":440,"column":18},"end":{"line":440,"column":25}},{"start":{"line":440,"column":29},"end":{"line":440,"column":47}}],"line":440}},"s":{"0":10,"1":10,"2":10,"3":10,"4":10,"5":10,"6":10,"7":10,"8":10,"9":10,"10":10,"11":10,"12":10,"13":10,"14":10,"15":5,"16":5,"17":10,"18":5,"19":5,"20":10,"21":10,"22":10,"23":0,"24":0,"25":0,"26":0,"27":0,"28":0,"29":0,"30":0,"31":0,"32":0,"33":0,"34":0,"35":0,"36":0,"37":0,"38":0,"39":10,"40":0,"41":0,"42":0,"43":0,"44":0,"45":0,"46":0,"47":0,"48":10,"49":0,"50":0,"51":0,"52":0,"53":0,"54":0,"55":10,"56":5,"57":2,"58":2,"59":1,"60":1,"61":10,"62":0,"63":0,"64":10,"65":0,"66":10,"67":10,"68":10,"69":10,"70":5,"71":0,"72":0,"73":5,"74":1},"f":{"0":10,"1":10,"2":10,"3":5,"4":0,"5":0,"6":0,"7":5,"8":2,"9":0,"10":5,"11":0,"12":0,"13":5},"b":{"0":[5,5],"1":[5,0],"2":[5,0],"3":[0,10],"4":[0,0],"5":[0,0],"6":[0,0],"7":[0,0],"8":[0,0],"9":[0,0],"10":[0,0],"11":[1,0],"12":[0,10],"13":[10,0],"14":[10,0],"15":[10,0],"16":[10,10],"17":[10,0],"18":[10,10],"19":[0,10],"20":[5,0],"21":[0,10],"22":[0,10],"23":[10,0],"24":[10,0],"25":[10,0],"26":[10,0],"27":[10,0],"28":[10,0],"29":[0,10],"30":[0,10],"31":[0,10],"32":[0,10],"33":[10,0],"34":[10,0],"35":[10,0],"36":[10,0],"37":[10,0],"38":[10,0],"39":[10,0],"40":[10,0],"41":[10,0],"42":[10,0],"43":[10,0],"44":[10,0],"45":[10,0],"46":[0,10],"47":[0,10],"48":[5,0]},"_coverageSchema":"1a1c01bbd47fc00a2c39e90264f33305004495a9","hash":"1ec97d878471bcd72e39e004488198e6b1ab5609"}
,"/home/damianml/cuervo-pass/src/app/(tabs)/publicaciones.tsx": {"path":"/home/damianml/cuervo-pass/src/app/(tabs)/publicaciones.tsx","statementMap":{"0":{"start":{"line":30,"column":16},"end":{"line":30,"column":26}},"1":{"start":{"line":31,"column":25},"end":{"line":31,"column":44}},"2":{"start":{"line":32,"column":15},"end":{"line":32,"column":54}},"3":{"start":{"line":32,"column":35},"end":{"line":32,"column":53}},"4":{"start":{"line":33,"column":44},"end":{"line":33,"column":71}},"5":{"start":{"line":34,"column":36},"end":{"line":34,"column":76}},"6":{"start":{"line":35,"column":34},"end":{"line":35,"column":48}},"7":{"start":{"line":37,"column":17},"end":{"line":60,"column":12}},"8":{"start":{"line":38,"column":4},"end":{"line":38,"column":22}},"9":{"start":{"line":38,"column":15},"end":{"line":38,"column":22}},"10":{"start":{"line":39,"column":4},"end":{"line":39,"column":22}},"11":{"start":{"line":40,"column":4},"end":{"line":59,"column":5}},"12":{"start":{"line":41,"column":32},"end":{"line":44,"column":8}},"13":{"start":{"line":45,"column":6},"end":{"line":45,"column":29}},"14":{"start":{"line":46,"column":6},"end":{"line":46,"column":30}},"15":{"start":{"line":51,"column":24},"end":{"line":51,"column":64}},"16":{"start":{"line":52,"column":6},"end":{"line":54,"column":7}},"17":{"start":{"line":53,"column":8},"end":{"line":53,"column":61}},"18":{"start":{"line":56,"column":6},"end":{"line":56,"column":69}},"19":{"start":{"line":58,"column":6},"end":{"line":58,"column":25}},"20":{"start":{"line":63,"column":2},"end":{"line":67,"column":4}},"21":{"start":{"line":65,"column":6},"end":{"line":65,"column":15}},"22":{"start":{"line":69,"column":33},"end":{"line":69,"column":89}},"23":{"start":{"line":69,"column":75},"end":{"line":69,"column":87}},"24":{"start":{"line":71,"column":26},"end":{"line":101,"column":3}},"25":{"start":{"line":72,"column":20},"end":{"line":72,"column":39}},"26":{"start":{"line":73,"column":4},"end":{"line":100,"column":6}},"27":{"start":{"line":84,"column":12},"end":{"line":95,"column":13}},"28":{"start":{"line":85,"column":14},"end":{"line":85,"column":70}},"29":{"start":{"line":89,"column":14},"end":{"line":94,"column":16}},"30":{"start":{"line":96,"column":12},"end":{"line":96,"column":21}},"31":{"start":{"line":103,"column":2},"end":{"line":233,"column":4}},"32":{"start":{"line":117,"column":25},"end":{"line":117,"column":58}},"33":{"start":{"line":134,"column":34},"end":{"line":134,"column":41}},"34":{"start":{"line":138,"column":30},"end":{"line":138,"column":57}},"35":{"start":{"line":139,"column":129},"end":{"line":139,"column":131}},"36":{"start":{"line":140,"column":12},"end":{"line":140,"column":137}},"37":{"start":{"line":140,"column":30},"end":{"line":140,"column":137}},"38":{"start":{"line":143,"column":12},"end":{"line":143,"column":125}},"39":{"start":{"line":143,"column":42},"end":{"line":143,"column":125}},"40":{"start":{"line":144,"column":12},"end":{"line":145,"column":145}},"41":{"start":{"line":145,"column":14},"end":{"line":145,"column":145}},"42":{"start":{"line":147,"column":12},"end":{"line":221,"column":14}},"43":{"start":{"line":158,"column":33},"end":{"line":158,"column":71}},"44":{"start":{"line":167,"column":20},"end":{"line":176,"column":27}},"45":{"start":{"line":192,"column":37},"end":{"line":192,"column":82}},"46":{"start":{"line":204,"column":37},"end":{"line":204,"column":58}},"47":{"start":{"line":236,"column":16},"end":{"line":252,"column":2}}},"fnMap":{"0":{"name":"PublicacionesScreen","decl":{"start":{"line":29,"column":24},"end":{"line":29,"column":43}},"loc":{"start":{"line":29,"column":46},"end":{"line":234,"column":1}},"line":29},"1":{"name":"(anonymous_1)","decl":{"start":{"line":32,"column":28},"end":{"line":32,"column":29}},"loc":{"start":{"line":32,"column":35},"end":{"line":32,"column":53}},"line":32},"2":{"name":"(anonymous_2)","decl":{"start":{"line":37,"column":29},"end":{"line":37,"column":30}},"loc":{"start":{"line":37,"column":41},"end":{"line":60,"column":3}},"line":37},"3":{"name":"(anonymous_3)","decl":{"start":{"line":64,"column":16},"end":{"line":64,"column":17}},"loc":{"start":{"line":64,"column":22},"end":{"line":66,"column":5}},"line":64},"4":{"name":"(anonymous_4)","decl":{"start":{"line":69,"column":68},"end":{"line":69,"column":69}},"loc":{"start":{"line":69,"column":75},"end":{"line":69,"column":87}},"line":69},"5":{"name":"(anonymous_5)","decl":{"start":{"line":71,"column":26},"end":{"line":71,"column":27}},"loc":{"start":{"line":71,"column":56},"end":{"line":101,"column":3}},"line":71},"6":{"name":"(anonymous_6)","decl":{"start":{"line":83,"column":19},"end":{"line":83,"column":20}},"loc":{"start":{"line":83,"column":31},"end":{"line":97,"column":11}},"line":83},"7":{"name":"(anonymous_7)","decl":{"start":{"line":117,"column":19},"end":{"line":117,"column":20}},"loc":{"start":{"line":117,"column":25},"end":{"line":117,"column":58}},"line":117},"8":{"name":"(anonymous_8)","decl":{"start":{"line":134,"column":24},"end":{"line":134,"column":25}},"loc":{"start":{"line":134,"column":34},"end":{"line":134,"column":41}},"line":134},"9":{"name":"(anonymous_9)","decl":{"start":{"line":137,"column":22},"end":{"line":137,"column":23}},"loc":{"start":{"line":137,"column":36},"end":{"line":222,"column":11}},"line":137},"10":{"name":"(anonymous_10)","decl":{"start":{"line":158,"column":27},"end":{"line":158,"column":28}},"loc":{"start":{"line":158,"column":33},"end":{"line":158,"column":71}},"line":158},"11":{"name":"(anonymous_11)","decl":{"start":{"line":166,"column":30},"end":{"line":166,"column":31}},"loc":{"start":{"line":167,"column":20},"end":{"line":176,"column":27}},"line":167},"12":{"name":"(anonymous_12)","decl":{"start":{"line":192,"column":31},"end":{"line":192,"column":32}},"loc":{"start":{"line":192,"column":37},"end":{"line":192,"column":82}},"line":192},"13":{"name":"(anonymous_13)","decl":{"start":{"line":204,"column":31},"end":{"line":204,"column":32}},"loc":{"start":{"line":204,"column":37},"end":{"line":204,"column":58}},"line":204}},"branchMap":{"0":{"loc":{"start":{"line":38,"column":4},"end":{"line":38,"column":22}},"type":"if","locations":[{"start":{"line":38,"column":4},"end":{"line":38,"column":22}},{"start":{},"end":{}}],"line":38},"1":{"loc":{"start":{"line":52,"column":6},"end":{"line":54,"column":7}},"type":"if","locations":[{"start":{"line":52,"column":6},"end":{"line":54,"column":7}},{"start":{},"end":{}}],"line":52},"2":{"loc":{"start":{"line":74,"column":6},"end":{"line":74,"column":66}},"type":"cond-expr","locations":[{"start":{"line":74,"column":16},"end":{"line":74,"column":39}},{"start":{"line":74,"column":42},"end":{"line":74,"column":66}}],"line":74},"3":{"loc":{"start":{"line":75,"column":6},"end":{"line":77,"column":111}},"type":"cond-expr","locations":[{"start":{"line":76,"column":10},"end":{"line":76,"column":49}},{"start":{"line":77,"column":10},"end":{"line":77,"column":111}}],"line":75},"4":{"loc":{"start":{"line":81,"column":16},"end":{"line":81,"column":52}},"type":"cond-expr","locations":[{"start":{"line":81,"column":26},"end":{"line":81,"column":37}},{"start":{"line":81,"column":40},"end":{"line":81,"column":52}}],"line":81},"5":{"loc":{"start":{"line":82,"column":17},"end":{"line":82,"column":52}},"type":"cond-expr","locations":[{"start":{"line":82,"column":27},"end":{"line":82,"column":36}},{"start":{"line":82,"column":39},"end":{"line":82,"column":52}}],"line":82},"6":{"loc":{"start":{"line":91,"column":16},"end":{"line":93,"column":53}},"type":"cond-expr","locations":[{"start":{"line":92,"column":20},"end":{"line":92,"column":83}},{"start":{"line":93,"column":20},"end":{"line":93,"column":53}}],"line":91},"7":{"loc":{"start":{"line":91,"column":16},"end":{"line":91,"column":66}},"type":"binary-expr","locations":[{"start":{"line":91,"column":16},"end":{"line":91,"column":34}},{"start":{"line":91,"column":38},"end":{"line":91,"column":66}}],"line":91},"8":{"loc":{"start":{"line":109,"column":16},"end":{"line":109,"column":102}},"type":"cond-expr","locations":[{"start":{"line":109,"column":45},"end":{"line":109,"column":60}},{"start":{"line":109,"column":63},"end":{"line":109,"column":102}}],"line":109},"9":{"loc":{"start":{"line":124,"column":7},"end":{"line":231,"column":7}},"type":"cond-expr","locations":[{"start":{"line":125,"column":8},"end":{"line":130,"column":15}},{"start":{"line":132,"column":8},"end":{"line":230,"column":10}}],"line":124},"10":{"loc":{"start":{"line":138,"column":30},"end":{"line":138,"column":57}},"type":"binary-expr","locations":[{"start":{"line":138,"column":30},"end":{"line":138,"column":52}},{"start":{"line":138,"column":56},"end":{"line":138,"column":57}}],"line":138},"11":{"loc":{"start":{"line":140,"column":12},"end":{"line":140,"column":137}},"type":"if","locations":[{"start":{"line":140,"column":12},"end":{"line":140,"column":137}},{"start":{},"end":{}}],"line":140},"12":{"loc":{"start":{"line":143,"column":12},"end":{"line":143,"column":125}},"type":"if","locations":[{"start":{"line":143,"column":12},"end":{"line":143,"column":125}},{"start":{},"end":{}}],"line":143},"13":{"loc":{"start":{"line":144,"column":12},"end":{"line":145,"column":145}},"type":"if","locations":[{"start":{"line":144,"column":12},"end":{"line":145,"column":145}},{"start":{},"end":{}}],"line":144},"14":{"loc":{"start":{"line":153,"column":27},"end":{"line":153,"column":83}},"type":"cond-expr","locations":[{"start":{"line":153,"column":45},"end":{"line":153,"column":76}},{"start":{"line":153,"column":79},"end":{"line":153,"column":83}}],"line":153},"15":{"loc":{"start":{"line":168,"column":64},"end":{"line":168,"column":108}},"type":"cond-expr","locations":[{"start":{"line":168,"column":75},"end":{"line":168,"column":86}},{"start":{"line":168,"column":89},"end":{"line":168,"column":108}}],"line":168},"16":{"loc":{"start":{"line":171,"column":36},"end":{"line":171,"column":72}},"type":"cond-expr","locations":[{"start":{"line":171,"column":47},"end":{"line":171,"column":54}},{"start":{"line":171,"column":57},"end":{"line":171,"column":72}}],"line":171},"17":{"loc":{"start":{"line":184,"column":23},"end":{"line":184,"column":117}},"type":"cond-expr","locations":[{"start":{"line":184,"column":41},"end":{"line":184,"column":70}},{"start":{"line":184,"column":73},"end":{"line":184,"column":117}}],"line":184},"18":{"loc":{"start":{"line":207,"column":42},"end":{"line":207,"column":112}},"type":"cond-expr","locations":[{"start":{"line":207,"column":56},"end":{"line":207,"column":83}},{"start":{"line":207,"column":86},"end":{"line":207,"column":112}}],"line":207},"19":{"loc":{"start":{"line":210,"column":30},"end":{"line":210,"column":77}},"type":"cond-expr","locations":[{"start":{"line":210,"column":44},"end":{"line":210,"column":61}},{"start":{"line":210,"column":64},"end":{"line":210,"column":77}}],"line":210},"20":{"loc":{"start":{"line":212,"column":31},"end":{"line":212,"column":70}},"type":"cond-expr","locations":[{"start":{"line":212,"column":45},"end":{"line":212,"column":56}},{"start":{"line":212,"column":59},"end":{"line":212,"column":70}}],"line":212},"21":{"loc":{"start":{"line":214,"column":59},"end":{"line":214,"column":90}},"type":"cond-expr","locations":[{"start":{"line":214,"column":73},"end":{"line":214,"column":80}},{"start":{"line":214,"column":83},"end":{"line":214,"column":90}}],"line":214},"22":{"loc":{"start":{"line":215,"column":25},"end":{"line":215,"column":65}},"type":"cond-expr","locations":[{"start":{"line":215,"column":39},"end":{"line":215,"column":51}},{"start":{"line":215,"column":54},"end":{"line":215,"column":65}}],"line":215}},"s":{"0":2,"1":2,"2":2,"3":2,"4":2,"5":2,"6":2,"7":2,"8":1,"9":0,"10":1,"11":1,"12":1,"13":1,"14":1,"15":1,"16":1,"17":0,"18":0,"19":1,"20":2,"21":1,"22":2,"23":0,"24":2,"25":0,"26":0,"27":0,"28":0,"29":0,"30":0,"31":2,"32":0,"33":0,"34":0,"35":0,"36":0,"37":0,"38":0,"39":0,"40":0,"41":0,"42":0,"43":0,"44":0,"45":0,"46":0,"47":1},"f":{"0":2,"1":2,"2":1,"3":1,"4":0,"5":0,"6":0,"7":0,"8":0,"9":0,"10":0,"11":0,"12":0,"13":0},"b":{"0":[0,1],"1":[0,1],"2":[0,0],"3":[0,0],"4":[0,0],"5":[0,0],"6":[0,0],"7":[0,0],"8":[0,2],"9":[1,1],"10":[0,0],"11":[0,0],"12":[0,0],"13":[0,0],"14":[0,0],"15":[0,0],"16":[0,0],"17":[0,0],"18":[0,0],"19":[0,0],"20":[0,0],"21":[0,0],"22":[0,0]},"_coverageSchema":"1a1c01bbd47fc00a2c39e90264f33305004495a9","hash":"c410001f70d909f24481585a1e387d43e218f494"}
,"/home/damianml/cuervo-pass/src/app/(tabs)/roomies.tsx": {"path":"/home/damianml/cuervo-pass/src/app/(tabs)/roomies.tsx","statementMap":{"0":{"start":{"line":28,"column":16},"end":{"line":28,"column":26}},"1":{"start":{"line":29,"column":25},"end":{"line":29,"column":44}},"2":{"start":{"line":30,"column":18},"end":{"line":30,"column":48}},"3":{"start":{"line":30,"column":38},"end":{"line":30,"column":47}},"4":{"start":{"line":31,"column":32},"end":{"line":31,"column":62}},"5":{"start":{"line":32,"column":34},"end":{"line":32,"column":63}},"6":{"start":{"line":33,"column":40},"end":{"line":33,"column":52}},"7":{"start":{"line":34,"column":40},"end":{"line":34,"column":55}},"8":{"start":{"line":35,"column":34},"end":{"line":35,"column":48}},"9":{"start":{"line":36,"column":36},"end":{"line":36,"column":51}},"10":{"start":{"line":38,"column":17},"end":{"line":56,"column":24}},"11":{"start":{"line":39,"column":17},"end":{"line":39,"column":33}},"12":{"start":{"line":40,"column":4},"end":{"line":40,"column":22}},"13":{"start":{"line":40,"column":15},"end":{"line":40,"column":22}},"14":{"start":{"line":41,"column":4},"end":{"line":41,"column":22}},"15":{"start":{"line":42,"column":4},"end":{"line":55,"column":5}},"16":{"start":{"line":43,"column":34},"end":{"line":43,"column":102}},"17":{"start":{"line":44,"column":6},"end":{"line":44,"column":28}},"18":{"start":{"line":45,"column":6},"end":{"line":45,"column":26}},"19":{"start":{"line":46,"column":6},"end":{"line":46,"column":57}},"20":{"start":{"line":47,"column":6},"end":{"line":47,"column":50}},"21":{"start":{"line":51,"column":6},"end":{"line":51,"column":63}},"22":{"start":{"line":52,"column":6},"end":{"line":52,"column":21}},"23":{"start":{"line":54,"column":6},"end":{"line":54,"column":25}},"24":{"start":{"line":58,"column":2},"end":{"line":62,"column":4}},"25":{"start":{"line":60,"column":6},"end":{"line":60,"column":15}},"26":{"start":{"line":64,"column":33},"end":{"line":64,"column":81}},"27":{"start":{"line":64,"column":69},"end":{"line":64,"column":79}},"28":{"start":{"line":66,"column":28},"end":{"line":94,"column":3}},"29":{"start":{"line":67,"column":17},"end":{"line":67,"column":33}},"30":{"start":{"line":68,"column":4},"end":{"line":68,"column":22}},"31":{"start":{"line":68,"column":15},"end":{"line":68,"column":22}},"32":{"start":{"line":69,"column":4},"end":{"line":75,"column":5}},"33":{"start":{"line":70,"column":6},"end":{"line":73,"column":8}},"34":{"start":{"line":74,"column":6},"end":{"line":74,"column":13}},"35":{"start":{"line":76,"column":4},"end":{"line":76,"column":32}},"36":{"start":{"line":77,"column":4},"end":{"line":77,"column":23}},"37":{"start":{"line":78,"column":4},"end":{"line":93,"column":5}},"38":{"start":{"line":79,"column":26},"end":{"line":82,"column":8}},"39":{"start":{"line":83,"column":6},"end":{"line":83,"column":31}},"40":{"start":{"line":85,"column":6},"end":{"line":85,"column":35}},"41":{"start":{"line":86,"column":6},"end":{"line":89,"column":8}},"42":{"start":{"line":90,"column":6},"end":{"line":90,"column":58}},"43":{"start":{"line":92,"column":6},"end":{"line":92,"column":26}},"44":{"start":{"line":96,"column":31},"end":{"line":111,"column":3}},"45":{"start":{"line":97,"column":17},"end":{"line":97,"column":33}},"46":{"start":{"line":98,"column":4},"end":{"line":98,"column":72}},"47":{"start":{"line":98,"column":65},"end":{"line":98,"column":72}},"48":{"start":{"line":99,"column":4},"end":{"line":99,"column":23}},"49":{"start":{"line":100,"column":4},"end":{"line":110,"column":5}},"50":{"start":{"line":103,"column":26},"end":{"line":106,"column":8}},"51":{"start":{"line":107,"column":6},"end":{"line":107,"column":31}},"52":{"start":{"line":109,"column":6},"end":{"line":109,"column":26}},"53":{"start":{"line":113,"column":32},"end":{"line":113,"column":86}},"54":{"start":{"line":115,"column":2},"end":{"line":217,"column":4}},"55":{"start":{"line":119,"column":32},"end":{"line":119,"column":39}},"56":{"start":{"line":191,"column":10},"end":{"line":197,"column":12}},"57":{"start":{"line":196,"column":27},"end":{"line":196,"column":68}},"58":{"start":{"line":220,"column":16},"end":{"line":237,"column":2}}},"fnMap":{"0":{"name":"RoomiesScreen","decl":{"start":{"line":27,"column":24},"end":{"line":27,"column":37}},"loc":{"start":{"line":27,"column":40},"end":{"line":218,"column":1}},"line":27},"1":{"name":"(anonymous_1)","decl":{"start":{"line":30,"column":31},"end":{"line":30,"column":32}},"loc":{"start":{"line":30,"column":38},"end":{"line":30,"column":47}},"line":30},"2":{"name":"(anonymous_2)","decl":{"start":{"line":38,"column":29},"end":{"line":38,"column":30}},"loc":{"start":{"line":38,"column":41},"end":{"line":56,"column":3}},"line":38},"3":{"name":"(anonymous_3)","decl":{"start":{"line":59,"column":16},"end":{"line":59,"column":17}},"loc":{"start":{"line":59,"column":22},"end":{"line":61,"column":5}},"line":59},"4":{"name":"(anonymous_4)","decl":{"start":{"line":64,"column":62},"end":{"line":64,"column":63}},"loc":{"start":{"line":64,"column":69},"end":{"line":64,"column":79}},"line":64},"5":{"name":"(anonymous_5)","decl":{"start":{"line":66,"column":28},"end":{"line":66,"column":29}},"loc":{"start":{"line":66,"column":60},"end":{"line":94,"column":3}},"line":66},"6":{"name":"(anonymous_6)","decl":{"start":{"line":96,"column":31},"end":{"line":96,"column":32}},"loc":{"start":{"line":96,"column":43},"end":{"line":111,"column":3}},"line":96},"7":{"name":"(anonymous_7)","decl":{"start":{"line":119,"column":22},"end":{"line":119,"column":23}},"loc":{"start":{"line":119,"column":32},"end":{"line":119,"column":39}},"line":119},"8":{"name":"(anonymous_8)","decl":{"start":{"line":190,"column":20},"end":{"line":190,"column":21}},"loc":{"start":{"line":191,"column":10},"end":{"line":197,"column":12}},"line":191},"9":{"name":"(anonymous_9)","decl":{"start":{"line":196,"column":21},"end":{"line":196,"column":22}},"loc":{"start":{"line":196,"column":27},"end":{"line":196,"column":68}},"line":196}},"branchMap":{"0":{"loc":{"start":{"line":40,"column":4},"end":{"line":40,"column":22}},"type":"if","locations":[{"start":{"line":40,"column":4},"end":{"line":40,"column":22}},{"start":{},"end":{}}],"line":40},"1":{"loc":{"start":{"line":46,"column":21},"end":{"line":46,"column":55}},"type":"binary-expr","locations":[{"start":{"line":46,"column":21},"end":{"line":46,"column":49}},{"start":{"line":46,"column":53},"end":{"line":46,"column":55}}],"line":46},"2":{"loc":{"start":{"line":68,"column":4},"end":{"line":68,"column":22}},"type":"if","locations":[{"start":{"line":68,"column":4},"end":{"line":68,"column":22}},{"start":{},"end":{}}],"line":68},"3":{"loc":{"start":{"line":69,"column":4},"end":{"line":75,"column":5}},"type":"if","locations":[{"start":{"line":69,"column":4},"end":{"line":75,"column":5}},{"start":{},"end":{}}],"line":69},"4":{"loc":{"start":{"line":69,"column":8},"end":{"line":69,"column":53}},"type":"binary-expr","locations":[{"start":{"line":69,"column":8},"end":{"line":69,"column":19}},{"start":{"line":69,"column":23},"end":{"line":69,"column":53}}],"line":69},"5":{"loc":{"start":{"line":80,"column":29},"end":{"line":80,"column":66}},"type":"binary-expr","locations":[{"start":{"line":80,"column":29},"end":{"line":80,"column":47}},{"start":{"line":80,"column":51},"end":{"line":80,"column":66}}],"line":80},"6":{"loc":{"start":{"line":81,"column":16},"end":{"line":81,"column":50}},"type":"cond-expr","locations":[{"start":{"line":81,"column":30},"end":{"line":81,"column":38}},{"start":{"line":81,"column":41},"end":{"line":81,"column":50}}],"line":81},"7":{"loc":{"start":{"line":98,"column":4},"end":{"line":98,"column":72}},"type":"if","locations":[{"start":{"line":98,"column":4},"end":{"line":98,"column":72}},{"start":{},"end":{}}],"line":98},"8":{"loc":{"start":{"line":98,"column":8},"end":{"line":98,"column":63}},"type":"binary-expr","locations":[{"start":{"line":98,"column":8},"end":{"line":98,"column":13}},{"start":{"line":98,"column":17},"end":{"line":98,"column":29}},{"start":{"line":98,"column":33},"end":{"line":98,"column":63}}],"line":98},"9":{"loc":{"start":{"line":113,"column":33},"end":{"line":113,"column":69}},"type":"binary-expr","locations":[{"start":{"line":113,"column":33},"end":{"line":113,"column":63}},{"start":{"line":113,"column":67},"end":{"line":113,"column":69}}],"line":113},"10":{"loc":{"start":{"line":154,"column":15},"end":{"line":181,"column":15}},"type":"binary-expr","locations":[{"start":{"line":154,"column":15},"end":{"line":154,"column":26}},{"start":{"line":155,"column":16},"end":{"line":180,"column":19}}],"line":154},"11":{"loc":{"start":{"line":176,"column":57},"end":{"line":176,"column":107}},"type":"cond-expr","locations":[{"start":{"line":176,"column":81},"end":{"line":176,"column":89}},{"start":{"line":176,"column":92},"end":{"line":176,"column":107}}],"line":176},"12":{"loc":{"start":{"line":177,"column":23},"end":{"line":177,"column":104}},"type":"cond-expr","locations":[{"start":{"line":177,"column":47},"end":{"line":177,"column":91}},{"start":{"line":177,"column":94},"end":{"line":177,"column":104}}],"line":177},"13":{"loc":{"start":{"line":185,"column":15},"end":{"line":185,"column":98}},"type":"cond-expr","locations":[{"start":{"line":185,"column":38},"end":{"line":185,"column":58}},{"start":{"line":185,"column":61},"end":{"line":185,"column":98}}],"line":185},"14":{"loc":{"start":{"line":194,"column":21},"end":{"line":194,"column":75}},"type":"cond-expr","locations":[{"start":{"line":194,"column":37},"end":{"line":194,"column":68}},{"start":{"line":194,"column":71},"end":{"line":194,"column":75}}],"line":194},"15":{"loc":{"start":{"line":200,"column":10},"end":{"line":213,"column":11}},"type":"cond-expr","locations":[{"start":{"line":201,"column":12},"end":{"line":206,"column":19}},{"start":{"line":208,"column":12},"end":{"line":212,"column":14}}],"line":200}},"s":{"0":2,"1":2,"2":2,"3":2,"4":2,"5":2,"6":2,"7":2,"8":2,"9":2,"10":2,"11":1,"12":1,"13":0,"14":1,"15":1,"16":1,"17":1,"18":1,"19":1,"20":1,"21":0,"22":0,"23":1,"24":2,"25":1,"26":2,"27":0,"28":2,"29":0,"30":0,"31":0,"32":0,"33":0,"34":0,"35":0,"36":0,"37":0,"38":0,"39":0,"40":0,"41":0,"42":0,"43":0,"44":2,"45":0,"46":0,"47":0,"48":0,"49":0,"50":0,"51":0,"52":0,"53":2,"54":2,"55":0,"56":0,"57":0,"58":1},"f":{"0":2,"1":2,"2":1,"3":1,"4":0,"5":0,"6":0,"7":0,"8":0,"9":0},"b":{"0":[0,1],"1":[1,1],"2":[0,0],"3":[0,0],"4":[0,0],"5":[0,0],"6":[0,0],"7":[0,0],"8":[0,0,0],"9":[2,2],"10":[2,0],"11":[0,0],"12":[0,0],"13":[0,2],"14":[0,0],"15":[1,1]},"_coverageSchema":"1a1c01bbd47fc00a2c39e90264f33305004495a9","hash":"f829f4093faae3ccaae674b465c35abc26be99b6"}
,"/home/damianml/cuervo-pass/src/app/perfil/[usuarioId].tsx": {"path":"/home/damianml/cuervo-pass/src/app/perfil/[usuarioId].tsx","statementMap":{"0":{"start":{"line":23,"column":47},"end":{"line":27,"column":1}},"1":{"start":{"line":29,"column":49},"end":{"line":33,"column":1}},"2":{"start":{"line":52,"column":16},"end":{"line":52,"column":26}},"3":{"start":{"line":53,"column":24},"end":{"line":53,"column":69}},"4":{"start":{"line":54,"column":18},"end":{"line":54,"column":48}},"5":{"start":{"line":54,"column":38},"end":{"line":54,"column":47}},"6":{"start":{"line":55,"column":32},"end":{"line":55,"column":68}},"7":{"start":{"line":56,"column":34},"end":{"line":56,"column":48}},"8":{"start":{"line":57,"column":42},"end":{"line":57,"column":57}},"9":{"start":{"line":59,"column":2},"end":{"line":65,"column":18}},"10":{"start":{"line":60,"column":4},"end":{"line":60,"column":27}},"11":{"start":{"line":60,"column":20},"end":{"line":60,"column":27}},"12":{"start":{"line":61,"column":4},"end":{"line":64,"column":41}},"13":{"start":{"line":63,"column":19},"end":{"line":63,"column":35}},"14":{"start":{"line":64,"column":21},"end":{"line":64,"column":39}},"15":{"start":{"line":67,"column":33},"end":{"line":67,"column":70}},"16":{"start":{"line":73,"column":24},"end":{"line":85,"column":3}},"17":{"start":{"line":74,"column":4},"end":{"line":74,"column":43}},"18":{"start":{"line":74,"column":36},"end":{"line":74,"column":43}},"19":{"start":{"line":75,"column":4},"end":{"line":75,"column":26}},"20":{"start":{"line":76,"column":4},"end":{"line":84,"column":5}},"21":{"start":{"line":77,"column":29},"end":{"line":77,"column":63}},"22":{"start":{"line":78,"column":6},"end":{"line":78,"column":45}},"23":{"start":{"line":80,"column":6},"end":{"line":80,"column":53}},"24":{"start":{"line":81,"column":6},"end":{"line":81,"column":85}},"25":{"start":{"line":83,"column":6},"end":{"line":83,"column":29}},"26":{"start":{"line":87,"column":21},"end":{"line":115,"column":3}},"27":{"start":{"line":88,"column":17},"end":{"line":88,"column":33}},"28":{"start":{"line":89,"column":4},"end":{"line":89,"column":36}},"29":{"start":{"line":89,"column":29},"end":{"line":89,"column":36}},"30":{"start":{"line":90,"column":19},"end":{"line":109,"column":5}},"31":{"start":{"line":91,"column":6},"end":{"line":108,"column":7}},"32":{"start":{"line":92,"column":8},"end":{"line":92,"column":55}},"33":{"start":{"line":96,"column":8},"end":{"line":99,"column":10}},"34":{"start":{"line":103,"column":23},"end":{"line":103,"column":53}},"35":{"start":{"line":104,"column":8},"end":{"line":107,"column":10}},"36":{"start":{"line":110,"column":4},"end":{"line":114,"column":7}},"37":{"start":{"line":112,"column":58},"end":{"line":112,"column":93}},"38":{"start":{"line":113,"column":50},"end":{"line":113,"column":77}},"39":{"start":{"line":117,"column":2},"end":{"line":123,"column":3}},"40":{"start":{"line":118,"column":4},"end":{"line":122,"column":6}},"41":{"start":{"line":125,"column":2},"end":{"line":132,"column":3}},"42":{"start":{"line":126,"column":4},"end":{"line":131,"column":6}},"43":{"start":{"line":134,"column":2},"end":{"line":244,"column":4}},"44":{"start":{"line":232,"column":34},"end":{"line":232,"column":83}},"45":{"start":{"line":247,"column":16},"end":{"line":266,"column":2}}},"fnMap":{"0":{"name":"PerfilRoomieScreen","decl":{"start":{"line":51,"column":24},"end":{"line":51,"column":42}},"loc":{"start":{"line":51,"column":45},"end":{"line":245,"column":1}},"line":51},"1":{"name":"(anonymous_1)","decl":{"start":{"line":54,"column":31},"end":{"line":54,"column":32}},"loc":{"start":{"line":54,"column":38},"end":{"line":54,"column":47}},"line":54},"2":{"name":"(anonymous_2)","decl":{"start":{"line":59,"column":12},"end":{"line":59,"column":13}},"loc":{"start":{"line":59,"column":18},"end":{"line":65,"column":3}},"line":59},"3":{"name":"(anonymous_3)","decl":{"start":{"line":63,"column":13},"end":{"line":63,"column":14}},"loc":{"start":{"line":63,"column":19},"end":{"line":63,"column":35}},"line":63},"4":{"name":"(anonymous_4)","decl":{"start":{"line":64,"column":15},"end":{"line":64,"column":16}},"loc":{"start":{"line":64,"column":21},"end":{"line":64,"column":39}},"line":64},"5":{"name":"(anonymous_5)","decl":{"start":{"line":73,"column":24},"end":{"line":73,"column":25}},"loc":{"start":{"line":73,"column":36},"end":{"line":85,"column":3}},"line":73},"6":{"name":"(anonymous_6)","decl":{"start":{"line":87,"column":21},"end":{"line":87,"column":22}},"loc":{"start":{"line":87,"column":27},"end":{"line":115,"column":3}},"line":87},"7":{"name":"(anonymous_7)","decl":{"start":{"line":90,"column":19},"end":{"line":90,"column":20}},"loc":{"start":{"line":90,"column":45},"end":{"line":109,"column":5}},"line":90},"8":{"name":"(anonymous_8)","decl":{"start":{"line":112,"column":52},"end":{"line":112,"column":53}},"loc":{"start":{"line":112,"column":58},"end":{"line":112,"column":93}},"line":112},"9":{"name":"(anonymous_9)","decl":{"start":{"line":113,"column":44},"end":{"line":113,"column":45}},"loc":{"start":{"line":113,"column":50},"end":{"line":113,"column":77}},"line":113},"10":{"name":"(anonymous_10)","decl":{"start":{"line":232,"column":17},"end":{"line":232,"column":18}},"loc":{"start":{"line":232,"column":34},"end":{"line":232,"column":83}},"line":232}},"branchMap":{"0":{"loc":{"start":{"line":60,"column":4},"end":{"line":60,"column":27}},"type":"if","locations":[{"start":{"line":60,"column":4},"end":{"line":60,"column":27}},{"start":{},"end":{}}],"line":60},"1":{"loc":{"start":{"line":74,"column":4},"end":{"line":74,"column":43}},"type":"if","locations":[{"start":{"line":74,"column":4},"end":{"line":74,"column":43}},{"start":{},"end":{}}],"line":74},"2":{"loc":{"start":{"line":74,"column":8},"end":{"line":74,"column":34}},"type":"binary-expr","locations":[{"start":{"line":74,"column":8},"end":{"line":74,"column":18}},{"start":{"line":74,"column":22},"end":{"line":74,"column":34}}],"line":74},"3":{"loc":{"start":{"line":89,"column":4},"end":{"line":89,"column":36}},"type":"if","locations":[{"start":{"line":89,"column":4},"end":{"line":89,"column":36}},{"start":{},"end":{}}],"line":89},"4":{"loc":{"start":{"line":89,"column":8},"end":{"line":89,"column":27}},"type":"binary-expr","locations":[{"start":{"line":89,"column":8},"end":{"line":89,"column":13}},{"start":{"line":89,"column":17},"end":{"line":89,"column":27}}],"line":89},"5":{"loc":{"start":{"line":106,"column":10},"end":{"line":106,"column":104}},"type":"cond-expr","locations":[{"start":{"line":106,"column":31},"end":{"line":106,"column":68}},{"start":{"line":106,"column":71},"end":{"line":106,"column":104}}],"line":106},"6":{"loc":{"start":{"line":117,"column":2},"end":{"line":123,"column":3}},"type":"if","locations":[{"start":{"line":117,"column":2},"end":{"line":123,"column":3}},{"start":{},"end":{}}],"line":117},"7":{"loc":{"start":{"line":125,"column":2},"end":{"line":132,"column":3}},"type":"if","locations":[{"start":{"line":125,"column":2},"end":{"line":132,"column":3}},{"start":{},"end":{}}],"line":125},"8":{"loc":{"start":{"line":144,"column":11},"end":{"line":160,"column":11}},"type":"cond-expr","locations":[{"start":{"line":145,"column":12},"end":{"line":149,"column":14}},{"start":{"line":151,"column":12},"end":{"line":159,"column":19}}],"line":144},"9":{"loc":{"start":{"line":144,"column":11},"end":{"line":144,"column":65}},"type":"binary-expr","locations":[{"start":{"line":144,"column":11},"end":{"line":144,"column":27}},{"start":{"line":144,"column":31},"end":{"line":144,"column":65}}],"line":144},"10":{"loc":{"start":{"line":183,"column":21},"end":{"line":183,"column":88}},"type":"binary-expr","locations":[{"start":{"line":183,"column":21},"end":{"line":183,"column":67}},{"start":{"line":183,"column":71},"end":{"line":183,"column":88}}],"line":183},"11":{"loc":{"start":{"line":183,"column":36},"end":{"line":183,"column":66}},"type":"binary-expr","locations":[{"start":{"line":183,"column":36},"end":{"line":183,"column":55}},{"start":{"line":183,"column":59},"end":{"line":183,"column":66}}],"line":183},"12":{"loc":{"start":{"line":186,"column":20},"end":{"line":186,"column":63}},"type":"cond-expr","locations":[{"start":{"line":186,"column":42},"end":{"line":186,"column":50}},{"start":{"line":186,"column":53},"end":{"line":186,"column":63}}],"line":186},"13":{"loc":{"start":{"line":190,"column":21},"end":{"line":190,"column":92}},"type":"binary-expr","locations":[{"start":{"line":190,"column":21},"end":{"line":190,"column":78}},{"start":{"line":190,"column":82},"end":{"line":190,"column":92}}],"line":190},"14":{"loc":{"start":{"line":190,"column":38},"end":{"line":190,"column":77}},"type":"binary-expr","locations":[{"start":{"line":190,"column":38},"end":{"line":190,"column":66}},{"start":{"line":190,"column":70},"end":{"line":190,"column":77}}],"line":190},"15":{"loc":{"start":{"line":193,"column":20},"end":{"line":193,"column":72}},"type":"cond-expr","locations":[{"start":{"line":193,"column":51},"end":{"line":193,"column":59}},{"start":{"line":193,"column":62},"end":{"line":193,"column":72}}],"line":193},"16":{"loc":{"start":{"line":199,"column":21},"end":{"line":199,"column":63}},"type":"cond-expr","locations":[{"start":{"line":199,"column":40},"end":{"line":199,"column":50}},{"start":{"line":199,"column":53},"end":{"line":199,"column":63}}],"line":199},"17":{"loc":{"start":{"line":202,"column":20},"end":{"line":202,"column":60}},"type":"cond-expr","locations":[{"start":{"line":202,"column":39},"end":{"line":202,"column":47}},{"start":{"line":202,"column":50},"end":{"line":202,"column":60}}],"line":202},"18":{"loc":{"start":{"line":206,"column":21},"end":{"line":206,"column":57}},"type":"cond-expr","locations":[{"start":{"line":206,"column":36},"end":{"line":206,"column":45}},{"start":{"line":206,"column":48},"end":{"line":206,"column":57}}],"line":206},"19":{"loc":{"start":{"line":208,"column":20},"end":{"line":208,"column":56}},"type":"cond-expr","locations":[{"start":{"line":208,"column":35},"end":{"line":208,"column":43}},{"start":{"line":208,"column":46},"end":{"line":208,"column":56}}],"line":208},"20":{"loc":{"start":{"line":213,"column":9},"end":{"line":217,"column":16}},"type":"cond-expr","locations":[{"start":{"line":214,"column":10},"end":{"line":216,"column":20}},{"start":{"line":217,"column":12},"end":{"line":217,"column":16}}],"line":213},"21":{"loc":{"start":{"line":232,"column":53},"end":{"line":232,"column":82}},"type":"binary-expr","locations":[{"start":{"line":232,"column":53},"end":{"line":232,"column":60}},{"start":{"line":232,"column":64},"end":{"line":232,"column":82}}],"line":232}},"s":{"0":1,"1":1,"2":2,"3":2,"4":2,"5":2,"6":2,"7":2,"8":2,"9":2,"10":1,"11":0,"12":1,"13":0,"14":1,"15":2,"16":2,"17":0,"18":0,"19":0,"20":0,"21":0,"22":0,"23":0,"24":0,"25":0,"26":2,"27":0,"28":0,"29":0,"30":0,"31":0,"32":0,"33":0,"34":0,"35":0,"36":0,"37":0,"38":0,"39":2,"40":1,"41":1,"42":1,"43":0,"44":0,"45":1},"f":{"0":2,"1":2,"2":1,"3":0,"4":1,"5":0,"6":0,"7":0,"8":0,"9":0,"10":0},"b":{"0":[0,1],"1":[0,0],"2":[0,0],"3":[0,0],"4":[0,0],"5":[0,0],"6":[1,1],"7":[1,0],"8":[0,0],"9":[0,0],"10":[0,0],"11":[0,0],"12":[0,0],"13":[0,0],"14":[0,0],"15":[0,0],"16":[0,0],"17":[0,0],"18":[0,0],"19":[0,0],"20":[0,0],"21":[0,0]},"_coverageSchema":"1a1c01bbd47fc00a2c39e90264f33305004495a9","hash":"3d75397b75b51f05dfd842ce47e2dbc29d455c74"}
[...]
,"/home/damianml/cuervo-pass/src/services/publicaciones.service.ts": {"path":"/home/damianml/cuervo-pass/src/services/publicaciones.service.ts","statementMap":{"0":{"start":{"line":20,"column":17},"end":{"line":20,"column":74}},"1":{"start":{"line":21,"column":2},"end":{"line":21,"column":82}},"2":{"start":{"line":32,"column":2},"end":{"line":37,"column":3}},"3":{"start":{"line":33,"column":4},"end":{"line":33,"column":61}},"4":{"start":{"line":35,"column":4},"end":{"line":35,"column":64}},"5":{"start":{"line":36,"column":4},"end":{"line":36,"column":16}},"6":{"start":{"line":69,"column":26},"end":{"line":69,"column":93}},"7":{"start":{"line":70,"column":2},"end":{"line":70,"column":25}},"8":{"start":{"line":70,"column":13},"end":{"line":70,"column":25}},"9":{"start":{"line":72,"column":16},"end":{"line":72,"column":53}},"10":{"start":{"line":73,"column":2},"end":{"line":77,"column":4}},"11":{"start":{"line":75,"column":37},"end":{"line":75,"column":56}},"12":{"start":{"line":89,"column":26},"end":{"line":93,"column":18}},"13":{"start":{"line":94,"column":2},"end":{"line":94,"column":25}},"14":{"start":{"line":94,"column":13},"end":{"line":94,"column":25}},"15":{"start":{"line":95,"column":2},"end":{"line":95,"column":14}},"16":{"start":{"line":100,"column":26},"end":{"line":104,"column":45}},"17":{"start":{"line":105,"column":2},"end":{"line":105,"column":25}},"18":{"start":{"line":105,"column":13},"end":{"line":105,"column":25}},"19":{"start":{"line":106,"column":2},"end":{"line":106,"column":31}},"20":{"start":{"line":110,"column":26},"end":{"line":110,"column":96}},"21":{"start":{"line":111,"column":2},"end":{"line":111,"column":25}},"22":{"start":{"line":111,"column":13},"end":{"line":111,"column":25}},"23":{"start":{"line":112,"column":2},"end":{"line":112,"column":29}},"24":{"start":{"line":118,"column":26},"end":{"line":118,"column":78}},"25":{"start":{"line":119,"column":2},"end":{"line":122,"column":3}},"26":{"start":{"line":120,"column":4},"end":{"line":120,"column":78}},"27":{"start":{"line":121,"column":4},"end":{"line":121,"column":21}},"28":{"start":{"line":123,"column":2},"end":{"line":123,"column":79}},"29":{"start":{"line":123,"column":41},"end":{"line":123,"column":76}},"30":{"start":{"line":148,"column":2},"end":{"line":152,"column":4}},"31":{"start":{"line":150,"column":6},"end":{"line":150,"column":96}},"32":{"start":{"line":156,"column":2},"end":{"line":170,"column":4}},"33":{"start":{"line":176,"column":36},"end":{"line":179,"column":4}},"34":{"start":{"line":181,"column":32},"end":{"line":193,"column":13}},"35":{"start":{"line":194,"column":2},"end":{"line":194,"column":25}},"36":{"start":{"line":194,"column":13},"end":{"line":194,"column":25}},"37":{"start":{"line":195,"column":22},"end":{"line":195,"column":41}},"38":{"start":{"line":197,"column":2},"end":{"line":197,"column":51}},"39":{"start":{"line":197,"column":32},"end":{"line":197,"column":51}},"40":{"start":{"line":202,"column":16},"end":{"line":202,"column":81}},"41":{"start":{"line":204,"column":52},"end":{"line":209,"column":13}},"42":{"start":{"line":210,"column":2},"end":{"line":210,"column":37}},"43":{"start":{"line":210,"column":19},"end":{"line":210,"column":37}},"44":{"start":{"line":211,"column":2},"end":{"line":211,"column":36}},"45":{"start":{"line":215,"column":43},"end":{"line":219,"column":4}},"46":{"start":{"line":220,"column":26},"end":{"line":233,"column":13}},"47":{"start":{"line":234,"column":2},"end":{"line":234,"column":25}},"48":{"start":{"line":234,"column":13},"end":{"line":234,"column":25}},"49":{"start":{"line":235,"column":2},"end":{"line":235,"column":29}},"50":{"start":{"line":239,"column":20},"end":{"line":239,"column":88}},"51":{"start":{"line":240,"column":2},"end":{"line":240,"column":25}},"52":{"start":{"line":240,"column":13},"end":{"line":240,"column":25}},"53":{"start":{"line":249,"column":21},"end":{"line":249,"column":71}},"54":{"start":{"line":249,"column":49},"end":{"line":249,"column":70}},"55":{"start":{"line":250,"column":18},"end":{"line":250,"column":19}},"56":{"start":{"line":253,"column":2},"end":{"line":266,"column":3}},"57":{"start":{"line":254,"column":19},"end":{"line":254,"column":59}},"58":{"start":{"line":255,"column":4},"end":{"line":255,"column":26}},"59":{"start":{"line":255,"column":17},"end":{"line":255,"column":26}},"60":{"start":{"line":256,"column":22},"end":{"line":264,"column":21}},"61":{"start":{"line":265,"column":4},"end":{"line":265,"column":31}},"62":{"start":{"line":265,"column":16},"end":{"line":265,"column":31}},"63":{"start":{"line":267,"column":2},"end":{"line":267,"column":19}},"64":{"start":{"line":281,"column":26},"end":{"line":284,"column":4}},"65":{"start":{"line":285,"column":2},"end":{"line":285,"column":25}},"66":{"start":{"line":285,"column":13},"end":{"line":285,"column":25}},"67":{"start":{"line":286,"column":2},"end":{"line":286,"column":24}},"68":{"start":{"line":292,"column":20},"end":{"line":294,"column":83}},"69":{"start":{"line":295,"column":2},"end":{"line":295,"column":25}},"70":{"start":{"line":295,"column":13},"end":{"line":295,"column":25}}},"fnMap":{"0":{"name":"textoParaEmbedding","decl":{"start":{"line":19,"column":9},"end":{"line":19,"column":27}},"loc":{"start":{"line":19,"column":104},"end":{"line":22,"column":1}},"line":19},"1":{"name":"generarEmbeddingSeguro","decl":{"start":{"line":27,"column":15},"end":{"line":27,"column":37}},"loc":{"start":{"line":31,"column":29},"end":{"line":38,"column":1}},"line":31},"2":{"name":"obtenerSugerencias","decl":{"start":{"line":68,"column":22},"end":{"line":68,"column":40}},"loc":{"start":{"line":68,"column":85},"end":{"line":78,"column":1}},"line":68},"3":{"name":"(anonymous_3)","decl":{"start":{"line":75,"column":30},"end":{"line":75,"column":31}},"loc":{"start":{"line":75,"column":37},"end":{"line":75,"column":56}},"line":75},"4":{"name":"obtenerPublicacionPublica","decl":{"start":{"line":88,"column":22},"end":{"line":88,"column":47}},"loc":{"start":{"line":88,"column":60},"end":{"line":96,"column":1}},"line":88},"5":{"name":"listarMisPublicaciones","decl":{"start":{"line":99,"column":22},"end":{"line":99,"column":44}},"loc":{"start":{"line":99,"column":64},"end":{"line":107,"column":1}},"line":99},"6":{"name":"obtenerMiPublicacion","decl":{"start":{"line":109,"column":22},"end":{"line":109,"column":42}},"loc":{"start":{"line":109,"column":55},"end":{"line":113,"column":1}},"line":109},"7":{"name":"contarContactosRecibidos","decl":{"start":{"line":117,"column":22},"end":{"line":117,"column":46}},"loc":{"start":{"line":117,"column":79},"end":{"line":124,"column":1}},"line":117},"8":{"name":"(anonymous_8)","decl":{"start":{"line":123,"column":34},"end":{"line":123,"column":35}},"loc":{"start":{"line":123,"column":41},"end":{"line":123,"column":76}},"line":123},"9":{"name":"resolverFotos","decl":{"start":{"line":147,"column":15},"end":{"line":147,"column":28}},"loc":{"start":{"line":147,"column":112},"end":{"line":153,"column":1}},"line":147},"10":{"name":"(anonymous_10)","decl":{"start":{"line":149,"column":14},"end":{"line":149,"column":15}},"loc":{"start":{"line":150,"column":6},"end":{"line":150,"column":96}},"line":150},"11":{"name":"columnasComunes","decl":{"start":{"line":155,"column":9},"end":{"line":155,"column":24}},"loc":{"start":{"line":155,"column":50},"end":{"line":171,"column":1}},"line":155},"12":{"name":"crearPublicacion","decl":{"start":{"line":173,"column":22},"end":{"line":173,"column":38}},"loc":{"start":{"line":173,"column":86},"end":{"line":212,"column":1}},"line":173},"13":{"name":"actualizarPublicacion","decl":{"start":{"line":214,"column":22},"end":{"line":214,"column":43}},"loc":{"start":{"line":214,"column":114},"end":{"line":236,"column":1}},"line":214},"14":{"name":"cambiarEstadoPublicacion","decl":{"start":{"line":238,"column":22},"end":{"line":238,"column":46}},"loc":{"start":{"line":238,"column":76},"end":{"line":241,"column":1}},"line":238},"15":{"name":"reintentarGeocodingPendiente","decl":{"start":{"line":248,"column":22},"end":{"line":248,"column":50}},"loc":{"start":{"line":248,"column":98},"end":{"line":268,"column":1}},"line":248},"16":{"name":"(anonymous_16)","decl":{"start":{"line":249,"column":42},"end":{"line":249,"column":43}},"loc":{"start":{"line":249,"column":49},"end":{"line":249,"column":70}},"line":249},"17":{"name":"revelarContacto","decl":{"start":{"line":280,"column":22},"end":{"line":280,"column":37}},"loc":{"start":{"line":280,"column":101},"end":{"line":287,"column":1}},"line":280},"18":{"name":"reportarPublicacion","decl":{"start":{"line":291,"column":22},"end":{"line":291,"column":41}},"loc":{"start":{"line":291,"column":103},"end":{"line":296,"column":1}},"line":291}},"branchMap":{"0":{"loc":{"start":{"line":21,"column":9},"end":{"line":21,"column":81}},"type":"cond-expr","locations":[{"start":{"line":21,"column":25},"end":{"line":21,"column":42}},{"start":{"line":21,"column":45},"end":{"line":21,"column":81}}],"line":21},"1":{"loc":{"start":{"line":68,"column":41},"end":{"line":68,"column":52}},"type":"default-arg","locations":[{"start":{"line":68,"column":50},"end":{"line":68,"column":52}}],"line":68},"2":{"loc":{"start":{"line":70,"column":2},"end":{"line":70,"column":25}},"type":"if","locations":[{"start":{"line":70,"column":2},"end":{"line":70,"column":25}},{"start":{},"end":{}}],"line":70},"3":{"loc":{"start":{"line":72,"column":17},"end":{"line":72,"column":27}},"type":"binary-expr","locations":[{"start":{"line":72,"column":17},"end":{"line":72,"column":21}},{"start":{"line":72,"column":25},"end":{"line":72,"column":27}}],"line":72},"4":{"loc":{"start":{"line":94,"column":2},"end":{"line":94,"column":25}},"type":"if","locations":[{"start":{"line":94,"column":2},"end":{"line":94,"column":25}},{"start":{},"end":{}}],"line":94},"5":{"loc":{"start":{"line":105,"column":2},"end":{"line":105,"column":25}},"type":"if","locations":[{"start":{"line":105,"column":2},"end":{"line":105,"column":25}},{"start":{},"end":{}}],"line":105},"6":{"loc":{"start":{"line":111,"column":2},"end":{"line":111,"column":25}},"type":"if","locations":[{"start":{"line":111,"column":2},"end":{"line":111,"column":25}},{"start":{},"end":{}}],"line":111},"7":{"loc":{"start":{"line":119,"column":2},"end":{"line":122,"column":3}},"type":"if","locations":[{"start":{"line":119,"column":2},"end":{"line":122,"column":3}},{"start":{},"end":{}}],"line":119},"8":{"loc":{"start":{"line":123,"column":18},"end":{"line":123,"column":28}},"type":"binary-expr","locations":[{"start":{"line":123,"column":18},"end":{"line":123,"column":22}},{"start":{"line":123,"column":26},"end":{"line":123,"column":28}}],"line":123},"9":{"loc":{"start":{"line":150,"column":6},"end":{"line":150,"column":96}},"type":"cond-expr","locations":[{"start":{"line":150,"column":21},"end":{"line":150,"column":85}},{"start":{"line":150,"column":88},"end":{"line":150,"column":96}}],"line":150},"10":{"loc":{"start":{"line":186,"column":15},"end":{"line":186,"column":34}},"type":"binary-expr","locations":[{"start":{"line":186,"column":15},"end":{"line":186,"column":26}},{"start":{"line":186,"column":30},"end":{"line":186,"column":34}}],"line":186},"11":{"loc":{"start":{"line":187,"column":16},"end":{"line":187,"column":35}},"type":"binary-expr","locations":[{"start":{"line":187,"column":16},"end":{"line":187,"column":27}},{"start":{"line":187,"column":31},"end":{"line":187,"column":35}}],"line":187},"12":{"loc":{"start":{"line":188,"column":25},"end":{"line":188,"column":50}},"type":"binary-expr","locations":[{"start":{"line":188,"column":25},"end":{"line":188,"column":42}},{"start":{"line":188,"column":46},"end":{"line":188,"column":50}}],"line":188},"13":{"loc":{"start":{"line":190,"column":10},"end":{"line":190,"column":70}},"type":"cond-expr","locations":[{"start":{"line":190,"column":28},"end":{"line":190,"column":65}},{"start":{"line":190,"column":68},"end":{"line":190,"column":70}}],"line":190},"14":{"loc":{"start":{"line":194,"column":2},"end":{"line":194,"column":25}},"type":"if","locations":[{"start":{"line":194,"column":2},"end":{"line":194,"column":25}},{"start":{},"end":{}}],"line":194},"15":{"loc":{"start":{"line":197,"column":2},"end":{"line":197,"column":51}},"type":"if","locations":[{"start":{"line":197,"column":2},"end":{"line":197,"column":51}},{"start":{},"end":{}}],"line":197},"16":{"loc":{"start":{"line":210,"column":2},"end":{"line":210,"column":37}},"type":"if","locations":[{"start":{"line":210,"column":2},"end":{"line":210,"column":37}},{"start":{},"end":{}}],"line":210},"17":{"loc":{"start":{"line":224,"column":15},"end":{"line":224,"column":34}},"type":"binary-expr","locations":[{"start":{"line":224,"column":15},"end":{"line":224,"column":26}},{"start":{"line":224,"column":30},"end":{"line":224,"column":34}}],"line":224},"18":{"loc":{"start":{"line":225,"column":16},"end":{"line":225,"column":35}},"type":"binary-expr","locations":[{"start":{"line":225,"column":16},"end":{"line":225,"column":27}},{"start":{"line":225,"column":31},"end":{"line":225,"column":35}}],"line":225},"19":{"loc":{"start":{"line":226,"column":25},"end":{"line":226,"column":50}},"type":"binary-expr","locations":[{"start":{"line":226,"column":25},"end":{"line":226,"column":42}},{"start":{"line":226,"column":46},"end":{"line":226,"column":50}}],"line":226},"20":{"loc":{"start":{"line":229,"column":10},"end":{"line":229,"column":70}},"type":"cond-expr","locations":[{"start":{"line":229,"column":28},"end":{"line":229,"column":65}},{"start":{"line":229,"column":68},"end":{"line":229,"column":70}}],"line":229},"21":{"loc":{"start":{"line":234,"column":2},"end":{"line":234,"column":25}},"type":"if","locations":[{"start":{"line":234,"column":2},"end":{"line":234,"column":25}},{"start":{},"end":{}}],"line":234},"22":{"loc":{"start":{"line":240,"column":2},"end":{"line":240,"column":25}},"type":"if","locations":[{"start":{"line":240,"column":2},"end":{"line":240,"column":25}},{"start":{},"end":{}}],"line":240},"23":{"loc":{"start":{"line":255,"column":4},"end":{"line":255,"column":26}},"type":"if","locations":[{"start":{"line":255,"column":4},"end":{"line":255,"column":26}},{"start":{},"end":{}}],"line":255},"24":{"loc":{"start":{"line":265,"column":4},"end":{"line":265,"column":31}},"type":"if","locations":[{"start":{"line":265,"column":4},"end":{"line":265,"column":31}},{"start":{},"end":{}}],"line":265},"25":{"loc":{"start":{"line":283,"column":13},"end":{"line":283,"column":26}},"type":"binary-expr","locations":[{"start":{"line":283,"column":13},"end":{"line":283,"column":18}},{"start":{"line":283,"column":22},"end":{"line":283,"column":26}}],"line":283},"26":{"loc":{"start":{"line":285,"column":2},"end":{"line":285,"column":25}},"type":"if","locations":[{"start":{"line":285,"column":2},"end":{"line":285,"column":25}},{"start":{},"end":{}}],"line":285},"27":{"loc":{"start":{"line":295,"column":2},"end":{"line":295,"column":25}},"type":"if","locations":[{"start":{"line":295,"column":2},"end":{"line":295,"column":25}},{"start":{},"end":{}}],"line":295}},"s":{"0":0,"1":0,"2":0,"3":0,"4":0,"5":0,"6":7,"7":7,"8":1,"9":6,"10":6,"11":12,"12":0,"13":0,"14":0,"15":0,"16":0,"17":0,"18":0,"19":0,"20":0,"21":0,"22":0,"23":0,"24":0,"25":0,"26":0,"27":0,"28":0,"29":0,"30":0,"31":0,"32":0,"33":0,"34":0,"35":0,"36":0,"37":0,"38":0,"39":0,"40":0,"41":0,"42":0,"43":0,"44":0,"45":0,"46":0,"47":0,"48":0,"49":0,"50":0,"51":0,"52":0,"53":0,"54":0,"55":0,"56":0,"57":0,"58":0,"59":0,"60":0,"61":0,"62":0,"63":0,"64":0,"65":0,"66":0,"67":0,"68":0,"69":0,"70":0},"f":{"0":0,"1":0,"2":7,"3":12,"4":0,"5":0,"6":0,"7":0,"8":0,"9":0,"10":0,"11":0,"12":0,"13":0,"14":0,"15":0,"16":0,"17":0,"18":0},"b":{"0":[0,0],"1":[0],"2":[1,6],"3":[6,1],"4":[0,0],"5":[0,0],"6":[0,0],"7":[0,0],"8":[0,0],"9":[0,0],"10":[0,0],"11":[0,0],"12":[0,0],"13":[0,0],"14":[0,0],"15":[0,0],"16":[0,0],"17":[0,0],"18":[0,0],"19":[0,0],"20":[0,0],"21":[0,0],"22":[0,0],"23":[0,0],"24":[0,0],"25":[0,0],"26":[0,0],"27":[0,0]},"_coverageSchema":"1a1c01bbd47fc00a2c39e90264f33305004495a9","hash":"49342def1d7f6ca9eef5eb2d113384760f9cbcbd"}
,"/home/damianml/cuervo-pass/src/store/usePerfilStore.ts": {"path":"/home/damianml/cuervo-pass/src/store/usePerfilStore.ts","statementMap":{"0":{"start":{"line":27,"column":30},"end":{"line":69,"column":3}},"1":{"start":{"line":27,"column":65},"end":{"line":69,"column":1}},"2":{"start":{"line":31,"column":25},"end":{"line":31,"column":40}},"3":{"start":{"line":33,"column":4},"end":{"line":33,"column":28}},"4":{"start":{"line":34,"column":4},"end":{"line":54,"column":5}},"5":{"start":{"line":39,"column":30},"end":{"line":39,"column":107}},"6":{"start":{"line":41,"column":6},"end":{"line":48,"column":7}},"7":{"start":{"line":45,"column":8},"end":{"line":45,"column":64}},"8":{"start":{"line":46,"column":8},"end":{"line":46,"column":116}},"9":{"start":{"line":47,"column":8},"end":{"line":47,"column":15}},"10":{"start":{"line":50,"column":6},"end":{"line":50,"column":76}},"11":{"start":{"line":52,"column":6},"end":{"line":52,"column":55}},"12":{"start":{"line":53,"column":6},"end":{"line":53,"column":114}},"13":{"start":{"line":57,"column":28},"end":{"line":62,"column":15}},"14":{"start":{"line":66,"column":4},"end":{"line":66,"column":27}},"15":{"start":{"line":66,"column":15},"end":{"line":66,"column":27}},"16":{"start":{"line":67,"column":4},"end":{"line":67,"column":68}}},"fnMap":{"0":{"name":"(anonymous_0)","decl":{"start":{"line":27,"column":50},"end":{"line":27,"column":51}},"loc":{"start":{"line":27,"column":65},"end":{"line":69,"column":1}},"line":27},"1":{"name":"(anonymous_1)","decl":{"start":{"line":31,"column":13},"end":{"line":31,"column":14}},"loc":{"start":{"line":31,"column":25},"end":{"line":31,"column":40}},"line":31},"2":{"name":"(anonymous_2)","decl":{"start":{"line":32,"column":16},"end":{"line":32,"column":17}},"loc":{"start":{"line":32,"column":37},"end":{"line":55,"column":3}},"line":32},"3":{"name":"(anonymous_3)","decl":{"start":{"line":56,"column":20},"end":{"line":56,"column":21}},"loc":{"start":{"line":56,"column":50},"end":{"line":68,"column":3}},"line":56}},"branchMap":{"0":{"loc":{"start":{"line":41,"column":6},"end":{"line":48,"column":7}},"type":"if","locations":[{"start":{"line":41,"column":6},"end":{"line":48,"column":7}},{"start":{},"end":{}}],"line":41},"1":{"loc":{"start":{"line":66,"column":4},"end":{"line":66,"column":27}},"type":"if","locations":[{"start":{"line":66,"column":4},"end":{"line":66,"column":27}},{"start":{},"end":{}}],"line":66},"2":{"loc":{"start":{"line":67,"column":18},"end":{"line":67,"column":51}},"type":"binary-expr","locations":[{"start":{"line":67,"column":19},"end":{"line":67,"column":34}},{"start":{"line":67,"column":39},"end":{"line":67,"column":51}}],"line":67}},"s":{"0":1,"1":1,"2":0,"3":8,"4":8,"5":8,"6":7,"7":2,"8":2,"9":2,"10":5,"11":1,"12":1,"13":2,"14":2,"15":1,"16":1},"f":{"0":1,"1":0,"2":8,"3":2},"b":{"0":[2,5],"1":[1,1],"2":[1,0]},"_coverageSchema":"1a1c01bbd47fc00a2c39e90264f33305004495a9","hash":"f6634ffcbb38a7f0a15542b4df98a7563cd00acb"}
}
