{"/home/damianml/cuervo-pass/src/services/mensajes.service.ts": {"path":"/home/damianml/cuervo-pass/src/services/mensajes.service.ts","statementMap":{"0":{"start":{"line":13,"column":31},"end":{"line":13,"column":33}},"1":{"start":{"line":25,"column":26},"end":{"line":25,"column":93}},"2":{"start":{"line":26,"column":2},"end":{"line":26,"column":25}},"3":{"start":{"line":26,"column":13},"end":{"line":26,"column":25}},"4":{"start":{"line":27,"column":2},"end":{"line":27,"column":24}},"5":{"start":{"line":39,"column":26},"end":{"line":45,"column":27}},"6":{"start":{"line":46,"column":2},"end":{"line":46,"column":25}},"7":{"start":{"line":46,"column":13},"end":{"line":46,"column":25}},"8":{"start":{"line":47,"column":2},"end":{"line":47,"column":39}},"9":{"start":{"line":51,"column":26},"end":{"line":55,"column":13}},"10":{"start":{"line":56,"column":2},"end":{"line":56,"column":25}},"11":{"start":{"line":56,"column":13},"end":{"line":56,"column":25}},"12":{"start":{"line":57,"column":2},"end":{"line":57,"column":25}},"13":{"start":{"line":64,"column":20},"end":{"line":69,"column":23}},"14":{"start":{"line":70,"column":2},"end":{"line":70,"column":25}},"15":{"start":{"line":70,"column":13},"end":{"line":70,"column":25}},"16":{"start":{"line":86,"column":42},"end":{"line":90,"column":18}},"17":{"start":{"line":91,"column":2},"end":{"line":91,"column":25}},"18":{"start":{"line":91,"column":13},"end":{"line":91,"column":25}},"19":{"start":{"line":93,"column":16},"end":{"line":93,"column":56}},"20":{"start":{"line":94,"column":2},"end":{"line":94,"column":36}},"21":{"start":{"line":94,"column":26},"end":{"line":94,"column":36}},"22":{"start":{"line":96,"column":14},"end":{"line":96,"column":36}},"23":{"start":{"line":96,"column":31},"end":{"line":96,"column":35}},"24":{"start":{"line":97,"column":19},"end":{"line":97,"column":87}},"25":{"start":{"line":97,"column":37},"end":{"line":97,"column":85}},"26":{"start":{"line":99,"column":51},"end":{"line":109,"column":4}},"27":{"start":{"line":111,"column":22},"end":{"line":111,"column":79}},"28":{"start":{"line":111,"column":58},"end":{"line":111,"column":77}},"29":{"start":{"line":112,"column":32},"end":{"line":112,"column":58}},"30":{"start":{"line":113,"column":34},"end":{"line":113,"column":59}},"31":{"start":{"line":115,"column":2},"end":{"line":120,"column":3}},"32":{"start":{"line":116,"column":4},"end":{"line":116,"column":103}},"33":{"start":{"line":116,"column":55},"end":{"line":116,"column":103}},"34":{"start":{"line":117,"column":4},"end":{"line":119,"column":5}},"35":{"start":{"line":118,"column":6},"end":{"line":118,"column":112}},"36":{"start":{"line":122,"column":2},"end":{"line":137,"column":5}},"37":{"start":{"line":123,"column":19},"end":{"line":123,"column":67}},"38":{"start":{"line":124,"column":19},"end":{"line":124,"column":42}},"39":{"start":{"line":125,"column":4},"end":{"line":136,"column":6}},"40":{"start":{"line":156,"column":17},"end":{"line":156,"column":55}},"41":{"start":{"line":157,"column":16},"end":{"line":168,"column":16}},"42":{"start":{"line":163,"column":6},"end":{"line":163,"column":48}},"43":{"start":{"line":166,"column":6},"end":{"line":166,"column":48}},"44":{"start":{"line":170,"column":2},"end":{"line":172,"column":4}},"45":{"start":{"line":171,"column":4},"end":{"line":171,"column":34}},"46":{"start":{"line":178,"column":16},"end":{"line":182,"column":16}},"47":{"start":{"line":184,"column":2},"end":{"line":186,"column":4}},"48":{"start":{"line":185,"column":4},"end":{"line":185,"column":34}}},"fnMap":{"0":{"name":"abrirConversacion","decl":{"start":{"line":24,"column":22},"end":{"line":24,"column":39}},"loc":{"start":{"line":24,"column":80},"end":{"line":28,"column":1}},"line":24},"1":{"name":"listarMensajes","decl":{"start":{"line":38,"column":22},"end":{"line":38,"column":36}},"loc":{"start":{"line":38,"column":98},"end":{"line":48,"column":1}},"line":38},"2":{"name":"enviarMensaje","decl":{"start":{"line":50,"column":22},"end":{"line":50,"column":35}},"loc":{"start":{"line":50,"column":100},"end":{"line":58,"column":1}},"line":50},"3":{"name":"marcarConversacionComoLeida","decl":{"start":{"line":63,"column":22},"end":{"line":63,"column":49}},"loc":{"start":{"line":63,"column":88},"end":{"line":71,"column":1}},"line":63},"4":{"name":"listarConversaciones","decl":{"start":{"line":85,"column":22},"end":{"line":85,"column":42}},"loc":{"start":{"line":85,"column":102},"end":{"line":138,"column":1}},"line":85},"5":{"name":"(anonymous_5)","decl":{"start":{"line":96,"column":24},"end":{"line":96,"column":25}},"loc":{"start":{"line":96,"column":31},"end":{"line":96,"column":35}},"line":96},"6":{"name":"(anonymous_6)","decl":{"start":{"line":97,"column":29},"end":{"line":97,"column":30}},"loc":{"start":{"line":97,"column":37},"end":{"line":97,"column":85}},"line":97},"7":{"name":"(anonymous_7)","decl":{"start":{"line":111,"column":51},"end":{"line":111,"column":52}},"loc":{"start":{"line":111,"column":58},"end":{"line":111,"column":77}},"line":111},"8":{"name":"(anonymous_8)","decl":{"start":{"line":122,"column":19},"end":{"line":122,"column":20}},"loc":{"start":{"line":122,"column":26},"end":{"line":137,"column":3}},"line":122},"9":{"name":"suscribirseAConversacion","decl":{"start":{"line":152,"column":16},"end":{"line":152,"column":40}},"loc":{"start":{"line":155,"column":14},"end":{"line":173,"column":1}},"line":155},"10":{"name":"(anonymous_10)","decl":{"start":{"line":162,"column":102},"end":{"line":162,"column":103}},"loc":{"start":{"line":163,"column":6},"end":{"line":163,"column":48}},"line":163},"11":{"name":"(anonymous_11)","decl":{"start":{"line":165,"column":102},"end":{"line":165,"column":103}},"loc":{"start":{"line":166,"column":6},"end":{"line":166,"column":48}},"line":166},"12":{"name":"(anonymous_12)","decl":{"start":{"line":170,"column":9},"end":{"line":170,"column":10}},"loc":{"start":{"line":170,"column":15},"end":{"line":172,"column":3}},"line":170},"13":{"name":"suscribirseAMisChats","decl":{"start":{"line":177,"column":16},"end":{"line":177,"column":36}},"loc":{"start":{"line":177,"column":71},"end":{"line":187,"column":1}},"line":177},"14":{"name":"(anonymous_14)","decl":{"start":{"line":184,"column":9},"end":{"line":184,"column":10}},"loc":{"start":{"line":184,"column":15},"end":{"line":186,"column":3}},"line":184}},"branchMap":{"0":{"loc":{"start":{"line":26,"column":2},"end":{"line":26,"column":25}},"type":"if","locations":[{"start":{"line":26,"column":2},"end":{"line":26,"column":25}},{"start":{},"end":{}}],"line":26},"1":{"loc":{"start":{"line":43,"column":21},"end":{"line":43,"column":55}},"type":"binary-expr","locations":[{"start":{"line":43,"column":21},"end":{"line":43,"column":27}},{"start":{"line":43,"column":31},"end":{"line":43,"column":55}}],"line":43},"2":{"loc":{"start":{"line":46,"column":2},"end":{"line":46,"column":25}},"type":"if","locations":[{"start":{"line":46,"column":2},"end":{"line":46,"column":25}},{"start":{},"end":{}}],"line":46},"3":{"loc":{"start":{"line":56,"column":2},"end":{"line":56,"column":25}},"type":"if","locations":[{"start":{"line":56,"column":2},"end":{"line":56,"column":25}},{"start":{},"end":{}}],"line":56},"4":{"loc":{"start":{"line":70,"column":2},"end":{"line":70,"column":25}},"type":"if","locations":[{"start":{"line":70,"column":2},"end":{"line":70,"column":25}},{"start":{},"end":{}}],"line":70},"5":{"loc":{"start":{"line":85,"column":57},"end":{"line":85,"column":68}},"type":"default-arg","locations":[{"start":{"line":85,"column":66},"end":{"line":85,"column":68}}],"line":85},"6":{"loc":{"start":{"line":91,"column":2},"end":{"line":91,"column":25}},"type":"if","locations":[{"start":{"line":91,"column":2},"end":{"line":91,"column":25}},{"start":{},"end":{}}],"line":91},"7":{"loc":{"start":{"line":93,"column":17},"end":{"line":93,"column":37}},"type":"binary-expr","locations":[{"start":{"line":93,"column":17},"end":{"line":93,"column":31}},{"start":{"line":93,"column":35},"end":{"line":93,"column":37}}],"line":93},"8":{"loc":{"start":{"line":94,"column":2},"end":{"line":94,"column":36}},"type":"if","locations":[{"start":{"line":94,"column":2},"end":{"line":94,"column":36}},{"start":{},"end":{}}],"line":94},"9":{"loc":{"start":{"line":97,"column":37},"end":{"line":97,"column":85}},"type":"cond-expr","locations":[{"start":{"line":97,"column":60},"end":{"line":97,"column":71}},{"start":{"line":97,"column":74},"end":{"line":97,"column":85}}],"line":97},"10":{"loc":{"start":{"line":111,"column":31},"end":{"line":111,"column":45}},"type":"binary-expr","locations":[{"start":{"line":111,"column":31},"end":{"line":111,"column":39}},{"start":{"line":111,"column":43},"end":{"line":111,"column":45}}],"line":111},"11":{"loc":{"start":{"line":115,"column":19},"end":{"line":115,"column":33}},"type":"binary-expr","locations":[{"start":{"line":115,"column":19},"end":{"line":115,"column":27}},{"start":{"line":115,"column":31},"end":{"line":115,"column":33}}],"line":115},"12":{"loc":{"start":{"line":116,"column":4},"end":{"line":116,"column":103}},"type":"if","locations":[{"start":{"line":116,"column":4},"end":{"line":116,"column":103}},{"start":{},"end":{}}],"line":116},"13":{"loc":{"start":{"line":117,"column":4},"end":{"line":119,"column":5}},"type":"if","locations":[{"start":{"line":117,"column":4},"end":{"line":119,"column":5}},{"start":{},"end":{}}],"line":117},"14":{"loc":{"start":{"line":117,"column":8},"end":{"line":117,"column":43}},"type":"binary-expr","locations":[{"start":{"line":117,"column":8},"end":{"line":117,"column":31}},{"start":{"line":117,"column":35},"end":{"line":117,"column":43}}],"line":117},"15":{"loc":{"start":{"line":118,"column":54},"end":{"line":118,"column":105}},"type":"binary-expr","locations":[{"start":{"line":118,"column":54},"end":{"line":118,"column":100}},{"start":{"line":118,"column":104},"end":{"line":118,"column":105}}],"line":118},"16":{"loc":{"start":{"line":123,"column":19},"end":{"line":123,"column":67}},"type":"cond-expr","locations":[{"start":{"line":123,"column":42},"end":{"line":123,"column":53}},{"start":{"line":123,"column":56},"end":{"line":123,"column":67}}],"line":123},"17":{"loc":{"start":{"line":131,"column":25},"end":{"line":131,"column":87}},"type":"binary-expr","locations":[{"start":{"line":131,"column":26},"end":{"line":131,"column":59}},{"start":{"line":131,"column":64},"end":{"line":131,"column":87}}],"line":131},"18":{"loc":{"start":{"line":132,"column":18},"end":{"line":132,"column":61}},"type":"binary-expr","locations":[{"start":{"line":132,"column":19},"end":{"line":132,"column":52}},{"start":{"line":132,"column":57},"end":{"line":132,"column":61}}],"line":132},"19":{"loc":{"start":{"line":134,"column":21},"end":{"line":134,"column":60}},"type":"binary-expr","locations":[{"start":{"line":134,"column":21},"end":{"line":134,"column":52}},{"start":{"line":134,"column":56},"end":{"line":134,"column":60}}],"line":134},"20":{"loc":{"start":{"line":135,"column":16},"end":{"line":135,"column":54}},"type":"binary-expr","locations":[{"start":{"line":135,"column":16},"end":{"line":135,"column":49}},{"start":{"line":135,"column":53},"end":{"line":135,"column":54}}],"line":135}},"s":{"0":0,"1":0,"2":0,"3":0,"4":0,"5":0,"6":0,"7":0,"8":0,"9":0,"10":0,"11":0,"12":0,"13":0,"14":0,"15":0,"16":0,"17":0,"18":0,"19":0,"20":0,"21":0,"22":0,"23":0,"24":0,"25":0,"26":0,"27":0,"28":0,"29":0,"30":0,"31":0,"32":0,"33":0,"34":0,"35":0,"36":0,"37":0,"38":0,"39":0,"40":0,"41":0,"42":0,"43":0,"44":0,"45":0,"46":0,"47":0,"48":0},"f":{"0":0,"1":0,"2":0,"3":0,"4":0,"5":0,"6":0,"7":0,"8":0,"9":0,"10":0,"11":0,"12":0,"13":0,"14":0},"b":{"0":[0,0],"1":[0,0],"2":[0,0],"3":[0,0],"4":[0,0],"5":[0],"6":[0,0],"7":[0,0],"8":[0,0],"9":[0,0],"10":[0,0],"11":[0,0],"12":[0,0],"13":[0,0],"14":[0,0],"15":[0,0],"16":[0,0],"17":[0,0],"18":[0,0],"19":[0,0],"20":[0,0]}}
,"/home/damianml/cuervo-pass/src/services/publicaciones.service.ts": {"path":"/home/damianml/cuervo-pass/src/services/publicaciones.service.ts","statementMap":{"0":{"start":{"line":19,"column":17},"end":{"line":19,"column":74}},"1":{"start":{"line":20,"column":2},"end":{"line":20,"column":82}},"2":{"start":{"line":31,"column":2},"end":{"line":36,"column":3}},"3":{"start":{"line":32,"column":4},"end":{"line":32,"column":61}},"4":{"start":{"line":34,"column":4},"end":{"line":34,"column":61}},"5":{"start":{"line":35,"column":4},"end":{"line":35,"column":16}},"6":{"start":{"line":68,"column":26},"end":{"line":68,"column":93}},"7":{"start":{"line":69,"column":2},"end":{"line":69,"column":25}},"8":{"start":{"line":69,"column":13},"end":{"line":69,"column":25}},"9":{"start":{"line":71,"column":16},"end":{"line":71,"column":53}},"10":{"start":{"line":72,"column":2},"end":{"line":76,"column":4}},"11":{"start":{"line":74,"column":37},"end":{"line":74,"column":56}},"12":{"start":{"line":88,"column":26},"end":{"line":92,"column":18}},"13":{"start":{"line":93,"column":2},"end":{"line":93,"column":25}},"14":{"start":{"line":93,"column":13},"end":{"line":93,"column":25}},"15":{"start":{"line":94,"column":2},"end":{"line":94,"column":14}},"16":{"start":{"line":99,"column":26},"end":{"line":103,"column":45}},"17":{"start":{"line":104,"column":2},"end":{"line":104,"column":25}},"18":{"start":{"line":104,"column":13},"end":{"line":104,"column":25}},"19":{"start":{"line":105,"column":2},"end":{"line":105,"column":31}},"20":{"start":{"line":109,"column":26},"end":{"line":109,"column":96}},"21":{"start":{"line":110,"column":2},"end":{"line":110,"column":25}},"22":{"start":{"line":110,"column":13},"end":{"line":110,"column":25}},"23":{"start":{"line":111,"column":2},"end":{"line":111,"column":29}},"24":{"start":{"line":117,"column":26},"end":{"line":117,"column":78}},"25":{"start":{"line":118,"column":2},"end":{"line":121,"column":3}},"26":{"start":{"line":119,"column":4},"end":{"line":119,"column":73}},"27":{"start":{"line":120,"column":4},"end":{"line":120,"column":21}},"28":{"start":{"line":122,"column":2},"end":{"line":122,"column":79}},"29":{"start":{"line":122,"column":41},"end":{"line":122,"column":76}},"30":{"start":{"line":147,"column":2},"end":{"line":151,"column":4}},"31":{"start":{"line":149,"column":6},"end":{"line":149,"column":96}},"32":{"start":{"line":155,"column":2},"end":{"line":169,"column":4}},"33":{"start":{"line":175,"column":36},"end":{"line":178,"column":4}},"34":{"start":{"line":180,"column":32},"end":{"line":192,"column":13}},"35":{"start":{"line":193,"column":2},"end":{"line":193,"column":25}},"36":{"start":{"line":193,"column":13},"end":{"line":193,"column":25}},"37":{"start":{"line":194,"column":22},"end":{"line":194,"column":41}},"38":{"start":{"line":196,"column":2},"end":{"line":196,"column":51}},"39":{"start":{"line":196,"column":32},"end":{"line":196,"column":51}},"40":{"start":{"line":201,"column":16},"end":{"line":201,"column":81}},"41":{"start":{"line":203,"column":52},"end":{"line":208,"column":13}},"42":{"start":{"line":209,"column":2},"end":{"line":209,"column":37}},"43":{"start":{"line":209,"column":19},"end":{"line":209,"column":37}},"44":{"start":{"line":210,"column":2},"end":{"line":210,"column":36}},"45":{"start":{"line":214,"column":43},"end":{"line":218,"column":4}},"46":{"start":{"line":219,"column":26},"end":{"line":232,"column":13}},"47":{"start":{"line":233,"column":2},"end":{"line":233,"column":25}},"48":{"start":{"line":233,"column":13},"end":{"line":233,"column":25}},"49":{"start":{"line":234,"column":2},"end":{"line":234,"column":29}},"50":{"start":{"line":238,"column":20},"end":{"line":238,"column":88}},"51":{"start":{"line":239,"column":2},"end":{"line":239,"column":25}},"52":{"start":{"line":239,"column":13},"end":{"line":239,"column":25}},"53":{"start":{"line":248,"column":21},"end":{"line":248,"column":71}},"54":{"start":{"line":248,"column":49},"end":{"line":248,"column":70}},"55":{"start":{"line":249,"column":18},"end":{"line":249,"column":19}},"56":{"start":{"line":252,"column":2},"end":{"line":265,"column":3}},"57":{"start":{"line":253,"column":19},"end":{"line":253,"column":59}},"58":{"start":{"line":254,"column":4},"end":{"line":254,"column":26}},"59":{"start":{"line":254,"column":17},"end":{"line":254,"column":26}},"60":{"start":{"line":255,"column":22},"end":{"line":263,"column":21}},"61":{"start":{"line":264,"column":4},"end":{"line":264,"column":31}},"62":{"start":{"line":264,"column":16},"end":{"line":264,"column":31}},"63":{"start":{"line":266,"column":2},"end":{"line":266,"column":19}},"64":{"start":{"line":280,"column":26},"end":{"line":283,"column":4}},"65":{"start":{"line":284,"column":2},"end":{"line":284,"column":25}},"66":{"start":{"line":284,"column":13},"end":{"line":284,"column":25}},"67":{"start":{"line":285,"column":2},"end":{"line":285,"column":24}},"68":{"start":{"line":291,"column":20},"end":{"line":293,"column":83}},"69":{"start":{"line":294,"column":2},"end":{"line":294,"column":25}},"70":{"start":{"line":294,"column":13},"end":{"line":294,"column":25}}},"fnMap":{"0":{"name":"textoParaEmbedding","decl":{"start":{"line":18,"column":9},"end":{"line":18,"column":27}},"loc":{"start":{"line":18,"column":104},"end":{"line":21,"column":1}},"line":18},"1":{"name":"generarEmbeddingSeguro","decl":{"start":{"line":26,"column":15},"end":{"line":26,"column":37}},"loc":{"start":{"line":30,"column":29},"end":{"line":37,"column":1}},"line":30},"2":{"name":"obtenerSugerencias","decl":{"start":{"line":67,"column":22},"end":{"line":67,"column":40}},"loc":{"start":{"line":67,"column":85},"end":{"line":77,"column":1}},"line":67},"3":{"name":"(anonymous_3)","decl":{"start":{"line":74,"column":30},"end":{"line":74,"column":31}},"loc":{"start":{"line":74,"column":37},"end":{"line":74,"column":56}},"line":74},"4":{"name":"obtenerPublicacionPublica","decl":{"start":{"line":87,"column":22},"end":{"line":87,"column":47}},"loc":{"start":{"line":87,"column":60},"end":{"line":95,"column":1}},"line":87},"5":{"name":"listarMisPublicaciones","decl":{"start":{"line":98,"column":22},"end":{"line":98,"column":44}},"loc":{"start":{"line":98,"column":64},"end":{"line":106,"column":1}},"line":98},"6":{"name":"obtenerMiPublicacion","decl":{"start":{"line":108,"column":22},"end":{"line":108,"column":42}},"loc":{"start":{"line":108,"column":55},"end":{"line":112,"column":1}},"line":108},"7":{"name":"contarContactosRecibidos","decl":{"start":{"line":116,"column":22},"end":{"line":116,"column":46}},"loc":{"start":{"line":116,"column":79},"end":{"line":123,"column":1}},"line":116},"8":{"name":"(anonymous_8)","decl":{"start":{"line":122,"column":34},"end":{"line":122,"column":35}},"loc":{"start":{"line":122,"column":41},"end":{"line":122,"column":76}},"line":122},"9":{"name":"resolverFotos","decl":{"start":{"line":146,"column":15},"end":{"line":146,"column":28}},"loc":{"start":{"line":146,"column":112},"end":{"line":152,"column":1}},"line":146},"10":{"name":"(anonymous_10)","decl":{"start":{"line":148,"column":14},"end":{"line":148,"column":15}},"loc":{"start":{"line":149,"column":6},"end":{"line":149,"column":96}},"line":149},"11":{"name":"columnasComunes","decl":{"start":{"line":154,"column":9},"end":{"line":154,"column":24}},"loc":{"start":{"line":154,"column":50},"end":{"line":170,"column":1}},"line":154},"12":{"name":"crearPublicacion","decl":{"start":{"line":172,"column":22},"end":{"line":172,"column":38}},"loc":{"start":{"line":172,"column":86},"end":{"line":211,"column":1}},"line":172},"13":{"name":"actualizarPublicacion","decl":{"start":{"line":213,"column":22},"end":{"line":213,"column":43}},"loc":{"start":{"line":213,"column":114},"end":{"line":235,"column":1}},"line":213},"14":{"name":"cambiarEstadoPublicacion","decl":{"start":{"line":237,"column":22},"end":{"line":237,"column":46}},"loc":{"start":{"line":237,"column":76},"end":{"line":240,"column":1}},"line":237},"15":{"name":"reintentarGeocodingPendiente","decl":{"start":{"line":247,"column":22},"end":{"line":247,"column":50}},"loc":{"start":{"line":247,"column":98},"end":{"line":267,"column":1}},"line":247},"16":{"name":"(anonymous_16)","decl":{"start":{"line":248,"column":42},"end":{"line":248,"column":43}},"loc":{"start":{"line":248,"column":49},"end":{"line":248,"column":70}},"line":248},"17":{"name":"revelarContacto","decl":{"start":{"line":279,"column":22},"end":{"line":279,"column":37}},"loc":{"start":{"line":279,"column":101},"end":{"line":286,"column":1}},"line":279},"18":{"name":"reportarPublicacion","decl":{"start":{"line":290,"column":22},"end":{"line":290,"column":41}},"loc":{"start":{"line":290,"column":103},"end":{"line":295,"column":1}},"line":290}},"branchMap":{"0":{"loc":{"start":{"line":20,"column":9},"end":{"line":20,"column":81}},"type":"cond-expr","locations":[{"start":{"line":20,"column":25},"end":{"line":20,"column":42}},{"start":{"line":20,"column":45},"end":{"line":20,"column":81}}],"line":20},"1":{"loc":{"start":{"line":67,"column":41},"end":{"line":67,"column":52}},"type":"default-arg","locations":[{"start":{"line":67,"column":50},"end":{"line":67,"column":52}}],"line":67},"2":{"loc":{"start":{"line":69,"column":2},"end":{"line":69,"column":25}},"type":"if","locations":[{"start":{"line":69,"column":2},"end":{"line":69,"column":25}},{"start":{},"end":{}}],"line":69},"3":{"loc":{"start":{"line":71,"column":17},"end":{"line":71,"column":27}},"type":"binary-expr","locations":[{"start":{"line":71,"column":17},"end":{"line":71,"column":21}},{"start":{"line":71,"column":25},"end":{"line":71,"column":27}}],"line":71},"4":{"loc":{"start":{"line":93,"column":2},"end":{"line":93,"column":25}},"type":"if","locations":[{"start":{"line":93,"column":2},"end":{"line":93,"column":25}},{"start":{},"end":{}}],"line":93},"5":{"loc":{"start":{"line":104,"column":2},"end":{"line":104,"column":25}},"type":"if","locations":[{"start":{"line":104,"column":2},"end":{"line":104,"column":25}},{"start":{},"end":{}}],"line":104},"6":{"loc":{"start":{"line":110,"column":2},"end":{"line":110,"column":25}},"type":"if","locations":[{"start":{"line":110,"column":2},"end":{"line":110,"column":25}},{"start":{},"end":{}}],"line":110},"7":{"loc":{"start":{"line":118,"column":2},"end":{"line":121,"column":3}},"type":"if","locations":[{"start":{"line":118,"column":2},"end":{"line":121,"column":3}},{"start":{},"end":{}}],"line":118},"8":{"loc":{"start":{"line":122,"column":18},"end":{"line":122,"column":28}},"type":"binary-expr","locations":[{"start":{"line":122,"column":18},"end":{"line":122,"column":22}},{"start":{"line":122,"column":26},"end":{"line":122,"column":28}}],"line":122},"9":{"loc":{"start":{"line":149,"column":6},"end":{"line":149,"column":96}},"type":"cond-expr","locations":[{"start":{"line":149,"column":21},"end":{"line":149,"column":85}},{"start":{"line":149,"column":88},"end":{"line":149,"column":96}}],"line":149},"10":{"loc":{"start":{"line":185,"column":15},"end":{"line":185,"column":34}},"type":"binary-expr","locations":[{"start":{"line":185,"column":15},"end":{"line":185,"column":26}},{"start":{"line":185,"column":30},"end":{"line":185,"column":34}}],"line":185},"11":{"loc":{"start":{"line":186,"column":16},"end":{"line":186,"column":35}},"type":"binary-expr","locations":[{"start":{"line":186,"column":16},"end":{"line":186,"column":27}},{"start":{"line":186,"column":31},"end":{"line":186,"column":35}}],"line":186},"12":{"loc":{"start":{"line":187,"column":25},"end":{"line":187,"column":50}},"type":"binary-expr","locations":[{"start":{"line":187,"column":25},"end":{"line":187,"column":42}},{"start":{"line":187,"column":46},"end":{"line":187,"column":50}}],"line":187},"13":{"loc":{"start":{"line":189,"column":10},"end":{"line":189,"column":70}},"type":"cond-expr","locations":[{"start":{"line":189,"column":28},"end":{"line":189,"column":65}},{"start":{"line":189,"column":68},"end":{"line":189,"column":70}}],"line":189},"14":{"loc":{"start":{"line":193,"column":2},"end":{"line":193,"column":25}},"type":"if","locations":[{"start":{"line":193,"column":2},"end":{"line":193,"column":25}},{"start":{},"end":{}}],"line":193},"15":{"loc":{"start":{"line":196,"column":2},"end":{"line":196,"column":51}},"type":"if","locations":[{"start":{"line":196,"column":2},"end":{"line":196,"column":51}},{"start":{},"end":{}}],"line":196},"16":{"loc":{"start":{"line":209,"column":2},"end":{"line":209,"column":37}},"type":"if","locations":[{"start":{"line":209,"column":2},"end":{"line":209,"column":37}},{"start":{},"end":{}}],"line":209},"17":{"loc":{"start":{"line":223,"column":15},"end":{"line":223,"column":34}},"type":"binary-expr","locations":[{"start":{"line":223,"column":15},"end":{"line":223,"column":26}},{"start":{"line":223,"column":30},"end":{"line":223,"column":34}}],"line":223},"18":{"loc":{"start":{"line":224,"column":16},"end":{"line":224,"column":35}},"type":"binary-expr","locations":[{"start":{"line":224,"column":16},"end":{"line":224,"column":27}},{"start":{"line":224,"column":31},"end":{"line":224,"column":35}}],"line":224},"19":{"loc":{"start":{"line":225,"column":25},"end":{"line":225,"column":50}},"type":"binary-expr","locations":[{"start":{"line":225,"column":25},"end":{"line":225,"column":42}},{"start":{"line":225,"column":46},"end":{"line":225,"column":50}}],"line":225},"20":{"loc":{"start":{"line":228,"column":10},"end":{"line":228,"column":70}},"type":"cond-expr","locations":[{"start":{"line":228,"column":28},"end":{"line":228,"column":65}},{"start":{"line":228,"column":68},"end":{"line":228,"column":70}}],"line":228},"21":{"loc":{"start":{"line":233,"column":2},"end":{"line":233,"column":25}},"type":"if","locations":[{"start":{"line":233,"column":2},"end":{"line":233,"column":25}},{"start":{},"end":{}}],"line":233},"22":{"loc":{"start":{"line":239,"column":2},"end":{"line":239,"column":25}},"type":"if","locations":[{"start":{"line":239,"column":2},"end":{"line":239,"column":25}},{"start":{},"end":{}}],"line":239},"23":{"loc":{"start":{"line":254,"column":4},"end":{"line":254,"column":26}},"type":"if","locations":[{"start":{"line":254,"column":4},"end":{"line":254,"column":26}},{"start":{},"end":{}}],"line":254},"24":{"loc":{"start":{"line":264,"column":4},"end":{"line":264,"column":31}},"type":"if","locations":[{"start":{"line":264,"column":4},"end":{"line":264,"column":31}},{"start":{},"end":{}}],"line":264},"25":{"loc":{"start":{"line":282,"column":13},"end":{"line":282,"column":26}},"type":"binary-expr","locations":[{"start":{"line":282,"column":13},"end":{"line":282,"column":18}},{"start":{"line":282,"column":22},"end":{"line":282,"column":26}}],"line":282},"26":{"loc":{"start":{"line":284,"column":2},"end":{"line":284,"column":25}},"type":"if","locations":[{"start":{"line":284,"column":2},"end":{"line":284,"column":25}},{"start":{},"end":{}}],"line":284},"27":{"loc":{"start":{"line":294,"column":2},"end":{"line":294,"column":25}},"type":"if","locations":[{"start":{"line":294,"column":2},"end":{"line":294,"column":25}},{"start":{},"end":{}}],"line":294}},"s":{"0":0,"1":0,"2":0,"3":0,"4":0,"5":0,"6":7,"7":7,"8":1,"9":6,"10":6,"11":12,"12":0,"13":0,"14":0,"15":0,"16":0,"17":0,"18":0,"19":0,"20":0,"21":0,"22":0,"23":0,"24":0,"25":0,"26":0,"27":0,"28":0,"29":0,"30":0,"31":0,"32":0,"33":0,"34":0,"35":0,"36":0,"37":0,"38":0,"39":0,"40":0,"41":0,"42":0,"43":0,"44":0,"45":0,"46":0,"47":0,"48":0,"49":0,"50":0,"51":0,"52":0,"53":0,"54":0,"55":0,"56":0,"57":0,"58":0,"59":0,"60":0,"61":0,"62":0,"63":0,"64":0,"65":0,"66":0,"67":0,"68":0,"69":0,"70":0},"f":{"0":0,"1":0,"2":7,"3":12,"4":0,"5":0,"6":0,"7":0,"8":0,"9":0,"10":0,"11":0,"12":0,"13":0,"14":0,"15":0,"16":0,"17":0,"18":0},"b":{"0":[0,0],"1":[0],"2":[1,6],"3":[6,1],"4":[0,0],"5":[0,0],"6":[0,0],"7":[0,0],"8":[0,0],"9":[0,0],"10":[0,0],"11":[0,0],"12":[0,0],"13":[0,0],"14":[0,0],"15":[0,0],"16":[0,0],"17":[0,0],"18":[0,0],"19":[0,0],"20":[0,0],"21":[0,0],"22":[0,0],"23":[0,0],"24":[0,0],"25":[0,0],"26":[0,0],"27":[0,0]},"_coverageSchema":"1a1c01bbd47fc00a2c39e90264f33305004495a9","hash":"e0d06e47bd2a421392d72f268fdee12e81017b42"}
,"/home/damianml/cuervo-pass/src/services/roomies.service.ts": {"path":"/home/damianml/cuervo-pass/src/services/roomies.service.ts","statementMap":{"0":{"start":{"line":21,"column":26},"end":{"line":21,"column":89}},"1":{"start":{"line":22,"column":2},"end":{"line":22,"column":25}},"2":{"start":{"line":22,"column":13},"end":{"line":22,"column":25}},"3":{"start":{"line":23,"column":2},"end":{"line":23,"column":42}},"4":{"start":{"line":27,"column":26},"end":{"line":27,"column":110}},"5":{"start":{"line":28,"column":2},"end":{"line":28,"column":25}},"6":{"start":{"line":28,"column":13},"end":{"line":28,"column":25}},"7":{"start":{"line":29,"column":2},"end":{"line":29,"column":31}},"8":{"start":{"line":37,"column":2},"end":{"line":42,"column":3}},"9":{"start":{"line":38,"column":4},"end":{"line":38,"column":47}},"10":{"start":{"line":40,"column":4},"end":{"line":40,"column":56}},"11":{"start":{"line":41,"column":4},"end":{"line":41,"column":16}},"12":{"start":{"line":51,"column":17},"end":{"line":51,"column":72}},"13":{"start":{"line":53,"column":26},"end":{"line":66,"column":13}},"14":{"start":{"line":67,"column":2},"end":{"line":67,"column":25}},"15":{"start":{"line":67,"column":13},"end":{"line":67,"column":25}},"16":{"start":{"line":68,"column":2},"end":{"line":68,"column":24}}},"fnMap":{"0":{"name":"listarRoomiesSugeridos","decl":{"start":{"line":20,"column":22},"end":{"line":20,"column":44}},"loc":{"start":{"line":20,"column":85},"end":{"line":24,"column":1}},"line":20},"1":{"name":"obtenerMiRoomie","decl":{"start":{"line":26,"column":22},"end":{"line":26,"column":37}},"loc":{"start":{"line":26,"column":81},"end":{"line":30,"column":1}},"line":26},"2":{"name":"vectorDeBusquedaSeguro","decl":{"start":{"line":36,"column":15},"end":{"line":36,"column":37}},"loc":{"start":{"line":36,"column":85},"end":{"line":43,"column":1}},"line":36},"3":{"name":"guardarMiRoomie","decl":{"start":{"line":47,"column":22},"end":{"line":47,"column":37}},"loc":{"start":{"line":50,"column":19},"end":{"line":69,"column":1}},"line":50}},"branchMap":{"0":{"loc":{"start":{"line":20,"column":45},"end":{"line":20,"column":56}},"type":"default-arg","locations":[{"start":{"line":20,"column":54},"end":{"line":20,"column":56}}],"line":20},"1":{"loc":{"start":{"line":22,"column":2},"end":{"line":22,"column":25}},"type":"if","locations":[{"start":{"line":22,"column":2},"end":{"line":22,"column":25}},{"start":{},"end":{}}],"line":22},"2":{"loc":{"start":{"line":23,"column":10},"end":{"line":23,"column":20}},"type":"binary-expr","locations":[{"start":{"line":23,"column":10},"end":{"line":23,"column":14}},{"start":{"line":23,"column":18},"end":{"line":23,"column":20}}],"line":23},"3":{"loc":{"start":{"line":28,"column":2},"end":{"line":28,"column":25}},"type":"if","locations":[{"start":{"line":28,"column":2},"end":{"line":28,"column":25}},{"start":{},"end":{}}],"line":28},"4":{"loc":{"start":{"line":59,"column":32},"end":{"line":59,"column":67}},"type":"binary-expr","locations":[{"start":{"line":59,"column":32},"end":{"line":59,"column":59}},{"start":{"line":59,"column":63},"end":{"line":59,"column":67}}],"line":59},"5":{"loc":{"start":{"line":61,"column":12},"end":{"line":61,"column":53}},"type":"cond-expr","locations":[{"start":{"line":61,"column":21},"end":{"line":61,"column":48}},{"start":{"line":61,"column":51},"end":{"line":61,"column":53}}],"line":61},"6":{"loc":{"start":{"line":67,"column":2},"end":{"line":67,"column":25}},"type":"if","locations":[{"start":{"line":67,"column":2},"end":{"line":67,"column":25}},{"start":{},"end":{}}],"line":67}},"s":{"0":0,"1":0,"2":0,"3":0,"4":0,"5":0,"6":0,"7":0,"8":0,"9":0,"10":0,"11":0,"12":0,"13":0,"14":0,"15":0,"16":0},"f":{"0":0,"1":0,"2":0,"3":0},"b":{"0":[0],"1":[0,0],"2":[0,0],"3":[0,0],"4":[0,0],"5":[0,0],"6":[0,0]}}
,"/home/damianml/cuervo-pass/src/services/usuarios.service.ts": {"path":"/home/damianml/cuervo-pass/src/services/usuarios.service.ts","statementMap":{"0":{"start":{"line":20,"column":26},"end":{"line":24,"column":18}},"1":{"start":{"line":25,"column":2},"end":{"line":25,"column":25}},"2":{"start":{"line":25,"column":13},"end":{"line":25,"column":25}},"3":{"start":{"line":26,"column":2},"end":{"line":26,"column":38}},"4":{"start":{"line":30,"column":2},"end":{"line":30,"column":41}},"5":{"start":{"line":30,"column":31},"end":{"line":30,"column":41}},"6":{"start":{"line":31,"column":26},"end":{"line":31,"column":99}},"7":{"start":{"line":32,"column":2},"end":{"line":32,"column":25}},"8":{"start":{"line":32,"column":13},"end":{"line":32,"column":25}},"9":{"start":{"line":33,"column":2},"end":{"line":33,"column":41}},"10":{"start":{"line":37,"column":20},"end":{"line":39,"column":94}},"11":{"start":{"line":40,"column":2},"end":{"line":40,"column":25}},"12":{"start":{"line":40,"column":13},"end":{"line":40,"column":25}},"13":{"start":{"line":49,"column":26},"end":{"line":49,"column":66}},"14":{"start":{"line":50,"column":2},"end":{"line":50,"column":25}},"15":{"start":{"line":50,"column":13},"end":{"line":50,"column":25}},"16":{"start":{"line":51,"column":2},"end":{"line":51,"column":14}},"17":{"start":{"line":60,"column":20},"end":{"line":60,"column":84}},"18":{"start":{"line":61,"column":2},"end":{"line":61,"column":25}},"19":{"start":{"line":61,"column":13},"end":{"line":61,"column":25}},"20":{"start":{"line":62,"column":2},"end":{"line":62,"column":32}}},"fnMap":{"0":{"name":"obtenerPerfilPublico","decl":{"start":{"line":19,"column":22},"end":{"line":19,"column":42}},"loc":{"start":{"line":19,"column":93},"end":{"line":27,"column":1}},"line":19},"1":{"name":"obtenerPerfilesPublicos","decl":{"start":{"line":29,"column":22},"end":{"line":29,"column":45}},"loc":{"start":{"line":29,"column":94},"end":{"line":34,"column":1}},"line":29},"2":{"name":"reportarUsuario","decl":{"start":{"line":36,"column":22},"end":{"line":36,"column":37}},"loc":{"start":{"line":36,"column":104},"end":{"line":41,"column":1}},"line":36},"3":{"name":"exportarMisDatos","decl":{"start":{"line":48,"column":22},"end":{"line":48,"column":38}},"loc":{"start":{"line":48,"column":59},"end":{"line":52,"column":1}},"line":48},"4":{"name":"eliminarMiCuenta","decl":{"start":{"line":59,"column":22},"end":{"line":59,"column":38}},"loc":{"start":{"line":59,"column":56},"end":{"line":63,"column":1}},"line":59}},"branchMap":{"0":{"loc":{"start":{"line":25,"column":2},"end":{"line":25,"column":25}},"type":"if","locations":[{"start":{"line":25,"column":2},"end":{"line":25,"column":25}},{"start":{},"end":{}}],"line":25},"1":{"loc":{"start":{"line":30,"column":2},"end":{"line":30,"column":41}},"type":"if","locations":[{"start":{"line":30,"column":2},"end":{"line":30,"column":41}},{"start":{},"end":{}}],"line":30},"2":{"loc":{"start":{"line":32,"column":2},"end":{"line":32,"column":25}},"type":"if","locations":[{"start":{"line":32,"column":2},"end":{"line":32,"column":25}},{"start":{},"end":{}}],"line":32},"3":{"loc":{"start":{"line":33,"column":10},"end":{"line":33,"column":20}},"type":"binary-expr","locations":[{"start":{"line":33,"column":10},"end":{"line":33,"column":14}},{"start":{"line":33,"column":18},"end":{"line":33,"column":20}}],"line":33},"4":{"loc":{"start":{"line":40,"column":2},"end":{"line":40,"column":25}},"type":"if","locations":[{"start":{"line":40,"column":2},"end":{"line":40,"column":25}},{"start":{},"end":{}}],"line":40},"5":{"loc":{"start":{"line":50,"column":2},"end":{"line":50,"column":25}},"type":"if","locations":[{"start":{"line":50,"column":2},"end":{"line":50,"column":25}},{"start":{},"end":{}}],"line":50},"6":{"loc":{"start":{"line":61,"column":2},"end":{"line":61,"column":25}},"type":"if","locations":[{"start":{"line":61,"column":2},"end":{"line":61,"column":25}},{"start":{},"end":{}}],"line":61}},"s":{"0":0,"1":0,"2":0,"3":0,"4":0,"5":0,"6":0,"7":0,"8":0,"9":0,"10":0,"11":0,"12":0,"13":0,"14":0,"15":0,"16":0,"17":0,"18":0,"19":0,"20":0},"f":{"0":0,"1":0,"2":0,"3":0,"4":0},"b":{"0":[0,0],"1":[0,0],"2":[0,0],"3":[0,0],"4":[0,0],"5":[0,0],"6":[0,0]}}
}
