TN:
SF:jest.cssMock.js
FNF:0
FNH:0
DA:1,9
LF:1
LH:1
BRF:0
BRH:0
end_of_record
TN:
SF:src/app/_layout.tsx
FN:21,(anonymous_0)
FN:34,temaNavegacion
FN:55,RootLayout
FN:74,(anonymous_3)
FN:77,(anonymous_4)
FN:152,ErrorBoundary
FN:155,(anonymous_6)
FN:159,(anonymous_7)
FN:161,(anonymous_8)
FNF:9
FNH:3
FNDA:0,(anonymous_0)
FNDA:0,temaNavegacion
FNDA:0,RootLayout
FNDA:0,(anonymous_3)
FNDA:0,(anonymous_4)
FNDA:6,ErrorBoundary
FNDA:6,(anonymous_6)
FNDA:2,(anonymous_7)
FNDA:0,(anonymous_8)
DA:21,1
DA:35,0
DA:36,0
DA:60,0
DA:62,0
DA:63,0
DA:64,0
DA:66,0
DA:74,0
DA:77,0
DA:80,0
DA:82,0
DA:93,0
DA:153,6
DA:155,6
DA:156,6
DA:159,6
DA:160,2
DA:161,2
DA:167,6
DA:193,1
LF:21
LH:9
BRDA:35,0,0,0
BRDA:35,0,1,0
BRDA:64,1,0,0
BRDA:64,1,1,0
BRDA:77,2,0,0
BRDA:77,2,1,0
BRDA:77,3,0,0
BRDA:77,3,1,0
BRDA:80,4,0,0
BRDA:80,4,1,0
BRDA:80,5,0,0
BRDA:80,5,1,0
BRDA:96,6,0,0
BRDA:96,6,1,0
BRDA:160,7,0,2
BRDA:160,7,1,0
BRF:16
BRH:1
end_of_record
TN:
SF:src/app/aviso-privacidad.tsx
FN:19,TextoConNegritas
FN:24,(anonymous_1)
FN:37,BloqueAviso
FN:58,(anonymous_3)
FN:76,(anonymous_4)
FN:91,(anonymous_5)
FN:94,(anonymous_6)
FN:104,AvisoPrivacidadScreen
FN:115,(anonymous_8)
FN:121,(anonymous_9)
FNF:10
FNH:9
FNDA:91,TextoConNegritas
FNDA:195,(anonymous_1)
FNDA:64,BloqueAviso
FNDA:36,(anonymous_3)
FNDA:21,(anonymous_4)
FNDA:0,(anonymous_5)
FNDA:2,(anonymous_6)
FNDA:1,AvisoPrivacidadScreen
FNDA:10,(anonymous_8)
FNDA:64,(anonymous_9)
DA:21,91
DA:22,91
DA:25,195
DA:38,64
DA:40,34
DA:49,13
DA:56,10
DA:59,36
DA:74,5
DA:77,21
DA:88,2
DA:91,0
DA:95,2
DA:105,1
DA:116,10
DA:122,64
DA:131,1
LF:17
LH:16
BRDA:19,0,0,70
BRDA:25,1,0,52
BRDA:25,1,1,143
BRDA:38,2,0,34
BRDA:38,2,1,13
BRDA:38,2,2,10
BRDA:38,2,3,5
BRDA:38,2,4,2
BRDA:95,3,0,2
BRDA:95,3,1,0
BRF:10
BRH:9
end_of_record
TN:
SF:src/app/(auth)/recuperar-contrasena.tsx
FN:21,RecuperarContrasenaScreen
FN:32,(anonymous_1)
FN:66,(anonymous_2)
FN:104,(anonymous_3)
FNF:4
FNH:2
FNDA:2,RecuperarContrasenaScreen
FNDA:0,(anonymous_1)
FNDA:2,(anonymous_2)
FNDA:0,(anonymous_3)
DA:18,1
DA:22,2
DA:23,2
DA:24,2
DA:25,2
DA:30,2
DA:32,2
DA:33,0
DA:34,0
DA:35,0
DA:36,0
DA:37,0
DA:42,2
DA:67,2
DA:104,0
DA:121,1
LF:16
LH:10
BRDA:38,0,0,0
BRDA:38,0,1,0
BRDA:44,1,0,2
BRDA:44,1,1,0
BRDA:46,2,0,2
BRDA:46,2,1,2
BRDA:85,3,0,2
BRDA:85,3,1,0
BRF:8
BRH:4
end_of_record
TN:
SF:src/app/(tabs)/chats.tsx
FN:21,ChatsScreen
FN:24,(anonymous_1)
FN:31,(anonymous_2)
FN:54,(anonymous_3)
FN:59,(anonymous_4)
FN:60,(anonymous_5)
FN:65,(anonymous_6)
FN:66,(anonymous_7)
FNF:8
FNH:2
FNDA:2,ChatsScreen
FNDA:2,(anonymous_1)
FNDA:0,(anonymous_2)
FNDA:0,(anonymous_3)
FNDA:0,(anonymous_4)
FNDA:0,(anonymous_5)
FNDA:0,(anonymous_6)
FNDA:0,(anonymous_7)
DA:22,2
DA:23,2
DA:24,2
DA:27,2
DA:31,2
DA:33,2
DA:54,0
DA:59,0
DA:61,0
DA:62,0
DA:63,0
DA:65,0
DA:66,0
DA:135,1
LF:14
LH:7
BRDA:40,0,0,0
BRDA:40,0,1,2
BRDA:44,1,0,1
BRDA:44,1,1,1
BRDA:61,2,0,0
BRDA:61,2,1,0
BRDA:62,3,0,0
BRDA:62,3,1,0
BRDA:66,4,0,0
BRDA:66,4,1,0
BRDA:70,5,0,0
BRDA:70,5,1,0
BRDA:71,6,0,0
BRDA:71,6,1,0
BRDA:74,7,0,0
BRDA:74,7,1,0
BRDA:89,8,0,0
BRDA:89,8,1,0
BRDA:95,9,0,0
BRDA:95,9,1,0
BRDA:98,10,0,0
BRDA:98,10,1,0
BRDA:103,11,0,0
BRDA:103,11,1,0
BRDA:111,12,0,0
BRDA:111,12,1,0
BRDA:114,13,0,0
BRDA:114,13,1,0
BRF:28
BRH:3
end_of_record
TN:
SF:src/app/(tabs)/perfil.tsx
FN:36,PerfilScreen
FN:40,(anonymous_1)
FN:41,(anonymous_2)
FN:59,(anonymous_3)
FN:68,(anonymous_4)
FN:95,(anonymous_5)
FN:112,(anonymous_6)
FN:129,(anonymous_7)
FN:138,(anonymous_8)
FN:151,(anonymous_9)
FN:195,(anonymous_10)
FN:266,(anonymous_11)
FN:397,(anonymous_12)
FN:437,(anonymous_13)
FNF:14
FNH:8
FNDA:10,PerfilScreen
FNDA:10,(anonymous_1)
FNDA:10,(anonymous_2)
FNDA:5,(anonymous_3)
FNDA:0,(anonymous_4)
FNDA:0,(anonymous_5)
FNDA:0,(anonymous_6)
FNDA:5,(anonymous_7)
FNDA:2,(anonymous_8)
FNDA:0,(anonymous_9)
FNDA:5,(anonymous_10)
FNDA:0,(anonymous_11)
FNDA:0,(anonymous_12)
FNDA:5,(anonymous_13)
DA:37,10
DA:38,10
DA:39,10
DA:40,10
DA:41,10
DA:42,10
DA:44,10
DA:45,10
DA:46,10
DA:47,10
DA:48,10
DA:53,10
DA:54,10
DA:55,5
DA:56,5
DA:59,10
DA:60,5
DA:65,10
DA:66,10
DA:68,10
DA:69,0
DA:70,0
DA:71,0
DA:72,0
DA:73,0
DA:74,0
DA:76,0
DA:82,0
DA:84,0
DA:85,0
DA:86,0
DA:87,0
DA:89,0
DA:91,0
DA:95,10
DA:96,0
DA:97,0
DA:98,0
DA:99,0
DA:100,0
DA:102,0
DA:104,0
DA:112,10
DA:113,0
DA:114,0
DA:115,0
DA:116,0
DA:121,0
DA:123,0
DA:129,10
DA:130,5
DA:139,2
DA:140,2
DA:141,1
DA:143,1
DA:151,10
DA:152,0
DA:153,0
DA:156,10
DA:157,0
DA:167,10
DA:168,10
DA:170,10
DA:174,10
DA:195,5
DA:266,0
DA:397,0
DA:437,5
DA:457,1
LF:69
LH:37
BRDA:54,0,0,5
BRDA:54,0,1,5
BRDA:56,1,0,5
BRDA:56,1,1,0
BRDA:60,2,0,5
BRDA:60,2,1,0
BRDA:66,3,0,0
BRDA:66,3,1,10
BRDA:69,4,0,0
BRDA:69,4,1,0
BRDA:72,5,0,0
BRDA:72,5,1,0
BRDA:82,6,0,0
BRDA:82,6,1,0
BRDA:89,7,0,0
BRDA:89,7,1,0
BRDA:96,8,0,0
BRDA:96,8,1,0
BRDA:102,9,0,0
BRDA:102,9,1,0
BRDA:121,10,0,0
BRDA:121,10,1,0
BRDA:143,11,0,1
BRDA:143,11,1,0
BRDA:156,12,0,0
BRDA:156,12,1,10
BRDA:167,13,0,10
BRDA:167,13,1,0
BRDA:168,14,0,10
BRDA:168,14,1,0
BRDA:170,15,0,10
BRDA:170,15,1,0
BRDA:170,16,0,10
BRDA:170,16,1,10
BRDA:176,17,0,10
BRDA:176,17,1,0
BRDA:181,18,0,10
BRDA:181,18,1,10
BRDA:193,19,0,0
BRDA:193,19,1,10
BRDA:195,20,0,5
BRDA:195,20,1,0
BRDA:197,21,0,0
BRDA:197,21,1,10
BRDA:213,22,0,0
BRDA:213,22,1,10
BRDA:226,23,0,10
BRDA:226,23,1,0
BRDA:229,24,0,10
BRDA:229,24,1,0
BRDA:231,25,0,10
BRDA:231,25,1,0
BRDA:244,26,0,10
BRDA:244,26,1,0
BRDA:283,27,0,10
BRDA:283,27,1,0
BRDA:285,28,0,10
BRDA:285,28,1,0
BRDA:291,29,0,0
BRDA:291,29,1,10
BRDA:294,30,0,0
BRDA:294,30,1,10
BRDA:298,31,0,0
BRDA:298,31,1,10
BRDA:300,32,0,0
BRDA:300,32,1,10
BRDA:306,33,0,10
BRDA:306,33,1,0
BRDA:308,34,0,10
BRDA:308,34,1,0
BRDA:312,35,0,10
BRDA:312,35,1,0
BRDA:314,36,0,10
BRDA:314,36,1,0
BRDA:328,37,0,10
BRDA:328,37,1,0
BRDA:329,38,0,10
BRDA:329,38,1,0
BRDA:335,39,0,10
BRDA:335,39,1,0
BRDA:337,40,0,10
BRDA:337,40,1,0
BRDA:339,41,0,10
BRDA:339,41,1,0
BRDA:340,42,0,10
BRDA:340,42,1,0
BRDA:344,43,0,10
BRDA:344,43,1,0
BRDA:369,44,0,10
BRDA:369,44,1,0
BRDA:375,45,0,10
BRDA:375,45,1,0
BRDA:404,46,0,0
BRDA:404,46,1,10
BRDA:408,47,0,0
BRDA:408,47,1,10
BRDA:440,48,0,5
BRDA:440,48,1,0
BRF:98
BRH:45
end_of_record
TN:
SF:src/app/(tabs)/publicaciones.tsx
FN:22,PublicacionesScreen
FN:25,(anonymous_1)
FN:33,(anonymous_2)
FN:35,(anonymous_3)
FN:47,(anonymous_4)
FN:83,(anonymous_5)
FN:100,(anonymous_6)
FN:103,(anonymous_7)
FN:124,(anonymous_8)
FN:132,(anonymous_9)
FN:158,(anonymous_10)
FN:170,(anonymous_11)
FNF:12
FNH:2
FNDA:2,PublicacionesScreen
FNDA:2,(anonymous_1)
FNDA:0,(anonymous_2)
FNDA:0,(anonymous_3)
FNDA:0,(anonymous_4)
FNDA:0,(anonymous_5)
FNDA:0,(anonymous_6)
FNDA:0,(anonymous_7)
FNDA:0,(anonymous_8)
FNDA:0,(anonymous_9)
FNDA:0,(anonymous_10)
FNDA:0,(anonymous_11)
DA:23,2
DA:24,2
DA:25,2
DA:29,2
DA:30,2
DA:31,2
DA:33,2
DA:35,2
DA:36,0
DA:37,0
DA:48,0
DA:52,0
DA:56,0
DA:69,2
DA:83,0
DA:100,0
DA:104,0
DA:105,0
DA:106,0
DA:109,0
DA:110,0
DA:111,0
DA:113,0
DA:124,0
DA:133,0
DA:158,0
DA:170,0
DA:202,1
LF:28
LH:10
BRDA:38,0,0,0
BRDA:38,0,1,0
BRDA:39,1,0,0
BRDA:39,1,1,0
BRDA:45,2,0,0
BRDA:45,2,1,0
BRDA:46,3,0,0
BRDA:46,3,1,0
BRDA:58,4,0,0
BRDA:58,4,1,0
BRDA:58,5,0,0
BRDA:58,5,1,0
BRDA:75,6,0,0
BRDA:75,6,1,2
BRDA:90,7,0,1
BRDA:90,7,1,1
BRDA:104,8,0,0
BRDA:104,8,1,0
BRDA:106,9,0,0
BRDA:106,9,1,0
BRDA:109,10,0,0
BRDA:109,10,1,0
BRDA:110,11,0,0
BRDA:110,11,1,0
BRDA:119,12,0,0
BRDA:119,12,1,0
BRDA:134,13,0,0
BRDA:134,13,1,0
BRDA:137,14,0,0
BRDA:137,14,1,0
BRDA:150,15,0,0
BRDA:150,15,1,0
BRDA:173,16,0,0
BRDA:173,16,1,0
BRDA:176,17,0,0
BRDA:176,17,1,0
BRDA:178,18,0,0
BRDA:178,18,1,0
BRDA:180,19,0,0
BRDA:180,19,1,0
BRDA:181,20,0,0
BRDA:181,20,1,0
BRF:42
BRH:3
end_of_record
TN:
SF:src/app/(tabs)/roomies.tsx
FN:26,RoomiesScreen
FN:29,(anonymous_1)
FN:46,(anonymous_2)
FN:53,(anonymous_3)
FN:55,(anonymous_4)
FN:81,(anonymous_5)
FN:94,(anonymous_6)
FN:165,(anonymous_7)
FN:171,(anonymous_8)
FNF:9
FNH:3
FNDA:2,RoomiesScreen
FNDA:2,(anonymous_1)
FNDA:1,(anonymous_2)
FNDA:0,(anonymous_3)
FNDA:0,(anonymous_4)
FNDA:0,(anonymous_5)
FNDA:0,(anonymous_6)
FNDA:0,(anonymous_7)
FNDA:0,(anonymous_8)
DA:27,2
DA:28,2
DA:29,2
DA:30,2
DA:31,2
DA:36,2
DA:37,2
DA:38,2
DA:39,2
DA:40,2
DA:45,2
DA:46,2
DA:47,1
DA:48,0
DA:49,0
DA:50,0
DA:53,2
DA:55,2
DA:56,0
DA:57,0
DA:58,0
DA:59,0
DA:63,0
DA:65,0
DA:66,0
DA:67,0
DA:72,0
DA:73,0
DA:77,0
DA:81,2
DA:82,0
DA:85,0
DA:88,2
DA:90,2
DA:94,0
DA:166,0
DA:171,0
DA:195,1
LF:38
LH:19
BRDA:47,0,0,1
BRDA:47,0,1,0
BRDA:47,1,0,1
BRDA:47,1,1,1
BRDA:49,2,0,0
BRDA:49,2,1,0
BRDA:57,3,0,0
BRDA:57,3,1,0
BRDA:58,4,0,0
BRDA:58,4,1,0
BRDA:58,5,0,0
BRDA:58,5,1,0
BRDA:68,6,0,0
BRDA:68,6,1,0
BRDA:69,7,0,0
BRDA:69,7,1,0
BRDA:82,8,0,0
BRDA:82,8,1,0
BRDA:82,9,0,0
BRDA:82,9,1,0
BRDA:82,9,2,0
BRDA:88,10,0,2
BRDA:88,10,1,2
BRDA:129,11,0,2
BRDA:129,11,1,0
BRDA:151,12,0,0
BRDA:151,12,1,0
BRDA:152,13,0,0
BRDA:152,13,1,0
BRDA:160,14,0,0
BRDA:160,14,1,2
BRDA:169,15,0,0
BRDA:169,15,1,0
BRDA:175,16,0,1
BRDA:175,16,1,1
BRF:35
BRH:9
end_of_record
TN:
SF:src/app/perfil/[usuarioId].tsx
FN:51,PerfilRoomieScreen
FN:54,(anonymous_1)
FN:59,(anonymous_2)
FN:63,(anonymous_3)
FN:64,(anonymous_4)
FN:73,(anonymous_5)
FN:87,(anonymous_6)
FN:90,(anonymous_7)
FN:112,(anonymous_8)
FN:113,(anonymous_9)
FN:232,(anonymous_10)
FNF:11
FNH:4
FNDA:2,PerfilRoomieScreen
FNDA:2,(anonymous_1)
FNDA:1,(anonymous_2)
FNDA:0,(anonymous_3)
FNDA:1,(anonymous_4)
FNDA:0,(anonymous_5)
FNDA:0,(anonymous_6)
FNDA:0,(anonymous_7)
FNDA:0,(anonymous_8)
FNDA:0,(anonymous_9)
FNDA:0,(anonymous_10)
DA:23,1
DA:29,1
DA:52,2
DA:53,2
DA:54,2
DA:55,2
DA:56,2
DA:57,2
DA:59,2
DA:60,1
DA:61,1
DA:63,0
DA:64,1
DA:67,2
DA:73,2
DA:74,0
DA:75,0
DA:76,0
DA:77,0
DA:78,0
DA:80,0
DA:81,0
DA:83,0
DA:87,2
DA:88,0
DA:89,0
DA:90,0
DA:91,0
DA:92,0
DA:96,0
DA:103,0
DA:104,0
DA:110,0
DA:112,0
DA:113,0
DA:117,2
DA:118,1
DA:125,1
DA:126,1
DA:134,0
DA:232,0
DA:247,1
LF:42
LH:20
BRDA:60,0,0,0
BRDA:60,0,1,1
BRDA:74,1,0,0
BRDA:74,1,1,0
BRDA:74,2,0,0
BRDA:74,2,1,0
BRDA:89,3,0,0
BRDA:89,3,1,0
BRDA:89,4,0,0
BRDA:89,4,1,0
BRDA:106,5,0,0
BRDA:106,5,1,0
BRDA:117,6,0,1
BRDA:117,6,1,1
BRDA:125,7,0,1
BRDA:125,7,1,0
BRDA:144,8,0,0
BRDA:144,8,1,0
BRDA:144,9,0,0
BRDA:144,9,1,0
BRDA:183,10,0,0
BRDA:183,10,1,0
BRDA:183,11,0,0
BRDA:183,11,1,0
BRDA:186,12,0,0
BRDA:186,12,1,0
BRDA:190,13,0,0
BRDA:190,13,1,0
BRDA:190,14,0,0
BRDA:190,14,1,0
BRDA:193,15,0,0
BRDA:193,15,1,0
BRDA:199,16,0,0
BRDA:199,16,1,0
BRDA:202,17,0,0
BRDA:202,17,1,0
BRDA:206,18,0,0
BRDA:206,18,1,0
BRDA:208,19,0,0
BRDA:208,19,1,0
BRDA:213,20,0,0
BRDA:213,20,1,0
BRDA:232,21,0,0
BRDA:232,21,1,0
BRF:44
BRH:4
end_of_record
TN:
SF:src/app/perfil/preferencias.tsx
FN:32,PreferenciasScreen
FN:37,(anonymous_1)
FN:40,(anonymous_2)
FN:96,(anonymous_3)
FN:163,(anonymous_4)
FNF:5
FNH:4
FNDA:5,PreferenciasScreen
FNDA:5,(anonymous_1)
FNDA:5,(anonymous_2)
FNDA:1,(anonymous_3)
FNDA:0,(anonymous_4)
DA:33,5
DA:34,5
DA:35,5
DA:36,5
DA:37,5
DA:38,5
DA:40,5
DA:41,5
DA:43,5
DA:44,5
DA:46,5
DA:47,5
DA:48,4
DA:49,4
DA:50,4
DA:52,0
DA:56,5
DA:57,5
DA:70,5
DA:94,5
DA:95,5
DA:96,3
DA:97,3
DA:99,2
DA:102,5
DA:103,0
DA:113,5
DA:163,0
DA:175,1
LF:29
LH:26
BRDA:41,0,0,0
BRDA:41,0,1,5
BRDA:43,1,0,5
BRDA:43,1,1,5
BRDA:47,2,0,4
BRDA:47,2,1,1
BRDA:47,3,0,5
BRDA:47,3,1,4
BRDA:50,4,0,0
BRDA:50,4,1,4
BRDA:79,5,0,5
BRDA:79,5,1,0
BRDA:81,6,0,0
BRDA:81,6,1,5
BRDA:90,7,0,5
BRDA:90,7,1,5
BRDA:91,8,0,5
BRDA:91,8,1,5
BRDA:95,9,0,3
BRDA:95,9,1,2
BRDA:102,10,0,0
BRDA:102,10,1,5
BRDA:115,11,0,5
BRDA:115,11,1,0
BRDA:117,12,0,5
BRDA:117,12,1,5
BRDA:141,13,0,5
BRDA:141,13,1,5
BRDA:142,14,0,5
BRDA:142,14,1,5
BRDA:143,15,0,5
BRDA:143,15,1,5
BRDA:144,16,0,5
BRDA:144,16,1,5
BRDA:147,17,0,5
BRDA:147,17,1,5
BRDA:149,18,0,5
BRDA:149,18,1,5
BRF:38
BRH:32
end_of_record
TN:
SF:src/app/publicacion/[id].tsx
FN:47,aNumero
FN:54,DetallePublicacionScreen
FN:62,(anonymous_2)
FN:84,(anonymous_3)
FN:90,(anonymous_4)
FN:94,(anonymous_5)
FN:112,(anonymous_6)
FN:113,(anonymous_7)
FN:141,(anonymous_8)
FN:178,(anonymous_9)
FN:204,(anonymous_10)
FN:361,(anonymous_11)
FNF:12
FNH:5
FNDA:4,aNumero
FNDA:9,DetallePublicacionScreen
FNDA:9,(anonymous_2)
FNDA:9,(anonymous_3)
FNDA:0,(anonymous_4)
FNDA:0,(anonymous_5)
FNDA:0,(anonymous_6)
FNDA:0,(anonymous_7)
FNDA:1,(anonymous_8)
FNDA:0,(anonymous_9)
FNDA:0,(anonymous_10)
FNDA:0,(anonymous_11)
DA:39,1
DA:40,1
DA:48,4
DA:49,0
DA:50,0
DA:55,9
DA:56,9
DA:62,9
DA:63,9
DA:64,9
DA:70,9
DA:82,9
DA:84,9
DA:85,9
DA:88,9
DA:90,9
DA:91,0
DA:92,0
DA:93,0
DA:94,0
DA:95,0
DA:96,0
DA:99,0
DA:101,0
DA:102,0
DA:110,0
DA:112,0
DA:113,0
DA:117,9
DA:118,4
DA:131,5
DA:132,2
DA:141,1
DA:148,3
DA:149,1
DA:162,2
DA:164,2
DA:173,2
DA:174,2
DA:175,2
DA:176,2
DA:178,2
DA:179,0
DA:182,2
DA:205,0
DA:206,0
DA:361,0
DA:391,1
LF:48
LH:30
BRDA:48,0,0,4
BRDA:48,0,1,0
BRDA:50,1,0,0
BRDA:50,1,1,0
BRDA:85,2,0,9
BRDA:85,2,1,0
BRDA:88,3,0,9
BRDA:88,3,1,9
BRDA:91,4,0,0
BRDA:91,4,1,0
BRDA:91,5,0,0
BRDA:91,5,1,0
BRDA:101,6,0,0
BRDA:101,6,1,0
BRDA:104,7,0,0
BRDA:104,7,1,0
BRDA:104,8,0,0
BRDA:104,8,1,0
BRDA:117,9,0,4
BRDA:117,9,1,5
BRDA:131,10,0,2
BRDA:131,10,1,3
BRDA:148,11,0,1
BRDA:148,11,1,2
BRDA:162,12,0,2
BRDA:162,12,1,2
BRDA:164,13,0,0
BRDA:164,13,1,2
BRDA:164,14,0,2
BRDA:164,14,1,2
BRDA:164,14,2,0
BRDA:173,15,0,2
BRDA:173,15,1,2
BRDA:176,16,0,2
BRDA:176,16,1,0
BRDA:191,17,0,0
BRDA:191,17,1,2
BRDA:195,18,0,0
BRDA:195,18,1,2
BRDA:206,19,0,0
BRDA:206,19,1,0
BRDA:223,20,0,0
BRDA:223,20,1,0
BRDA:235,21,0,0
BRDA:235,21,1,0
BRDA:266,22,0,2
BRDA:266,22,1,0
BRDA:279,23,0,0
BRDA:279,23,1,2
BRDA:281,24,0,0
BRDA:281,24,1,2
BRDA:293,25,0,2
BRDA:293,25,1,0
BRDA:295,26,0,2
BRDA:295,26,1,0
BRDA:301,27,0,0
BRDA:301,27,1,2
BRDA:304,28,0,0
BRDA:304,28,1,2
BRDA:308,29,0,0
BRDA:308,29,1,2
BRDA:310,30,0,0
BRDA:310,30,1,2
BRDA:315,31,0,2
BRDA:315,31,1,0
BRDA:321,32,0,2
BRDA:321,32,1,2
BRF:67
BRH:32
end_of_record
TN:
SF:src/components/BotonVerContacto.tsx
FN:28,BotonVerContacto
FN:31,(anonymous_1)
FNF:2
FNH:1
FNDA:2,BotonVerContacto
FNDA:0,(anonymous_1)
DA:29,2
DA:31,2
DA:32,0
DA:33,0
DA:34,0
DA:35,0
DA:36,0
DA:41,0
DA:43,0
DA:44,0
DA:50,0
DA:54,2
DA:82,1
LF:13
LH:4
BRDA:32,0,0,0
BRDA:32,0,1,0
BRDA:43,1,0,0
BRDA:43,1,1,0
BRDA:45,2,0,0
BRDA:45,2,1,0
BRDA:64,3,0,0
BRDA:64,3,1,2
BRF:8
BRH:1
end_of_record
TN:
SF:src/components/Campo.tsx
FN:37,Campo
FNF:1
FNH:1
FNDA:7,Campo
DA:23,2
DA:38,7
DA:39,7
DA:41,7
DA:83,2
LF:5
LH:5
BRDA:39,0,0,7
BRDA:39,0,1,5
BRDA:39,1,0,5
BRDA:39,1,1,0
BRDA:47,2,0,0
BRDA:47,2,1,7
BRDA:55,3,0,5
BRDA:55,3,1,2
BRDA:57,4,0,5
BRDA:57,4,1,2
BRDA:64,5,0,7
BRDA:64,5,1,5
BRDA:74,6,0,0
BRDA:74,6,1,7
BRF:14
BRH:11
end_of_record
TN:
SF:src/components/CampoContrasena.tsx
FN:27,CampoContrasena
FN:55,(anonymous_1)
FN:55,(anonymous_2)
FNF:3
FNH:0
FNDA:0,CampoContrasena
FNDA:0,(anonymous_1)
FNDA:0,(anonymous_2)
DA:27,2
DA:31,0
DA:32,0
DA:34,0
DA:55,0
DA:72,2
LF:6
LH:2
BRDA:51,0,0,0
BRDA:51,0,1,0
BRDA:59,1,0,0
BRDA:59,1,1,0
BRDA:63,2,0,0
BRDA:63,2,1,0
BRF:6
BRH:0
end_of_record
TN:
SF:src/components/FichaPublicacion.tsx
FN:50,FichaPublicacion
FN:85,(anonymous_1)
FN:93,(anonymous_2)
FN:161,(anonymous_3)
FNF:4
FNH:2
FNDA:7,FichaPublicacion
FNDA:0,(anonymous_1)
FNDA:7,(anonymous_2)
FNDA:0,(anonymous_3)
DA:42,2
DA:44,2
DA:63,7
DA:64,7
DA:68,7
DA:69,7
DA:71,7
DA:72,7
DA:73,7
DA:75,7
DA:85,0
DA:88,7
DA:93,7
DA:162,0
DA:177,2
LF:15
LH:13
BRDA:69,0,0,0
BRDA:69,0,1,7
BRDA:69,1,0,0
BRDA:69,1,1,0
BRDA:72,2,0,0
BRDA:72,2,1,7
BRDA:73,3,0,0
BRDA:73,3,1,7
BRDA:79,4,0,1
BRDA:79,4,1,6
BRDA:79,5,0,7
BRDA:79,5,1,1
BRDA:84,6,0,1
BRDA:84,6,1,6
BRDA:91,7,0,0
BRDA:91,7,1,7
BRDA:96,8,0,7
BRDA:96,8,1,0
BRDA:103,9,0,7
BRDA:103,9,1,0
BRDA:110,10,0,0
BRDA:110,10,1,7
BRDA:151,11,0,1
BRDA:151,11,1,6
BRDA:152,12,0,1
BRDA:152,12,1,6
BRDA:157,13,0,7
BRDA:157,13,1,0
BRF:28
BRH:18
end_of_record
TN:
SF:src/components/FormularioPublicacion.tsx
FN:49,(anonymous_0)
FN:60,(anonymous_1)
FN:130,CampoDesplegable
FN:147,(anonymous_3)
FN:149,(anonymous_4)
FN:152,(anonymous_5)
FN:157,(anonymous_6)
FN:162,(anonymous_7)
FN:194,(anonymous_8)
FN:195,(anonymous_9)
FN:252,(anonymous_10)
FN:262,(anonymous_11)
FN:284,FormularioPublicacion
FN:290,(anonymous_13)
FN:295,(anonymous_14)
FN:342,(anonymous_15)
FN:343,(anonymous_16)
FN:348,(anonymous_17)
FN:354,(anonymous_18)
FN:357,(anonymous_19)
FN:362,(anonymous_20)
FN:385,(anonymous_21)
FN:387,(anonymous_22)
FN:400,(anonymous_23)
FN:401,(anonymous_24)
FN:404,(anonymous_25)
FN:405,(anonymous_26)
FN:405,(anonymous_27)
FN:408,(anonymous_28)
FN:434,(anonymous_29)
FN:434,(anonymous_30)
FN:436,(anonymous_31)
FN:453,(anonymous_32)
FN:471,(anonymous_33)
FN:473,(anonymous_34)
FN:478,(anonymous_35)
FN:530,(anonymous_36)
FN:533,(anonymous_37)
FN:554,(anonymous_38)
FN:569,(anonymous_39)
FN:587,(anonymous_40)
FN:596,(anonymous_41)
FN:615,(anonymous_42)
FN:618,(anonymous_43)
FN:636,(anonymous_44)
FN:654,(anonymous_45)
FN:669,(anonymous_46)
FN:694,(anonymous_47)
FN:712,(anonymous_48)
FN:729,(anonymous_49)
FN:747,(anonymous_50)
FN:757,(anonymous_51)
FN:767,(anonymous_52)
FN:778,(anonymous_53)
FN:800,(anonymous_54)
FN:804,(anonymous_55)
FNF:56
FNH:45
FNDA:2,(anonymous_0)
FNDA:2,(anonymous_1)
FNDA:79,CampoDesplegable
FNDA:5,(anonymous_3)
FNDA:5,(anonymous_4)
FNDA:1,(anonymous_5)
FNDA:1,(anonymous_6)
FNDA:0,(anonymous_7)
FNDA:0,(anonymous_8)
FNDA:17,(anonymous_9)
FNDA:13,(anonymous_10)
FNDA:1,(anonymous_11)
FNDA:36,FormularioPublicacion
FNDA:4,(anonymous_13)
FNDA:15,(anonymous_14)
FNDA:15,(anonymous_15)
FNDA:14,(anonymous_16)
FNDA:1,(anonymous_17)
FNDA:1,(anonymous_18)
FNDA:2,(anonymous_19)
FNDA:3,(anonymous_20)
FNDA:8,(anonymous_21)
FNDA:0,(anonymous_22)
FNDA:0,(anonymous_23)
FNDA:0,(anonymous_24)
FNDA:0,(anonymous_25)
FNDA:0,(anonymous_26)
FNDA:0,(anonymous_27)
FNDA:2,(anonymous_28)
FNDA:6,(anonymous_29)
FNDA:2,(anonymous_30)
FNDA:15,(anonymous_31)
FNDA:36,(anonymous_32)
FNDA:36,(anonymous_33)
FNDA:108,(anonymous_34)
FNDA:0,(anonymous_35)
FNDA:36,(anonymous_36)
FNDA:0,(anonymous_37)
FNDA:36,(anonymous_38)
FNDA:36,(anonymous_39)
FNDA:36,(anonymous_40)
FNDA:3,(anonymous_41)
FNDA:37,(anonymous_42)
FNDA:1,(anonymous_43)
FNDA:36,(anonymous_44)
FNDA:36,(anonymous_45)
FNDA:36,(anonymous_46)
FNDA:37,(anonymous_47)
FNDA:36,(anonymous_48)
FNDA:36,(anonymous_49)
FNDA:36,(anonymous_50)
FNDA:36,(anonymous_51)
FNDA:36,(anonymous_52)
FNDA:36,(anonymous_53)
FNDA:4,(anonymous_54)
FNDA:0,(anonymous_55)
DA:23,3
DA:25,3
DA:34,3
DA:49,2
DA:60,2
DA:124,3
DA:143,79
DA:144,79
DA:145,79
DA:147,79
DA:148,5
DA:149,5
DA:152,79
DA:153,1
DA:154,1
DA:157,79
DA:158,1
DA:159,1
DA:162,79
DA:163,0
DA:164,0
DA:165,0
DA:168,79
DA:169,0
DA:194,79
DA:195,79
DA:196,79
DA:202,79
DA:253,13
DA:254,13
DA:255,13
DA:256,13
DA:262,1
DA:284,3
DA:288,36
DA:289,36
DA:290,4
DA:292,36
DA:295,36
DA:296,36
DA:298,36
DA:300,36
DA:301,36
DA:302,36
DA:304,36
DA:305,36
DA:306,36
DA:307,36
DA:315,36
DA:342,36
DA:343,15
DA:344,14
DA:348,36
DA:349,1
DA:350,1
DA:351,0
DA:352,0
DA:354,1
DA:355,1
DA:356,1
DA:357,2
DA:358,1
DA:362,36
DA:363,3
DA:364,0
DA:365,0
DA:367,3
DA:368,3
DA:369,3
DA:370,3
DA:371,3
DA:372,3
DA:373,1
DA:374,1
DA:376,2
DA:377,2
DA:380,2
DA:381,2
DA:382,2
DA:385,36
DA:387,36
DA:388,0
DA:389,0
DA:390,0
DA:391,0
DA:393,0
DA:399,0
DA:400,0
DA:401,0
DA:404,36
DA:405,0
DA:408,36
DA:409,2
DA:410,2
DA:411,2
DA:412,2
DA:426,0
DA:428,2
DA:434,36
DA:436,36
DA:437,15
DA:440,36
DA:442,36
DA:454,36
DA:472,36
DA:474,108
DA:475,108
DA:478,0
DA:531,36
DA:534,0
DA:535,0
DA:555,36
DA:570,36
DA:588,36
DA:597,3
DA:598,3
DA:616,37
DA:619,1
DA:637,36
DA:655,36
DA:670,36
DA:695,37
DA:713,36
DA:730,36
DA:748,36
DA:758,36
DA:768,36
DA:779,36
DA:801,4
DA:804,0
DA:839,3
LF:131
LH:109
BRDA:60,0,0,2
BRDA:60,0,1,2
BRDA:141,1,0,39
BRDA:148,2,0,5
BRDA:148,2,1,0
BRDA:148,3,0,5
BRDA:148,3,1,5
BRDA:168,4,0,0
BRDA:168,4,1,79
BRDA:194,5,0,79
BRDA:194,5,1,0
BRDA:194,6,0,79
BRDA:194,6,1,39
BRDA:196,7,0,39
BRDA:196,7,1,40
BRDA:197,8,0,2
BRDA:197,8,1,37
BRDA:197,9,0,39
BRDA:197,9,1,2
BRDA:203,10,0,79
BRDA:203,10,1,7
BRDA:211,11,0,46
BRDA:211,11,1,33
BRDA:212,12,0,79
BRDA:212,12,1,46
BRDA:214,13,0,7
BRDA:214,13,1,72
BRDA:217,14,0,79
BRDA:217,14,1,7
BRDA:219,15,0,7
BRDA:219,15,1,4
BRDA:230,16,0,7
BRDA:230,16,1,0
BRDA:247,17,0,2
BRDA:247,17,1,5
BRDA:255,18,0,2
BRDA:255,18,1,11
BRDA:258,19,0,13
BRDA:258,19,1,8
BRDA:262,20,0,0
BRDA:262,20,1,1
BRDA:265,21,0,3
BRDA:265,21,1,10
BRDA:265,22,0,2
BRDA:265,22,1,8
BRDA:267,23,0,3
BRDA:267,23,1,10
BRDA:268,24,0,3
BRDA:268,24,1,10
BRDA:268,25,0,2
BRDA:268,25,1,8
BRDA:285,26,0,34
BRDA:296,27,0,36
BRDA:296,27,1,18
BRDA:331,28,0,36
BRDA:331,28,1,18
BRDA:334,29,0,36
BRDA:334,29,1,18
BRDA:335,30,0,36
BRDA:335,30,1,18
BRDA:336,31,0,36
BRDA:336,31,1,18
BRDA:337,32,0,36
BRDA:337,32,1,18
BRDA:344,33,0,1
BRDA:344,33,1,13
BRDA:349,34,0,0
BRDA:349,34,1,1
BRDA:350,35,0,0
BRDA:350,35,1,1
BRDA:363,36,0,0
BRDA:363,36,1,3
BRDA:367,37,0,0
BRDA:367,37,1,3
BRDA:372,38,0,1
BRDA:372,38,1,2
BRDA:380,39,0,2
BRDA:380,39,1,0
BRDA:381,40,0,2
BRDA:381,40,1,0
BRDA:382,41,0,2
BRDA:382,41,1,0
BRDA:382,42,0,2
BRDA:382,42,1,2
BRDA:385,43,0,0
BRDA:385,43,1,8
BRDA:389,44,0,0
BRDA:389,44,1,0
BRDA:399,45,0,0
BRDA:399,45,1,0
BRDA:426,46,0,0
BRDA:426,46,1,0
BRDA:444,47,0,36
BRDA:444,47,1,18
BRDA:466,48,0,36
BRDA:466,48,1,0
BRDA:484,49,0,36
BRDA:484,49,1,72
BRDA:485,50,0,108
BRDA:485,50,1,36
BRDA:493,51,0,36
BRDA:493,51,1,72
BRDA:494,52,0,36
BRDA:494,52,1,72
BRDA:514,53,0,36
BRDA:514,53,1,2
BRDA:548,54,0,36
BRDA:548,54,1,0
BRDA:582,55,0,36
BRDA:582,55,1,0
BRDA:604,56,0,36
BRDA:604,56,1,0
BRDA:605,57,0,36
BRDA:605,57,1,1
BRDA:610,58,0,36
BRDA:610,58,1,0
BRDA:631,59,0,36
BRDA:631,59,1,0
BRDA:648,60,0,36
BRDA:648,60,1,0
BRDA:682,61,0,36
BRDA:682,61,1,0
BRDA:683,62,0,36
BRDA:683,62,1,0
BRDA:707,63,0,36
BRDA:707,63,1,0
BRDA:742,64,0,36
BRDA:742,64,1,0
BRDA:791,65,0,36
BRDA:791,65,1,0
BRDA:814,66,0,36
BRDA:814,66,1,36
BRDA:826,67,0,36
BRDA:826,67,1,0
BRDA:830,68,0,36
BRDA:830,68,1,30
BRF:136
BRH:104
end_of_record
TN:
SF:src/components/TarjetaRoomie.tsx
FN:31,etiquetaAfinidad
FN:37,TarjetaRoomie
FN:53,(anonymous_2)
FNF:3
FNH:0
FNDA:0,etiquetaAfinidad
FNDA:0,TarjetaRoomie
FNDA:0,(anonymous_2)
DA:32,0
DA:33,0
DA:34,0
DA:38,0
DA:39,0
DA:40,0
DA:42,0
DA:53,0
DA:109,1
LF:9
LH:1
BRDA:32,0,0,0
BRDA:32,0,1,0
BRDA:33,1,0,0
BRDA:33,1,1,0
BRDA:39,2,0,0
BRDA:39,2,1,0
BRDA:40,3,0,0
BRDA:40,3,1,0
BRDA:45,4,0,0
BRDA:45,4,1,0
BRDA:49,5,0,0
BRDA:49,5,1,0
BRDA:56,6,0,0
BRDA:56,6,1,0
BRDA:60,7,0,0
BRDA:60,7,1,0
BRDA:79,8,0,0
BRDA:79,8,1,0
BRDA:92,9,0,0
BRDA:92,9,1,0
BRF:20
BRH:0
end_of_record
TN:
SF:src/components/themed-text.tsx
FN:40,ThemedText
FNF:1
FNH:1
FNDA:1093,ThemedText
DA:41,1093
DA:46,1093
DA:48,1093
DA:60,9
LF:4
LH:4
BRDA:40,0,0,317
BRDA:46,1,0,2
BRDA:46,1,1,1091
BRDA:46,2,0,1093
BRDA:46,2,1,1093
BRDA:46,3,0,1091
BRDA:46,3,1,523
BRDA:51,4,0,568
BRDA:51,4,1,525
BRF:9
BRH:9
end_of_record
TN:
SF:src/components/themed-view.tsx
FN:12,ThemedView
FNF:1
FNH:1
FNDA:55,ThemedView
DA:13,55
DA:15,55
LF:2
LH:2
BRDA:15,0,0,55
BRDA:15,0,1,34
BRF:2
BRH:2
end_of_record
TN:
SF:src/components/ficha/BloqueEstado.tsx
FN:17,BloqueEstado
FNF:1
FNH:1
FNDA:9,BloqueEstado
DA:29,9
DA:30,9
DA:32,9
DA:51,2
LF:4
LH:4
BRDA:21,0,0,3
BRDA:30,1,0,6
BRDA:30,1,1,3
BRDA:36,2,0,6
BRDA:36,2,1,3
BRF:5
BRH:5
end_of_record
TN:
SF:src/components/ficha/Calificacion.tsx
FN:25,Calificacion
FNF:1
FNH:1
FNDA:7,Calificacion
DA:35,7
DA:36,7
DA:40,7
DA:41,7
DA:43,7
DA:68,3
LF:6
LH:6
BRDA:27,0,0,7
BRDA:28,1,0,7
BRDA:40,2,0,7
BRDA:40,2,1,1
BRDA:41,3,0,1
BRDA:41,3,1,6
BRDA:48,4,0,7
BRDA:48,4,1,0
BRDA:50,5,0,1
BRDA:50,5,1,6
BRDA:56,6,0,0
BRDA:56,6,1,7
BRDA:59,7,0,1
BRDA:59,7,1,6
BRDA:60,8,0,0
BRDA:60,8,1,7
BRDA:62,9,0,1
BRDA:62,9,1,6
BRF:18
BRH:15
end_of_record
TN:
SF:src/components/ficha/CampoFicha.tsx
FN:17,CampoFicha
FN:55,FileteHoja
FNF:2
FNH:2
FNDA:56,CampoFicha
FNDA:139,FileteHoja
DA:32,56
DA:33,56
DA:56,139
DA:57,139
DA:68,7
LF:5
LH:5
BRDA:22,0,0,16
BRDA:34,1,0,56
BRDA:34,1,1,42
BRDA:39,2,0,56
BRDA:39,2,1,9
BRDA:43,3,0,7
BRDA:43,3,1,2
BRDA:46,4,0,22
BRDA:46,4,1,34
BRDA:55,5,0,139
BRDA:60,6,0,0
BRDA:60,6,1,139
BRF:12
BRH:11
end_of_record
TN:
SF:src/components/ficha/DesgloseCalificacion.tsx
FN:30,DesgloseCalificacion
FN:48,(anonymous_1)
FN:52,(anonymous_2)
FN:86,(anonymous_3)
FNF:4
FNH:0
FNDA:0,DesgloseCalificacion
FNDA:0,(anonymous_1)
FNDA:0,(anonymous_2)
FNDA:0,(anonymous_3)
DA:12,1
DA:13,0
DA:42,0
DA:43,0
DA:45,0
DA:46,0
DA:48,0
DA:51,0
DA:52,0
DA:55,0
DA:62,0
DA:87,0
DA:124,1
LF:13
LH:2
BRDA:12,0,0,0
BRDA:12,0,1,1
BRDA:12,1,0,1
BRDA:12,1,1,0
BRDA:45,2,0,0
BRDA:45,2,1,0
BRDA:46,3,0,0
BRDA:46,3,1,0
BRDA:55,4,0,0
BRDA:55,4,1,0
BRDA:60,5,0,0
BRDA:60,5,1,0
BRDA:65,6,0,0
BRDA:65,6,1,0
BRDA:68,7,0,0
BRDA:68,7,1,0
BRDA:69,8,0,0
BRDA:69,8,1,0
BRDA:73,9,0,0
BRDA:73,9,1,0
BRDA:76,10,0,0
BRDA:76,10,1,0
BRDA:78,11,0,0
BRDA:78,11,1,0
BRDA:83,12,0,0
BRDA:83,12,1,0
BRDA:83,12,2,0
BRDA:106,13,0,0
BRDA:106,13,1,0
BRDA:111,14,0,0
BRDA:111,14,1,0
BRF:31
BRH:2
end_of_record
TN:
SF:src/components/ficha/Encabezado.tsx
FN:20,Encabezado
FNF:1
FNH:1
FNDA:6,Encabezado
DA:35,6
DA:36,6
DA:67,1
LF:3
LH:3
BRDA:40,0,0,6
BRDA:40,0,1,0
BRDA:50,1,0,2
BRDA:50,1,1,4
BRDA:56,2,0,4
BRDA:56,2,1,2
BRF:6
BRH:5
end_of_record
TN:
SF:src/components/ficha/FilaAjuste.tsx
FN:20,FilaAjuste
FN:77,(anonymous_1)
FNF:2
FNH:2
FNDA:15,FilaAjuste
FNDA:15,(anonymous_1)
DA:38,15
DA:39,15
DA:40,15
DA:43,15
DA:68,15
DA:69,0
DA:72,15
DA:77,15
DA:84,1
LF:9
LH:8
BRDA:27,0,0,15
BRDA:40,1,0,0
BRDA:40,1,1,15
BRDA:44,2,0,0
BRDA:44,2,1,15
BRDA:47,3,0,10
BRDA:47,3,1,5
BRDA:53,4,0,0
BRDA:53,4,1,15
BRDA:68,5,0,0
BRDA:68,5,1,15
BRDA:76,6,0,10
BRDA:76,6,1,5
BRDA:77,7,0,15
BRDA:77,7,1,0
BRF:15
BRH:10
end_of_record
TN:
SF:src/components/ficha/PieFijo.tsx
FN:21,PieFijo
FNF:1
FNH:1
FNDA:5,PieFijo
DA:22,5
DA:23,5
DA:25,5
DA:41,1
LF:4
LH:4
BRF:0
BRH:0
end_of_record
TN:
SF:src/components/ficha/Seccion.tsx
FN:17,Seccion
FNF:1
FNH:1
FNDA:21,Seccion
DA:26,21
DA:40,3
LF:2
LH:2
BRF:0
BRH:0
end_of_record
TN:
SF:src/components/ficha/Sello.tsx
FN:24,Sello
FN:56,(anonymous_1)
FNF:2
FNH:2
FNDA:53,Sello
FNDA:53,(anonymous_1)
DA:42,53
DA:43,53
DA:44,53
DA:47,53
DA:49,53
DA:56,53
DA:77,8
LF:7
LH:7
BRDA:28,0,0,16
BRDA:29,1,0,53
BRDA:30,2,0,45
BRDA:43,3,0,53
BRDA:43,3,1,53
BRDA:47,4,0,45
BRDA:47,4,1,8
BRDA:51,5,0,0
BRDA:51,5,1,53
BRDA:54,6,0,53
BRDA:54,6,1,0
BRDA:58,7,0,45
BRDA:58,7,1,8
BRDA:59,8,0,53
BRDA:59,8,1,0
BRDA:62,9,0,53
BRDA:62,9,1,0
BRDA:62,9,2,0
BRDA:65,10,0,0
BRDA:65,10,1,53
BRDA:69,11,0,53
BRDA:69,11,1,16
BRF:22
BRH:16
end_of_record
TN:
SF:src/constants/theme.ts
FNF:0
FNH:0
DA:37,9
DA:104,9
DA:129,9
DA:138,9
DA:159,9
DA:186,9
DA:200,9
DA:205,9
DA:206,9
LF:9
LH:9
BRDA:205,0,0,9
BRDA:205,0,1,0
BRF:2
BRH:1
end_of_record
TN:
SF:src/hooks/use-color-scheme.ts
FNF:0
FNH:0
LF:0
LH:0
BRF:0
BRH:0
end_of_record
TN:
SF:src/hooks/use-margen-superior.ts
FN:16,useMargenSuperior
FNF:1
FNH:1
FNDA:16,useMargenSuperior
DA:17,16
DA:18,16
LF:2
LH:2
BRF:0
BRH:0
end_of_record
TN:
SF:src/hooks/use-tamano-pantalla.ts
FN:32,useTamanoPantalla
FNF:1
FNH:1
FNDA:17,useTamanoPantalla
DA:33,17
DA:35,17
DA:36,17
DA:38,17
LF:4
LH:4
BRDA:35,0,0,17
BRDA:35,0,1,0
BRDA:35,1,0,0
BRDA:35,1,1,0
BRDA:35,2,0,0
BRDA:35,2,1,0
BRDA:42,3,0,17
BRDA:42,3,1,0
BRDA:46,4,0,0
BRDA:46,4,1,17
BRF:10
BRH:3
end_of_record
TN:
SF:src/hooks/use-theme.ts
FN:9,useTheme
FNF:1
FNH:1
FNDA:1522,useTheme
DA:10,1522
DA:11,1522
DA:13,1522
LF:3
LH:3
BRDA:11,0,0,0
BRDA:11,0,1,1522
BRF:2
BRH:1
end_of_record
TN:
SF:src/hooks/queries/useChat.ts
FN:19,useConversaciones
FN:24,(anonymous_1)
FN:31,(anonymous_2)
FN:33,(anonymous_3)
FNF:4
FNH:3
FNDA:2,useConversaciones
FNDA:1,(anonymous_1)
FNDA:1,(anonymous_2)
FNDA:0,(anonymous_3)
DA:20,2
DA:22,2
DA:24,1
DA:31,2
DA:32,1
DA:33,1
DA:34,0
DA:38,2
LF:8
LH:7
BRDA:23,0,0,2
BRDA:23,0,1,0
BRDA:32,1,0,0
BRDA:32,1,1,1
BRDA:39,2,0,2
BRDA:39,2,1,1
BRDA:41,3,0,0
BRDA:41,3,1,2
BRF:8
BRH:5
end_of_record
TN:
SF:src/hooks/queries/usePublicaciones.ts
FN:28,useSugerencias
FN:34,(anonymous_1)
FN:52,usePublicacion
FN:55,(anonymous_3)
FN:71,useMisPublicaciones
FN:74,(anonymous_5)
FN:97,useContactosRecibidos
FN:100,(anonymous_7)
FN:114,useCambiarEstadoPublicacion
FN:117,(anonymous_9)
FN:119,(anonymous_10)
FNF:11
FNH:9
FNDA:16,useSugerencias
FNDA:10,(anonymous_1)
FNDA:10,usePublicacion
FNDA:9,(anonymous_3)
FNDA:2,useMisPublicaciones
FNDA:1,(anonymous_5)
FNDA:2,useContactosRecibidos
FNDA:1,(anonymous_7)
FNDA:2,useCambiarEstadoPublicacion
FNDA:0,(anonymous_9)
FNDA:0,(anonymous_10)
DA:26,3
DA:29,16
DA:34,10
DA:37,16
DA:53,10
DA:55,9
DA:61,10
DA:72,2
DA:75,1
DA:82,1
DA:83,1
DA:88,2
DA:98,2
DA:100,1
DA:103,2
DA:115,2
DA:116,2
DA:118,0
DA:120,0
DA:121,0
DA:124,0
LF:21
LH:17
BRDA:38,0,0,16
BRDA:38,0,1,8
BRDA:39,1,0,16
BRDA:39,1,1,8
BRDA:40,2,0,16
BRDA:40,2,1,8
BRDA:43,3,0,1
BRDA:43,3,1,15
BRDA:48,4,0,8
BRDA:48,4,1,8
BRDA:54,5,0,10
BRDA:54,5,1,1
BRDA:62,6,0,10
BRDA:62,6,1,8
BRDA:66,7,0,2
BRDA:66,7,1,8
BRDA:73,8,0,2
BRDA:73,8,1,0
BRDA:83,9,0,0
BRDA:83,9,1,1
BRDA:89,10,0,2
BRDA:89,10,1,1
BRDA:92,11,0,0
BRDA:92,11,1,2
BRDA:103,12,0,2
BRDA:103,12,1,1
BRDA:120,13,0,0
BRDA:120,13,1,0
BRF:28
BRH:23
end_of_record
TN:
SF:src/hooks/queries/useRoomies.ts
FN:13,useRoomiesSugeridos
FN:16,(anonymous_1)
FN:26,useMiRoomie
FN:29,(anonymous_3)
FN:35,useGuardarMiRoomie
FN:38,(anonymous_5)
FN:40,(anonymous_6)
FNF:7
FNH:5
FNDA:2,useRoomiesSugeridos
FNDA:1,(anonymous_1)
FNDA:2,useMiRoomie
FNDA:1,(anonymous_3)
FNDA:2,useGuardarMiRoomie
FNDA:0,(anonymous_5)
FNDA:0,(anonymous_6)
DA:14,2
DA:16,1
DA:19,2
DA:27,2
DA:29,1
DA:32,2
DA:36,2
DA:37,2
DA:39,0
DA:44,0
DA:47,0
LF:11
LH:8
BRDA:20,0,0,2
BRDA:20,0,1,1
BRDA:22,1,0,0
BRDA:22,1,1,2
BRDA:28,2,0,2
BRDA:28,2,1,0
BRDA:32,3,0,2
BRDA:32,3,1,2
BRDA:44,4,0,0
BRDA:44,4,1,0
BRF:10
BRH:6
end_of_record
TN:
SF:src/lib/aiService.ts
FN:27,(anonymous_0)
FN:33,invocarProxy
FN:48,parsearPerfil
FN:52,generarEmbedding
FN:61,verificarCadenaIa
FNF:5
FNH:0
FNDA:0,(anonymous_0)
FNDA:0,invocarProxy
FNDA:0,parsearPerfil
FNDA:0,generarEmbedding
FNDA:0,verificarCadenaIa
DA:28,0
DA:29,0
DA:34,0
DA:38,0
DA:42,0
DA:43,0
DA:45,0
DA:49,0
DA:53,0
DA:54,0
DA:62,0
DA:63,0
DA:64,0
DA:66,0
LF:14
LH:0
BRDA:27,0,0,0
BRDA:38,1,0,0
BRDA:38,1,1,0
BRF:3
BRH:0
end_of_record
TN:
SF:src/lib/avisoPrivacidad.ts
FNF:0
FNH:0
DA:34,2
DA:36,2
DA:39,2
DA:43,2
DA:47,2
DA:50,2
LF:6
LH:6
BRF:0
BRH:0
end_of_record
TN:
SF:src/lib/consultas.ts
FN:16,(anonymous_0)
FN:17,(anonymous_1)
FN:18,(anonymous_2)
FN:19,(anonymous_3)
FN:20,(anonymous_4)
FN:21,(anonymous_5)
FN:22,(anonymous_6)
FN:23,(anonymous_7)
FN:24,(anonymous_8)
FN:32,crearClienteConsultas
FN:44,(anonymous_10)
FNF:11
FNH:7
FNDA:16,(anonymous_0)
FNDA:10,(anonymous_1)
FNDA:2,(anonymous_2)
FNDA:2,(anonymous_3)
FNDA:2,(anonymous_4)
FNDA:0,(anonymous_5)
FNDA:0,(anonymous_6)
FNDA:0,(anonymous_7)
FNDA:2,(anonymous_8)
FNDA:17,crearClienteConsultas
FNDA:0,(anonymous_10)
DA:15,4
DA:16,16
DA:17,10
DA:18,2
DA:19,2
DA:20,2
DA:21,0
DA:22,0
DA:23,0
DA:24,2
DA:33,17
DA:44,0
LF:12
LH:8
BRF:0
BRH:0
end_of_record
TN:
SF:src/lib/correoUniversitario.ts
FN:46,dominioDe
FN:57,esCorreoUniversitario
FN:61,(anonymous_2)
FNF:3
FNH:3
FNDA:22,dominioDe
FNDA:11,esCorreoUniversitario
FNDA:16,(anonymous_2)
DA:28,1
DA:33,1
DA:47,22
DA:48,22
DA:49,22
DA:50,18
DA:52,18
DA:53,16
DA:54,13
DA:58,11
DA:59,11
DA:60,11
DA:61,16
DA:66,1
LF:14
LH:14
BRDA:49,0,0,4
BRDA:49,0,1,18
BRDA:49,1,0,22
BRDA:49,1,1,19
BRDA:52,2,0,2
BRDA:52,2,1,16
BRDA:52,3,0,18
BRDA:52,3,1,17
BRDA:52,3,2,17
BRDA:53,4,0,3
BRDA:53,4,1,13
BRDA:53,5,0,16
BRDA:53,5,1,15
BRDA:53,5,2,14
BRDA:59,6,0,0
BRDA:59,6,1,11
BRDA:60,7,0,2
BRDA:60,7,1,9
BRF:18
BRH:17
end_of_record
TN:
SF:src/lib/direccion.ts
FN:34,armarDireccion
FN:48,partirDireccion
FN:51,(anonymous_2)
FNF:3
FNH:3
FNDA:5,armarDireccion
FNDA:26,partirDireccion
FNDA:90,(anonymous_2)
DA:44,5
DA:45,5
DA:49,26
DA:51,90
DA:60,17
DA:61,13
DA:62,4
DA:63,1
DA:64,1
DA:66,3
DA:69,14
DA:70,14
DA:73,13
DA:75,13
DA:76,13
DA:77,1
DA:78,1
DA:84,13
DA:85,13
DA:87,12
DA:88,12
DA:89,12
DA:91,12
DA:93,12
LF:24
LH:24
BRDA:44,0,0,1
BRDA:44,0,1,4
BRDA:49,1,0,9
BRDA:49,1,1,17
BRDA:60,2,0,13
BRDA:60,2,1,4
BRDA:62,3,0,1
BRDA:62,3,1,3
BRDA:70,4,0,1
BRDA:70,4,1,13
BRDA:76,5,0,1
BRDA:76,5,1,12
BRDA:85,6,0,1
BRDA:85,6,1,12
BRDA:89,7,0,0
BRDA:89,7,1,12
BRDA:89,8,0,12
BRDA:89,8,1,12
BRDA:91,9,0,0
BRDA:91,9,1,12
BRDA:91,10,0,12
BRDA:91,10,1,12
BRDA:91,10,2,12
BRDA:91,10,3,12
BRF:24
BRH:22
end_of_record
TN:
SF:src/lib/distancia.ts
FN:3,calcularDistanciaKm
FN:5,(anonymous_1)
FNF:2
FNH:0
FNDA:0,calcularDistanciaKm
FNDA:0,(anonymous_1)
DA:4,0
DA:5,0
DA:6,0
DA:7,0
DA:9,0
DA:10,0
DA:11,0
LF:7
LH:0
BRF:0
BRH:0
end_of_record
TN:
SF:src/lib/folio.ts
FN:12,folioDe
FN:20,fechaDeSello
FN:29,fechaHoraDeSello
FNF:3
FNH:3
FNDA:8,folioDe
FNDA:6,fechaDeSello
FNDA:1,fechaHoraDeSello
DA:13,8
DA:14,5
DA:17,3
DA:21,6
DA:22,3
DA:23,3
DA:24,2
DA:30,1
DA:31,1
DA:32,1
LF:10
LH:10
BRDA:13,0,0,3
BRDA:13,0,1,5
BRDA:21,1,0,3
BRDA:21,1,1,3
BRDA:22,2,0,1
BRDA:22,2,1,2
BRDA:23,3,0,1
BRDA:23,3,1,2
BRF:8
BRH:8
end_of_record
TN:
SF:src/lib/formatoHora.ts
FNF:0
FNH:0
DA:3,1
LF:1
LH:1
BRF:0
BRH:0
end_of_record
TN:
SF:src/lib/geocoding.ts
FN:39,geocodificarDireccion
FNF:1
FNH:0
FNDA:0,geocodificarDireccion
DA:40,0
DA:41,0
DA:44,0
DA:45,0
DA:46,0
DA:48,0
DA:53,0
DA:54,0
DA:56,0
DA:57,0
DA:63,2
LF:11
LH:1
BRDA:44,0,0,0
BRDA:44,0,1,0
BRDA:53,1,0,0
BRDA:53,1,1,0
BRDA:53,2,0,0
BRDA:53,2,1,0
BRDA:54,3,0,0
BRDA:54,3,1,0
BRF:8
BRH:0
end_of_record
TN:
SF:src/lib/password.ts
FN:48,(anonymous_0)
FN:70,fragmentosPersonales
FN:79,(anonymous_2)
FN:80,(anonymous_3)
FN:81,(anonymous_4)
FN:88,(anonymous_5)
FN:93,(anonymous_6)
FN:98,(anonymous_7)
FN:103,(anonymous_8)
FN:108,(anonymous_9)
FN:110,(anonymous_10)
FN:116,(anonymous_11)
FN:127,evaluarPassword
FN:128,(anonymous_13)
FN:129,(anonymous_14)
FN:129,(anonymous_15)
FN:138,primerMensajeDeError
FNF:17
FNH:16
FNDA:25,(anonymous_0)
FNDA:12,fragmentosPersonales
FNDA:48,(anonymous_2)
FNDA:9,(anonymous_3)
FNDA:9,(anonymous_4)
FNDA:12,(anonymous_5)
FNDA:12,(anonymous_6)
FNDA:12,(anonymous_7)
FNDA:12,(anonymous_8)
FNDA:12,(anonymous_9)
FNDA:5,(anonymous_10)
FNDA:12,(anonymous_11)
FNDA:12,evaluarPassword
FNDA:72,(anonymous_13)
FNDA:72,(anonymous_14)
FNDA:15,(anonymous_15)
FNDA:0,primerMensajeDeError
DA:34,1
DA:40,1
DA:48,25
DA:68,1
DA:71,12
DA:78,12
DA:79,48
DA:80,9
DA:81,9
DA:84,1
DA:88,12
DA:93,12
DA:98,12
DA:103,12
DA:109,12
DA:110,12
DA:116,12
DA:128,72
DA:129,72
DA:130,12
DA:142,0
DA:143,0
LF:22
LH:20
BRDA:127,0,0,9
BRDA:140,1,0,0
BRDA:143,2,0,0
BRDA:143,2,1,0
BRF:4
BRH:1
end_of_record
TN:
SF:src/lib/perfilTexto.ts
FN:13,construirTextoPerfil
FNF:1
FNH:1
FNDA:5,construirTextoPerfil
DA:7,1
DA:22,5
DA:23,5
DA:24,5
DA:25,5
DA:27,5
DA:28,5
DA:31,5
DA:32,5
DA:33,5
LF:10
LH:10
BRDA:23,0,0,5
BRDA:23,0,1,0
BRDA:24,1,0,5
BRDA:24,1,1,0
BRDA:24,2,0,5
BRDA:24,2,1,5
BRDA:27,3,0,0
BRDA:27,3,1,5
BRDA:28,4,0,0
BRDA:28,4,1,5
BRDA:31,5,0,5
BRDA:31,5,1,0
BRDA:32,6,0,5
BRDA:32,6,1,0
BRF:14
BRH:8
end_of_record
TN:
SF:src/lib/perfilVector.ts
FN:26,resolverPerfilVector
FN:48,campoVector
FN:68,avisoVector
FNF:3
FNH:3
FNDA:9,resolverPerfilVector
FNDA:8,campoVector
FNDA:11,avisoVector
DA:30,9
DA:31,7
DA:32,7
DA:34,5
DA:49,8
DA:51,2
DA:53,2
DA:55,4
DA:72,11
DA:74,7
DA:81,7
DA:85,7
LF:12
LH:12
BRDA:30,0,0,2
BRDA:30,0,1,7
BRDA:36,1,0,5
BRDA:36,1,1,1
BRDA:49,2,0,2
BRDA:49,2,1,2
BRDA:49,2,2,4
BRDA:72,3,0,4
BRDA:72,3,1,7
BRDA:74,4,0,1
BRDA:74,4,1,6
BRDA:81,5,0,5
BRDA:81,5,1,2
BRF:13
BRH:13
end_of_record
TN:
SF:src/lib/registro.ts
FN:33,registrarSumidero
FN:35,(anonymous_1)
FN:66,limpiar
FN:69,(anonymous_3)
FN:80,emitir
FN:105,aviso
FN:109,fallo
FN:114,textoDeError
FNF:8
FNH:7
FNDA:18,registrarSumidero
FNDA:18,(anonymous_1)
FNDA:64,limpiar
FNDA:0,(anonymous_3)
FNDA:19,emitir
FNDA:12,aviso
FNDA:7,fallo
FNDA:13,textoDeError
DA:30,8
DA:34,18
DA:35,18
DA:36,18
DA:37,18
DA:44,8
DA:57,8
DA:67,64
DA:68,62
DA:69,25
DA:70,25
DA:71,22
DA:72,22
DA:73,31
DA:75,22
DA:77,3
DA:81,19
DA:89,19
DA:90,19
DA:91,19
DA:94,19
DA:97,11
DA:98,11
DA:106,12
DA:110,7
DA:115,13
DA:116,3
DA:117,2
DA:118,2
DA:120,0
LF:30
LH:29
BRDA:37,0,0,18
BRDA:37,0,1,0
BRDA:66,1,0,37
BRDA:67,2,0,2
BRDA:67,2,1,62
BRDA:68,3,0,37
BRDA:68,3,1,25
BRDA:69,4,0,0
BRDA:69,4,1,25
BRDA:70,5,0,22
BRDA:70,5,1,3
BRDA:70,6,0,25
BRDA:70,6,1,23
BRDA:73,7,0,4
BRDA:73,7,1,27
BRDA:84,8,0,13
BRDA:84,8,1,6
BRDA:89,9,0,19
BRDA:89,9,1,0
BRDA:90,10,0,7
BRDA:90,10,1,12
BRDA:91,11,0,19
BRDA:91,11,1,6
BRDA:91,12,0,19
BRDA:91,12,1,12
BRDA:115,13,0,10
BRDA:115,13,1,3
BRDA:115,14,0,10
BRDA:115,14,1,2
BRDA:116,15,0,1
BRDA:116,15,1,2
BRDA:116,16,0,1
BRDA:116,16,1,0
BRDA:118,17,0,2
BRDA:118,17,1,1
BRF:35
BRH:31
end_of_record
TN:
SF:src/lib/resultado.ts
FN:27,(anonymous_0)
FN:28,(anonymous_1)
FN:29,(anonymous_2)
FN:38,desde
FN:51,tieneDatos
FNF:5
FNH:5
FNDA:5,(anonymous_0)
FNDA:3,(anonymous_1)
FNDA:3,(anonymous_2)
FNDA:8,desde
FNDA:4,tieneDatos
DA:27,5
DA:28,3
DA:29,3
DA:42,8
DA:43,8
DA:44,6
DA:46,2
DA:52,4
LF:8
LH:8
BRDA:40,0,0,7
BRDA:44,1,0,2
BRDA:44,1,1,4
BRF:3
BRH:3
end_of_record
TN:
SF:src/lib/storage.ts
FN:22,comprimirImagen
FN:32,subirArchivo
FN:34,(anonymous_2)
FN:44,subirFotoPerfil
FN:51,subirFotoPublicacion
FN:67,firmarRutas
FN:70,(anonymous_6)
FN:103,firmarMiniatura
FN:112,borrarFotoPerfil
FNF:9
FNH:0
FNDA:0,comprimirImagen
FNDA:0,subirArchivo
FNDA:0,(anonymous_2)
FNDA:0,subirFotoPerfil
FNDA:0,subirFotoPublicacion
FNDA:0,firmarRutas
FNDA:0,(anonymous_6)
FNDA:0,firmarMiniatura
FNDA:0,borrarFotoPerfil
DA:16,1
DA:17,1
DA:23,0
DA:28,0
DA:33,0
DA:34,0
DA:36,0
DA:40,0
DA:41,0
DA:45,0
DA:57,0
DA:70,0
DA:73,0
DA:75,0
DA:76,0
DA:80,0
DA:84,0
DA:85,0
DA:88,0
DA:89,0
DA:90,0
DA:92,0
DA:94,0
DA:95,0
DA:104,0
DA:105,0
DA:108,0
DA:109,0
DA:113,0
LF:29
LH:2
BRDA:40,0,0,0
BRDA:40,0,1,0
BRDA:73,1,0,0
BRDA:73,1,1,0
BRDA:80,2,0,0
BRDA:80,2,1,0
BRDA:89,3,0,0
BRDA:89,3,1,0
BRDA:90,4,0,0
BRDA:90,4,1,0
BRDA:90,5,0,0
BRDA:90,5,1,0
BRDA:104,6,0,0
BRDA:104,6,1,0
BRDA:108,7,0,0
BRDA:108,7,1,0
BRDA:109,8,0,0
BRDA:109,8,1,0
BRF:18
BRH:0
end_of_record
TN:
SF:src/lib/supabase.ts
FNF:0
FNH:0
DA:9,1
DA:11,1
DA:16,1
DA:22,1
DA:24,1
LF:5
LH:5
BRDA:9,0,0,1
BRDA:9,0,1,1
BRDA:11,1,0,1
BRDA:11,1,1,1
BRDA:16,2,0,1
BRDA:16,2,1,0
BRDA:25,3,0,1
BRDA:25,3,1,1
BRDA:26,4,0,1
BRDA:26,4,1,1
BRDA:29,5,0,0
BRDA:29,5,1,1
BRF:12
BRH:10
end_of_record
TN:
SF:src/services/publicaciones.service.ts
FN:19,textoParaEmbedding
FN:27,generarEmbeddingSeguro
FN:68,obtenerSugerencias
FN:75,(anonymous_3)
FN:88,obtenerPublicacionPublica
FN:99,listarMisPublicaciones
FN:109,obtenerMiPublicacion
FN:117,contarContactosRecibidos
FN:123,(anonymous_8)
FN:147,resolverFotos
FN:149,(anonymous_10)
FN:155,columnasComunes
FN:173,crearPublicacion
FN:214,actualizarPublicacion
FN:238,cambiarEstadoPublicacion
FN:248,reintentarGeocodingPendiente
FN:249,(anonymous_16)
FN:280,revelarContacto
FN:291,reportarPublicacion
FNF:19
FNH:2
FNDA:0,textoParaEmbedding
FNDA:0,generarEmbeddingSeguro
FNDA:7,obtenerSugerencias
FNDA:12,(anonymous_3)
FNDA:0,obtenerPublicacionPublica
FNDA:0,listarMisPublicaciones
FNDA:0,obtenerMiPublicacion
FNDA:0,contarContactosRecibidos
FNDA:0,(anonymous_8)
FNDA:0,resolverFotos
FNDA:0,(anonymous_10)
FNDA:0,columnasComunes
FNDA:0,crearPublicacion
FNDA:0,actualizarPublicacion
FNDA:0,cambiarEstadoPublicacion
FNDA:0,reintentarGeocodingPendiente
FNDA:0,(anonymous_16)
FNDA:0,revelarContacto
FNDA:0,reportarPublicacion
DA:20,0
DA:21,0
DA:32,0
DA:33,0
DA:35,0
DA:36,0
DA:69,7
DA:70,7
DA:72,6
DA:73,6
DA:75,12
DA:89,0
DA:94,0
DA:95,0
DA:100,0
DA:105,0
DA:106,0
DA:110,0
DA:111,0
DA:112,0
DA:118,0
DA:119,0
DA:120,0
DA:121,0
DA:123,0
DA:148,0
DA:150,0
DA:156,0
DA:176,0
DA:181,0
DA:194,0
DA:195,0
DA:197,0
DA:202,0
DA:204,0
DA:210,0
DA:211,0
DA:215,0
DA:220,0
DA:234,0
DA:235,0
DA:239,0
DA:240,0
DA:249,0
DA:250,0
DA:253,0
DA:254,0
DA:255,0
DA:256,0
DA:265,0
DA:267,0
DA:281,0
DA:285,0
DA:286,0
DA:292,0
DA:295,0
LF:56
LH:5
BRDA:21,0,0,0
BRDA:21,0,1,0
BRDA:68,1,0,0
BRDA:70,2,0,1
BRDA:70,2,1,6
BRDA:72,3,0,6
BRDA:72,3,1,1
BRDA:94,4,0,0
BRDA:94,4,1,0
BRDA:105,5,0,0
BRDA:105,5,1,0
BRDA:111,6,0,0
BRDA:111,6,1,0
BRDA:119,7,0,0
BRDA:119,7,1,0
BRDA:123,8,0,0
BRDA:123,8,1,0
BRDA:150,9,0,0
BRDA:150,9,1,0
BRDA:186,10,0,0
BRDA:186,10,1,0
BRDA:187,11,0,0
BRDA:187,11,1,0
BRDA:188,12,0,0
BRDA:188,12,1,0
BRDA:190,13,0,0
BRDA:190,13,1,0
BRDA:194,14,0,0
BRDA:194,14,1,0
BRDA:197,15,0,0
BRDA:197,15,1,0
BRDA:210,16,0,0
BRDA:210,16,1,0
BRDA:224,17,0,0
BRDA:224,17,1,0
BRDA:225,18,0,0
BRDA:225,18,1,0
BRDA:226,19,0,0
BRDA:226,19,1,0
BRDA:229,20,0,0
BRDA:229,20,1,0
BRDA:234,21,0,0
BRDA:234,21,1,0
BRDA:240,22,0,0
BRDA:240,22,1,0
BRDA:255,23,0,0
BRDA:255,23,1,0
BRDA:265,24,0,0
BRDA:265,24,1,0
BRDA:283,25,0,0
BRDA:283,25,1,0
BRDA:285,26,0,0
BRDA:285,26,1,0
BRDA:295,27,0,0
BRDA:295,27,1,0
BRF:55
BRH:4
end_of_record
TN:
SF:src/store/useChatStore.ts
FN:41,insertarOrdenado
FN:42,(anonymous_1)
FN:79,anotarUso
FN:84,(anonymous_3)
FN:93,(anonymous_4)
FN:99,(anonymous_5)
FN:100,(anonymous_6)
FN:102,(anonymous_7)
FN:111,(anonymous_8)
FN:112,(anonymous_9)
FN:114,(anonymous_10)
FN:123,(anonymous_11)
FN:124,(anonymous_12)
FN:131,(anonymous_13)
FN:132,(anonymous_14)
FN:137,(anonymous_15)
FN:145,(anonymous_16)
FN:146,(anonymous_17)
FN:163,(anonymous_18)
FN:164,(anonymous_19)
FN:168,(anonymous_20)
FN:169,(anonymous_21)
FN:186,(anonymous_22)
FN:187,(anonymous_23)
FN:189,(anonymous_24)
FN:190,(anonymous_25)
FN:193,marcarEnvio
FN:200,(anonymous_27)
FNF:28
FNH:24
FNDA:13,insertarOrdenado
FNDA:16,(anonymous_1)
FNDA:20,anotarUso
FNDA:18,(anonymous_3)
FNDA:1,(anonymous_4)
FNDA:9,(anonymous_5)
FNDA:9,(anonymous_6)
FNDA:5,(anonymous_7)
FNDA:0,(anonymous_8)
FNDA:0,(anonymous_9)
FNDA:0,(anonymous_10)
FNDA:8,(anonymous_11)
FNDA:8,(anonymous_12)
FNDA:1,(anonymous_13)
FNDA:1,(anonymous_14)
FNDA:1,(anonymous_15)
FNDA:4,(anonymous_16)
FNDA:4,(anonymous_17)
FNDA:1,(anonymous_18)
FNDA:1,(anonymous_19)
FNDA:1,(anonymous_20)
FNDA:0,(anonymous_21)
FNDA:2,(anonymous_22)
FNDA:2,(anonymous_23)
FNDA:1,(anonymous_24)
FNDA:1,(anonymous_25)
FNDA:3,marcarEnvio
FNDA:3,(anonymous_27)
DA:16,1
DA:19,1
DA:42,16
DA:43,13
DA:44,13
DA:45,13
DA:46,13
DA:47,3
DA:48,3
DA:49,2
DA:51,13
DA:84,20
DA:85,20
DA:86,20
DA:87,2
DA:88,2
DA:90,20
DA:93,1
DA:100,9
DA:101,9
DA:102,9
DA:103,8
DA:112,0
DA:113,0
DA:114,0
DA:115,0
DA:116,0
DA:117,0
DA:118,0
DA:124,8
DA:125,8
DA:132,1
DA:133,1
DA:134,1
DA:135,1
DA:137,1
DA:146,4
DA:147,4
DA:148,4
DA:157,4
DA:164,1
DA:165,1
DA:168,1
DA:169,1
DA:171,0
DA:178,1
DA:187,2
DA:190,1
DA:199,3
DA:200,3
DA:201,3
DA:202,3
DA:203,3
DA:204,3
LF:54
LH:46
BRDA:48,0,0,1
BRDA:48,0,1,2
BRDA:88,1,0,2
BRDA:88,1,1,0
BRDA:101,2,0,9
BRDA:101,2,1,4
BRDA:102,3,0,1
BRDA:102,3,1,8
BRDA:113,4,0,0
BRDA:113,4,1,0
BRDA:115,5,0,0
BRDA:115,5,1,0
BRDA:147,6,0,4
BRDA:147,6,1,4
BRDA:165,7,0,1
BRDA:165,7,1,0
BRDA:169,8,0,0
BRDA:169,8,1,1
BRDA:199,9,0,3
BRDA:199,9,1,0
BRDA:201,10,0,0
BRDA:201,10,1,3
BRF:22
BRH:13
end_of_record
TN:
SF:src/store/usePerfilStore.ts
FN:27,(anonymous_0)
FN:31,(anonymous_1)
FN:32,(anonymous_2)
FN:56,(anonymous_3)
FNF:4
FNH:3
FNDA:1,(anonymous_0)
FNDA:0,(anonymous_1)
FNDA:8,(anonymous_2)
FNDA:2,(anonymous_3)
DA:27,1
DA:31,0
DA:33,8
DA:34,8
DA:39,8
DA:41,7
DA:45,2
DA:46,2
DA:47,2
DA:50,5
DA:52,1
DA:53,1
DA:57,2
DA:66,2
DA:67,1
LF:15
LH:14
BRDA:41,0,0,2
BRDA:41,0,1,5
BRDA:66,1,0,1
BRDA:66,1,1,1
BRDA:67,2,0,1
BRDA:67,2,1,0
BRF:6
BRH:5
end_of_record
