TN:
SF:src/services/mensajes.service.ts
FN:24,abrirConversacion
FN:38,listarMensajes
FN:50,enviarMensaje
FN:63,marcarConversacionComoLeida
FN:85,listarConversaciones
FN:96,(anonymous_5)
FN:97,(anonymous_6)
FN:111,(anonymous_7)
FN:122,(anonymous_8)
FN:152,suscribirseAConversacion
FN:162,(anonymous_10)
FN:165,(anonymous_11)
FN:170,(anonymous_12)
FN:177,suscribirseAMisChats
FN:184,(anonymous_14)
FNF:15
FNH:0
FNDA:0,abrirConversacion
FNDA:0,listarMensajes
FNDA:0,enviarMensaje
FNDA:0,marcarConversacionComoLeida
FNDA:0,listarConversaciones
FNDA:0,(anonymous_5)
FNDA:0,(anonymous_6)
FNDA:0,(anonymous_7)
FNDA:0,(anonymous_8)
FNDA:0,suscribirseAConversacion
FNDA:0,(anonymous_10)
FNDA:0,(anonymous_11)
FNDA:0,(anonymous_12)
FNDA:0,suscribirseAMisChats
FNDA:0,(anonymous_14)
DA:13,0
DA:25,0
DA:26,0
DA:27,0
DA:39,0
DA:46,0
DA:47,0
DA:51,0
DA:56,0
DA:57,0
DA:64,0
DA:70,0
DA:86,0
DA:91,0
DA:93,0
DA:94,0
DA:96,0
DA:97,0
DA:99,0
DA:111,0
DA:112,0
DA:113,0
DA:115,0
DA:116,0
DA:117,0
DA:118,0
DA:122,0
DA:123,0
DA:124,0
DA:125,0
DA:156,0
DA:157,0
DA:163,0
DA:166,0
DA:170,0
DA:171,0
DA:178,0
DA:184,0
DA:185,0
LF:39
LH:0
BRDA:26,0,0,0
BRDA:26,0,1,0
BRDA:43,1,0,0
BRDA:43,1,1,0
BRDA:46,2,0,0
BRDA:46,2,1,0
BRDA:56,3,0,0
BRDA:56,3,1,0
BRDA:70,4,0,0
BRDA:70,4,1,0
BRDA:85,5,0,0
BRDA:91,6,0,0
BRDA:91,6,1,0
BRDA:93,7,0,0
BRDA:93,7,1,0
BRDA:94,8,0,0
BRDA:94,8,1,0
BRDA:97,9,0,0
BRDA:97,9,1,0
BRDA:111,10,0,0
BRDA:111,10,1,0
BRDA:115,11,0,0
BRDA:115,11,1,0
BRDA:116,12,0,0
BRDA:116,12,1,0
BRDA:117,13,0,0
BRDA:117,13,1,0
BRDA:117,14,0,0
BRDA:117,14,1,0
BRDA:118,15,0,0
BRDA:118,15,1,0
BRDA:123,16,0,0
BRDA:123,16,1,0
BRDA:131,17,0,0
BRDA:131,17,1,0
BRDA:132,18,0,0
BRDA:132,18,1,0
BRDA:134,19,0,0
BRDA:134,19,1,0
BRDA:135,20,0,0
BRDA:135,20,1,0
BRF:41
BRH:0
end_of_record
TN:
SF:src/services/publicaciones.service.ts
FN:18,textoParaEmbedding
FN:26,generarEmbeddingSeguro
FN:67,obtenerSugerencias
FN:74,(anonymous_3)
FN:87,obtenerPublicacionPublica
FN:98,listarMisPublicaciones
FN:108,obtenerMiPublicacion
FN:116,contarContactosRecibidos
FN:122,(anonymous_8)
FN:146,resolverFotos
FN:148,(anonymous_10)
FN:154,columnasComunes
FN:172,crearPublicacion
FN:213,actualizarPublicacion
FN:237,cambiarEstadoPublicacion
FN:247,reintentarGeocodingPendiente
FN:248,(anonymous_16)
FN:279,revelarContacto
FN:290,reportarPublicacion
FNF:19
FNH:2
FNDA:0,textoParaEmbedding
FNDA:0,generarEmbeddingSeguro
FNDA:7,obtenerSugerencias
FNDA:12,(anonymous_3)
FNDA:0,obtenerPublicacionPublica
FNDA:0,listarMisPublicaciones
FNDA:0,obtenerMiPublicacion
FNDA:0,contarContactosRecibidos
FNDA:0,(anonymous_8)
FNDA:0,resolverFotos
FNDA:0,(anonymous_10)
FNDA:0,columnasComunes
FNDA:0,crearPublicacion
FNDA:0,actualizarPublicacion
FNDA:0,cambiarEstadoPublicacion
FNDA:0,reintentarGeocodingPendiente
FNDA:0,(anonymous_16)
FNDA:0,revelarContacto
FNDA:0,reportarPublicacion
DA:19,0
DA:20,0
DA:31,0
DA:32,0
DA:34,0
DA:35,0
DA:68,7
DA:69,7
DA:71,6
DA:72,6
DA:74,12
DA:88,0
DA:93,0
DA:94,0
DA:99,0
DA:104,0
DA:105,0
DA:109,0
DA:110,0
DA:111,0
DA:117,0
DA:118,0
DA:119,0
DA:120,0
DA:122,0
DA:147,0
DA:149,0
DA:155,0
DA:175,0
DA:180,0
DA:193,0
DA:194,0
DA:196,0
DA:201,0
DA:203,0
DA:209,0
DA:210,0
DA:214,0
DA:219,0
DA:233,0
DA:234,0
DA:238,0
DA:239,0
DA:248,0
DA:249,0
DA:252,0
DA:253,0
DA:254,0
DA:255,0
DA:264,0
DA:266,0
DA:280,0
DA:284,0
DA:285,0
DA:291,0
DA:294,0
LF:56
LH:5
BRDA:20,0,0,0
BRDA:20,0,1,0
BRDA:67,1,0,0
BRDA:69,2,0,1
BRDA:69,2,1,6
BRDA:71,3,0,6
BRDA:71,3,1,1
BRDA:93,4,0,0
BRDA:93,4,1,0
BRDA:104,5,0,0
BRDA:104,5,1,0
BRDA:110,6,0,0
BRDA:110,6,1,0
BRDA:118,7,0,0
BRDA:118,7,1,0
BRDA:122,8,0,0
BRDA:122,8,1,0
BRDA:149,9,0,0
BRDA:149,9,1,0
BRDA:185,10,0,0
BRDA:185,10,1,0
BRDA:186,11,0,0
BRDA:186,11,1,0
BRDA:187,12,0,0
BRDA:187,12,1,0
BRDA:189,13,0,0
BRDA:189,13,1,0
BRDA:193,14,0,0
BRDA:193,14,1,0
BRDA:196,15,0,0
BRDA:196,15,1,0
BRDA:209,16,0,0
BRDA:209,16,1,0
BRDA:223,17,0,0
BRDA:223,17,1,0
BRDA:224,18,0,0
BRDA:224,18,1,0
BRDA:225,19,0,0
BRDA:225,19,1,0
BRDA:228,20,0,0
BRDA:228,20,1,0
BRDA:233,21,0,0
BRDA:233,21,1,0
BRDA:239,22,0,0
BRDA:239,22,1,0
BRDA:254,23,0,0
BRDA:254,23,1,0
BRDA:264,24,0,0
BRDA:264,24,1,0
BRDA:282,25,0,0
BRDA:282,25,1,0
BRDA:284,26,0,0
BRDA:284,26,1,0
BRDA:294,27,0,0
BRDA:294,27,1,0
BRF:55
BRH:4
end_of_record
TN:
SF:src/services/roomies.service.ts
FN:20,listarRoomiesSugeridos
FN:26,obtenerMiRoomie
FN:36,vectorDeBusquedaSeguro
FN:47,guardarMiRoomie
FNF:4
FNH:0
FNDA:0,listarRoomiesSugeridos
FNDA:0,obtenerMiRoomie
FNDA:0,vectorDeBusquedaSeguro
FNDA:0,guardarMiRoomie
DA:21,0
DA:22,0
DA:23,0
DA:27,0
DA:28,0
DA:29,0
DA:37,0
DA:38,0
DA:40,0
DA:41,0
DA:51,0
DA:53,0
DA:67,0
DA:68,0
LF:14
LH:0
BRDA:20,0,0,0
BRDA:22,1,0,0
BRDA:22,1,1,0
BRDA:23,2,0,0
BRDA:23,2,1,0
BRDA:28,3,0,0
BRDA:28,3,1,0
BRDA:59,4,0,0
BRDA:59,4,1,0
BRDA:61,5,0,0
BRDA:61,5,1,0
BRDA:67,6,0,0
BRDA:67,6,1,0
BRF:13
BRH:0
end_of_record
TN:
SF:src/services/usuarios.service.ts
FN:19,obtenerPerfilPublico
FN:29,obtenerPerfilesPublicos
FN:36,reportarUsuario
FN:48,exportarMisDatos
FN:59,eliminarMiCuenta
FNF:5
FNH:0
FNDA:0,obtenerPerfilPublico
FNDA:0,obtenerPerfilesPublicos
FNDA:0,reportarUsuario
FNDA:0,exportarMisDatos
FNDA:0,eliminarMiCuenta
DA:20,0
DA:25,0
DA:26,0
DA:30,0
DA:31,0
DA:32,0
DA:33,0
DA:37,0
DA:40,0
DA:49,0
DA:50,0
DA:51,0
DA:60,0
DA:61,0
DA:62,0
LF:15
LH:0
BRDA:25,0,0,0
BRDA:25,0,1,0
BRDA:30,1,0,0
BRDA:30,1,1,0
BRDA:32,2,0,0
BRDA:32,2,1,0
BRDA:33,3,0,0
BRDA:33,3,1,0
BRDA:40,4,0,0
BRDA:40,4,1,0
BRDA:50,5,0,0
BRDA:50,5,1,0
BRDA:61,6,0,0
BRDA:61,6,1,0
BRF:14
BRH:0
end_of_record
